#
# A fatal error has been detected by the Java Runtime Environment:
#
#  EXCEPTION_ACCESS_VIOLATION (0xc0000005) at pc=0x00007ffe4286bc8a, pid=28884, tid=28592
#
# JRE version: OpenJDK Runtime Environment Temurin-17.0.1+12 (17.0.1+12) (build 17.0.1+12)
# Java VM: OpenJDK 64-Bit Server VM Temurin-17.0.1+12 (17.0.1+12, mixed mode, emulated-client, tiered, compressed oops, compressed class ptrs, g1 gc, windows-amd64)
# Problematic frame:
# V  [jvm.dll+0x79bc8a]
#
# No core dump will be written. Minidumps are not enabled by default on client versions of Windows
#
# If you would like to submit a bug report, please visit:
#   https://github.com/adoptium/adoptium-support/issues
#

---------------  S U M M A R Y ------------

Command Line: -XX:+ShowCodeDetailsInExceptionMessages -agentlib:jdwp=transport=dt_socket,suspend=y,address=localhost:57054 -Dcom.sun.management.jmxremote -Dcom.sun.management.jmxremote.port=57053 -Dcom.sun.management.jmxremote.authenticate=false -Dcom.sun.management.jmxremote.ssl=false -Djava.rmi.server.hostname=localhost -Dspring.jmx.enabled=true -Dspring.application.admin.enabled=true -XX:TieredStopAtLevel=1 -Dspring.boot.project.name=CST339 -javaagent:C:\Users\donald\Downloads\sts-4.13.1.RELEASE\configuration\org.eclipse.osgi\262\0\.cp\lib\javaagent-shaded.jar -Dfile.encoding=UTF-8 com.gcu.ClcProjectApplication --spring.output.ansi.enabled=always

Host: Intel(R) Core(TM) i7-8809G CPU @ 3.10GHz, 8 cores, 31G,  Windows 10 , 64 bit Build 19041 (10.0.19041.1566)
Time: Sun Apr  3 00:55:18 2022 US Mountain Standard Time elapsed time: 44.036161 seconds (0d 0h 0m 44s)

---------------  T H R E A D  ---------------

Current thread (0x0000010e1ee7e8c0):  JavaThread "JDWP Transport Listener: dt_socket" daemon [_thread_in_vm, id=28592, stack(0x000000015ca00000,0x000000015cb00000)]

Stack: [0x000000015ca00000,0x000000015cb00000],  sp=0x000000015caff720,  free space=1021k
Native frames: (J=compiled Java code, j=interpreted, Vv=VM code, C=native code)
V  [jvm.dll+0x79bc8a]
V  [jvm.dll+0x507e6c]
V  [jvm.dll+0x4cf4d4]
C  [jdwp.dll+0x22dff]


siginfo: EXCEPTION_ACCESS_VIOLATION (0xc0000005), reading address 0x00000000008c00b4


Register to memory mapping:

RIP=0x00007ffe4286bc8a jvm.dll
RAX=0x00000000000000ca is an unknown value
RBX=0x0000010e1e05bbd5 points into unknown readable memory: 4d 6f 64
RCX=0x00000000008c00b0 is an unknown value
RDX=0x0000010e22c3c440 points into unknown readable memory: 0x7563672f6d6f634c | 4c 63 6f 6d 2f 67 63 75
RSP=0x000000015caff720 is pointing into the stack for thread: 0x0000010e1ee7e8c0
RBP=0x0000010e1ee94290 points into unknown readable memory: 0x0000001700000002 | 02 00 00 00 17 00 00 00
RSI=0x0 is NULL
RDI=0xffffffffffffffff is an unknown value
R8 =0x0000000000000012 is an unknown value
R9 =0x0000000000000040 is an unknown value
R10=0x0 is NULL
R11=0x000000015caff740 is pointing into the stack for thread: 0x0000010e1ee7e8c0
R12=0x000000015caff878 is pointing into the stack for thread: 0x0000010e1ee7e8c0
R13=0x0 is NULL
R14=0x0000000800421428 is a pointer to class: 
com.gcu.data.PostDataAccessService {0x0000000800421430}
 - instance size:     3
 - klass size:        81
 - access:            public synchronized 
 - state:             fully_initialized
 - name:              'com/gcu/data/PostDataAccessService'
 - super:             'java/lang/Object'
 - sub:               
 - arrays:            NULL
 - methods:           Array<T>(0x0000010e23e92b70)
 - method ordering:   Array<T>(0x0000010e23e93550)
 - default_methods:   Array<T>(0x0000000000000000)
 - local interfaces:  Array<T>(0x0000010e221c70d0)
 - trans. interfaces: Array<T>(0x0000010e221c70d0)
 - constants:         constant pool [210] {0x0000010e23e93730} for 'com/gcu/data/PostDataAccessService' cache=0x0000010e241a8ec0
 - class loader data:  loader data: 0x0000010e20569470 for instance a 'org/springframework/boot/devtools/restart/classloader/RestartClassLoader'{0x0000000601c01838}
 - source file:       'PostDataAccessService.java'
 - source debug extension:       SMAP
PostDataAccessService.java
Java
*S jdt
*F
1 PostDataAccessService.java
2 file:/C:/Users/donald/Documents/workspaceCST-339/CST339/target/classes/
*L
*E

 - class annotations:       Array<T>(0x0000010e23e93518)
 - class type annotations:  Array<T>(0x0000000000000000)
 - field annotations:       Array<T>(0x0000010e23e92b28)
 - field type annotations:  Array<T>(0x0000000000000000)
 - generic signature: '
[error occurred during error reporting (printing register info), id 0xc0000005, EXCEPTION_ACCESS_VIOLATION (0xc0000005) at pc=0x00007ffe4286c896]

Registers:
RAX=0x00000000000000ca, RBX=0x0000010e1e05bbd5, RCX=0x00000000008c00b0, RDX=0x0000010e22c3c440
RSP=0x000000015caff720, RBP=0x0000010e1ee94290, RSI=0x0000000000000000, RDI=0xffffffffffffffff
R8 =0x0000000000000012, R9 =0x0000000000000040, R10=0x0000000000000000, R11=0x000000015caff740
R12=0x000000015caff878, R13=0x0000000000000000, R14=0x0000000800421428, R15=0x000000015caff8c8
RIP=0x00007ffe4286bc8a, EFLAGS=0x0000000000010202

Top of Stack: (sp=0x000000015caff720)
0x000000015caff720:   0000000000000022 0000000800421428
0x000000015caff730:   0000010e1ee7e8c0 0000000000000000
0x000000015caff740:   ffffffffffffffff 00007ffe425d7e6c
0x000000015caff750:   0000010e1e05bbd5 0000010e1e05bbb0
0x000000015caff760:   0000010e1ee94290 0000010e20b139f0
0x000000015caff770:   0000010e1e05bb70 00000000000003d8
0x000000015caff780:   0000010e1e05bb80 0000010e1e05bf58
0x000000015caff790:   0000000000000002 000000015caff878
0x000000015caff7a0:   0000000000000000 0000000000000000
0x000000015caff7b0:   00000006021a99a8 00007ffe4259f4d4
0x000000015caff7c0:   0000010e1ee7e8c0 000000015caff8c8
0x000000015caff7d0:   0000010e01e2c3f0 000000015caff8c8
0x000000015caff7e0:   0000010e1ee7e8c0 0000000000000000
0x000000015caff7f0:   0000010e00000000 0000000000000000
0x000000015caff800:   000000000000000d 00007ffe77032dff
0x000000015caff810:   000000015caff8c0 00007ffe77041aa0 

Instructions: (pc=0x00007ffe4286bc8a)
0x00007ffe4286bb8a:   48 83 c4 20 5f e9 3c a2 90 ff cc cc cc cc cc cc
0x00007ffe4286bb9a:   cc cc cc cc cc cc 48 89 5c 24 08 57 48 83 ec 20
0x00007ffe4286bbaa:   83 fa 02 8d 42 06 b9 08 00 00 00 49 8b d8 0f 4e
0x00007ffe4286bbba:   c1 48 63 c8 48 83 c1 07 83 e1 f8 48 63 f9 49 8b
0x00007ffe4286bbca:   48 18 48 8b c7 48 f7 d0 48 3b c1 73 16 4c 8d 05
0x00007ffe4286bbda:   5a 55 17 00 48 8b d7 48 8b cb e8 47 05 91 ff 48
0x00007ffe4286bbea:   8b 4b 18 48 8d 04 39 48 3b 43 20 76 18 45 33 c0
0x00007ffe4286bbfa:   48 8b d7 48 8b cb 48 8b 5c 24 30 48 83 c4 20 5f
0x00007ffe4286bc0a:   e9 a1 01 91 ff 48 89 43 18 48 8b c1 48 8b 5c 24
0x00007ffe4286bc1a:   30 48 83 c4 20 5f c3 cc cc cc cc cc cc cc cc cc
0x00007ffe4286bc2a:   cc cc cc cc cc cc 4c 8b d2 4c 8b d9 45 85 c0 7e
0x00007ffe4286bc3a:   3c 44 0f b7 49 04 41 8d 40 ff 41 3b c1 44 0f 4c
0x00007ffe4286bc4a:   c8 4d 63 c1 45 85 c9 7e 1f 48 8b c2 4c 2b da 49
0x00007ffe4286bc5a:   8b d0 0f 1f 40 00 41 0f b6 4c 03 06 88 08 48 8d
0x00007ffe4286bc6a:   40 01 48 83 ea 01 75 ee 43 c6 04 10 00 49 8b c2
0x00007ffe4286bc7a:   c3 cc cc cc cc cc 48 89 5c 24 08 57 48 83 ec 20
0x00007ffe4286bc8a:   0f b7 59 04 48 8b f9 33 d2 48 8d 4b 01 e8 24 e8
0x00007ffe4286bc9a:   f2 ff 0f b7 57 04 4c 8b c0 3b da 0f 42 d3 44 8b
0x00007ffe4286bcaa:   ca 85 d2 74 39 48 2b f8 0f 1f 40 00 66 66 0f 1f
0x00007ffe4286bcba:   84 00 00 00 00 00 0f b6 4c 07 06 88 08 48 ff c0
0x00007ffe4286bcca:   48 8b c8 49 2b c8 49 3b c9 7c eb 42 c6 04 02 00
0x00007ffe4286bcda:   49 8b c0 48 8b 5c 24 30 48 83 c4 20 5f c3 48 8b
0x00007ffe4286bcea:   5c 24 30 c6 04 02 00 48 83 c4 20 5f c3 cc cc cc
0x00007ffe4286bcfa:   cc cc cc cc cc cc 4c 8b d1 45 85 c0 7e 6c 44 0f
0x00007ffe4286bd0a:   b7 49 04 41 8d 40 ff 41 3b c1 44 0f 4c c8 4d 63
0x00007ffe4286bd1a:   d9 45 85 c9 7e 22 48 8b ca 4c 2b d2 4d 8b c3 0f
0x00007ffe4286bd2a:   1f 80 00 00 00 00 41 0f b6 44 0a 06 88 01 48 8d
0x00007ffe4286bd3a:   49 01 49 83 e8 01 75 ee 41 c6 04 13 00 48 c7 c0
0x00007ffe4286bd4a:   ff ff ff ff 66 90 48 ff c0 80 3c 02 00 75 f7 48
0x00007ffe4286bd5a:   63 c8 85 c0 48 8b c2 7e 14 80 38 2f 75 03 c6 00
0x00007ffe4286bd6a:   2e 48 ff c0 48 83 e9 01 75 ef 48 8b c2 c3 cc cc
0x00007ffe4286bd7a:   cc cc cc cc cc cc 48 83 ec 28 e8 f7 fe ff ff 4c 


Stack slot to memory mapping:
stack at sp + 0 slots: 0x0000000000000022 is an unknown value
stack at sp + 1 slots: 0x0000000800421428 is a pointer to class: 
com.gcu.data.PostDataAccessService {0x0000000800421430}
 - instance size:     3
 - klass size:        81
 - access:            public synchronized 
 - state:             fully_initialized
 - name:              'com/gcu/data/PostDataAccessService'
 - super:             'java/lang/Object'
 - sub:               
 - arrays:            NULL
 - methods:           Array<T>(0x0000010e23e92b70)
 - method ordering:   Array<T>(0x0000010e23e93550)
 - default_methods:   Array<T>(0x0000000000000000)
 - local interfaces:  Array<T>(0x0000010e221c70d0)
 - trans. interfaces: Array<T>(0x0000010e221c70d0)
 - constants:         constant pool [210] {0x0000010e23e93730} for 'com/gcu/data/PostDataAccessService' cache=0x0000010e241a8ec0
 - class loader data:  loader data: 0x0000010e20569470 for instance a 'org/springframework/boot/devtools/restart/classloader/RestartClassLoader'{0x0000000601c01838}
 - source file:       'PostDataAccessService.java'
 - source debug extension:       SMAP
PostDataAccessService.java
Java
*S jdt
*F
1 PostDataAccessService.java
2 file:/C:/Users/donald/Documents/workspaceCST-339/CST339/target/classes/
*L
*E

 - class annotations:       Array<T>(0x0000010e23e93518)
 - class type annotations:  Array<T>(0x0000000000000000)
 - field annotations:       Array<T>(0x0000010e23e92b28)
 - field type annotations:  Array<T>(0x0000000000000000)
 - generic signature: '
[error occurred during error reporting (inspecting top of stack), id 0xc0000005, EXCEPTION_ACCESS_VIOLATION (0xc0000005) at pc=0x00007ffe4286c896]


---------------  P R O C E S S  ---------------

Threads class SMR info:
_java_thread_list=0x0000010e2334bc80, length=40, elements={
0x0000010e1ec31520, 0x0000010e1ec322a0, 0x0000010e1ec87020, 0x0000010e1ec89bb0,
0x0000010e1ec8b480, 0x0000010e1ec94980, 0x0000010e1ec99b60, 0x0000010e1ec9ac80,
0x0000010e1e023010, 0x0000010e1ee7e8c0, 0x0000010e1ee99290, 0x0000010e1ee99780,
0x0000010e1f5c6a50, 0x0000010e1f88fa60, 0x0000010e1f870b40, 0x0000010e1f8ab610,
0x0000010e205d11f0, 0x0000010e205f7450, 0x0000010e20612120, 0x0000010e205c83c0,
0x0000010e205c6210, 0x0000010e205c5870, 0x0000010e205c66e0, 0x0000010e205c6bb0,
0x0000010e205c7080, 0x0000010e23375ad0, 0x0000010e23374790, 0x0000010e23376470,
0x0000010e23375fa0, 0x0000010e233777b0, 0x0000010e23376940, 0x0000010e23376e10,
0x0000010e233772e0, 0x0000010e23377c80, 0x0000010e233742c0, 0x0000010e23374c60,
0x0000010e23375130, 0x0000010e23375600, 0x0000010e233a6230, 0x0000010e233a70a0
}

Java Threads: ( => current thread )
  0x0000010e1ec31520 JavaThread "Reference Handler" daemon [_thread_blocked, id=28408, stack(0x000000015c000000,0x000000015c100000)]
  0x0000010e1ec322a0 JavaThread "Finalizer" daemon [_thread_blocked, id=28292, stack(0x000000015c100000,0x000000015c200000)]
  0x0000010e1ec87020 JavaThread "Signal Dispatcher" daemon [_thread_blocked, id=28840, stack(0x000000015c200000,0x000000015c300000)]
  0x0000010e1ec89bb0 JavaThread "Attach Listener" daemon [_thread_blocked, id=7936, stack(0x000000015c300000,0x000000015c400000)]
  0x0000010e1ec8b480 JavaThread "Service Thread" daemon [_thread_blocked, id=29308, stack(0x000000015c400000,0x000000015c500000)]
  0x0000010e1ec94980 JavaThread "Monitor Deflation Thread" daemon [_thread_blocked, id=29100, stack(0x000000015c500000,0x000000015c600000)]
  0x0000010e1ec99b60 JavaThread "C1 CompilerThread0" daemon [_thread_blocked, id=28296, stack(0x000000015c600000,0x000000015c700000)]
  0x0000010e1ec9ac80 JavaThread "Sweeper thread" daemon [_thread_blocked, id=26496, stack(0x000000015c700000,0x000000015c800000)]
  0x0000010e1e023010 JavaThread "Common-Cleaner" daemon [_thread_blocked, id=6000, stack(0x000000015c800000,0x000000015c900000)]
=>0x0000010e1ee7e8c0 JavaThread "JDWP Transport Listener: dt_socket" daemon [_thread_in_vm, id=28592, stack(0x000000015ca00000,0x000000015cb00000)]
  0x0000010e1ee99290 JavaThread "JDWP Event Helper Thread" daemon [_thread_blocked, id=24796, stack(0x000000015cb00000,0x000000015cc00000)]
  0x0000010e1ee99780 JavaThread "JDWP Command Reader" daemon [_thread_in_native, id=28832, stack(0x000000015cc00000,0x000000015cd00000)]
  0x0000010e1f5c6a50 JavaThread "Notification Thread" daemon [_thread_blocked, id=13296, stack(0x000000015cd00000,0x000000015ce00000)]
  0x0000010e1f88fa60 JavaThread "RMI TCP Accept-0" daemon [_thread_in_native, id=26140, stack(0x000000015cf00000,0x000000015d000000)]
  0x0000010e1f870b40 JavaThread "RMI TCP Accept-57053" daemon [_thread_in_native, id=13464, stack(0x000000015d000000,0x000000015d100000)]
  0x0000010e1f8ab610 JavaThread "RMI TCP Accept-0" daemon [_thread_in_native, id=26128, stack(0x000000015d100000,0x000000015d200000)]
  0x0000010e205d11f0 JavaThread "RMI TCP Connection(idle)" daemon [_thread_blocked, id=22460, stack(0x000000015de00000,0x000000015df00000)]
  0x0000010e205f7450 JavaThread "RMI Scheduler(0)" daemon [_thread_blocked, id=28040, stack(0x000000015df00000,0x000000015e000000)]
  0x0000010e20612120 JavaThread "RMI TCP Connection(idle)" daemon [_thread_blocked, id=25716, stack(0x000000015e000000,0x000000015e100000)]
  0x0000010e205c83c0 JavaThread "JMX server connection timeout 28" daemon [_thread_blocked, id=28464, stack(0x000000015e100000,0x000000015e200000)]
  0x0000010e205c6210 JavaThread "Catalina-utility-1" [_thread_blocked, id=15328, stack(0x000000015e300000,0x000000015e400000)]
  0x0000010e205c5870 JavaThread "Catalina-utility-2" [_thread_blocked, id=2972, stack(0x000000015e400000,0x000000015e500000)]
  0x0000010e205c66e0 JavaThread "container-0" [_thread_blocked, id=25500, stack(0x000000015e500000,0x000000015e600000)]
  0x0000010e205c6bb0 JavaThread "mysql-cj-abandoned-connection-cleanup" daemon [_thread_blocked, id=26936, stack(0x000000015e600000,0x000000015e700000)]
  0x0000010e205c7080 JavaThread "HikariPool-1 housekeeper" daemon [_thread_blocked, id=27672, stack(0x000000015e800000,0x000000015e900000)]
  0x0000010e23375ad0 JavaThread "File Watcher" daemon [_thread_blocked, id=29556, stack(0x000000015ea00000,0x000000015eb00000)]
  0x0000010e23374790 JavaThread "Live Reload Server" daemon [_thread_in_native, id=8664, stack(0x000000015ec00000,0x000000015ed00000)]
  0x0000010e23376470 JavaThread "http-nio-8080-exec-1" daemon [_thread_blocked, id=28904, stack(0x000000015eb00000,0x000000015ec00000)]
  0x0000010e23375fa0 JavaThread "http-nio-8080-exec-2" daemon [_thread_blocked, id=23128, stack(0x000000015ed00000,0x000000015ee00000)]
  0x0000010e233777b0 JavaThread "http-nio-8080-exec-3" daemon [_thread_blocked, id=28720, stack(0x000000015ee00000,0x000000015ef00000)]
  0x0000010e23376940 JavaThread "http-nio-8080-exec-4" daemon [_thread_blocked, id=27764, stack(0x000000015ef00000,0x000000015f000000)]
  0x0000010e23376e10 JavaThread "http-nio-8080-exec-5" daemon [_thread_blocked, id=28012, stack(0x000000015f000000,0x000000015f100000)]
  0x0000010e233772e0 JavaThread "http-nio-8080-exec-6" daemon [_thread_blocked, id=29028, stack(0x000000015f100000,0x000000015f200000)]
  0x0000010e23377c80 JavaThread "http-nio-8080-exec-7" daemon [_thread_blocked, id=24788, stack(0x000000015f200000,0x000000015f300000)]
  0x0000010e233742c0 JavaThread "http-nio-8080-exec-8" daemon [_thread_blocked, id=2528, stack(0x000000015f300000,0x000000015f400000)]
  0x0000010e23374c60 JavaThread "http-nio-8080-exec-9" daemon [_thread_blocked, id=25408, stack(0x000000015f400000,0x000000015f500000)]
  0x0000010e23375130 JavaThread "http-nio-8080-exec-10" daemon [_thread_blocked, id=3596, stack(0x000000015f500000,0x000000015f600000)]
  0x0000010e23375600 JavaThread "http-nio-8080-Poller" daemon [_thread_in_native, id=25996, stack(0x000000015f600000,0x000000015f700000)]
  0x0000010e233a6230 JavaThread "http-nio-8080-Acceptor" daemon [_thread_in_native, id=22032, stack(0x000000015f700000,0x000000015f800000)]
  0x0000010e233a70a0 JavaThread "DestroyJavaVM" [_thread_blocked, id=18864, stack(0x000000015b900000,0x000000015ba00000)]

Other Threads:
  0x0000010e1ec284c0 VMThread "VM Thread" [stack: 0x000000015bf00000,0x000000015c000000] [id=3108]
  0x0000010e1f8a8ea0 WatcherThread [stack: 0x000000015d200000,0x000000015d300000] [id=28048]
  0x0000010e01eb6ee0 GCTaskThread "GC Thread#0" [stack: 0x000000015ba00000,0x000000015bb00000] [id=29532]
  0x0000010e1fa229f0 GCTaskThread "GC Thread#1" [stack: 0x000000015d300000,0x000000015d400000] [id=27324]
  0x0000010e1fa22ca0 GCTaskThread "GC Thread#2" [stack: 0x000000015d400000,0x000000015d500000] [id=19092]
  0x0000010e1fa22f50 GCTaskThread "GC Thread#3" [stack: 0x000000015d500000,0x000000015d600000] [id=26108]
  0x0000010e1f8b1d00 GCTaskThread "GC Thread#4" [stack: 0x000000015d600000,0x000000015d700000] [id=28060]
  0x0000010e1f8b1fb0 GCTaskThread "GC Thread#5" [stack: 0x000000015d700000,0x000000015d800000] [id=19708]
  0x0000010e1f8b2260 GCTaskThread "GC Thread#6" [stack: 0x000000015d800000,0x000000015d900000] [id=27640]
  0x0000010e1f8b2510 GCTaskThread "GC Thread#7" [stack: 0x000000015d900000,0x000000015da00000] [id=24220]
  0x0000010e01ec8420 ConcurrentGCThread "G1 Main Marker" [stack: 0x000000015bb00000,0x000000015bc00000] [id=25584]
  0x0000010e01ec8d40 ConcurrentGCThread "G1 Conc#0" [stack: 0x000000015bc00000,0x000000015bd00000] [id=23828]
  0x0000010e2077d430 ConcurrentGCThread "G1 Conc#1" [stack: 0x000000015e200000,0x000000015e300000] [id=8792]
  0x0000010e1def44f0 ConcurrentGCThread "G1 Refine#0" [stack: 0x000000015bd00000,0x000000015be00000] [id=10584]
  0x0000010e1fa6be50 ConcurrentGCThread "G1 Refine#1" [stack: 0x000000015da00000,0x000000015db00000] [id=26544]
  0x0000010e1def4e20 ConcurrentGCThread "G1 Service" [stack: 0x000000015be00000,0x000000015bf00000] [id=27920]

Threads with active compile tasks:

VM state: not at safepoint (normal execution)

VM Mutex/Monitor currently owned by a thread: None

Heap address: 0x0000000601400000, size: 8172 MB, Compressed Oops mode: Zero based, Oop shift amount: 3

CDS archive(s) not mapped
Compressed class space mapped at: 0x0000000800000000-0x0000000840000000, reserved size: 1073741824
Narrow klass base: 0x0000000800000000, Narrow klass shift: 0, Narrow klass range: 0x40000000

GC Precious Log:
 CPUs: 8 total, 8 available
 Memory: 32686M
 Large Page Support: Disabled
 NUMA Support: Disabled
 Compressed Oops: Enabled (Zero based)
 Heap Region Size: 4M
 Heap Min Capacity: 8M
 Heap Initial Capacity: 512M
 Heap Max Capacity: 8172M
 Pre-touch: Disabled
 Parallel Workers: 8
 Concurrent Workers: 2
 Concurrent Refinement Workers: 8
 Periodic GC: Disabled

Heap:
 garbage-first heap   total 303104K, used 160768K [0x0000000601400000, 0x0000000800000000)
  region size 4096K, 37 young (151552K), 1 survivors (4096K)
 Metaspace       used 52746K, committed 53184K, reserved 1097728K
  class space    used 6530K, committed 6720K, reserved 1048576K

Heap Regions: E=young(eden), S=young(survivor), O=old, HS=humongous(starts), HC=humongous(continues), CS=collection set, F=free, OA=open archive, CA=closed archive, TAMS=top-at-mark-start (previous, next)
|   0|0x0000000601400000, 0x0000000601800000, 0x0000000601800000|100%| O|  |TAMS 0x0000000601800000, 0x0000000601400000| Untracked 
|   1|0x0000000601800000, 0x0000000601800000, 0x0000000601c00000|  0%| F|  |TAMS 0x0000000601800000, 0x0000000601800000| Untracked 
|   2|0x0000000601c00000, 0x0000000602000000, 0x0000000602000000|100%| O|  |TAMS 0x0000000602000000, 0x0000000601c00000| Untracked 
|   3|0x0000000602000000, 0x0000000602400000, 0x0000000602400000|100%| O|  |TAMS 0x0000000602000000, 0x0000000602000000| Untracked 
|   4|0x0000000602400000, 0x000000060251be00, 0x0000000602800000| 27%| O|  |TAMS 0x0000000602400000, 0x0000000602400000| Untracked 
|   5|0x0000000602800000, 0x0000000602800000, 0x0000000602c00000|  0%| F|  |TAMS 0x0000000602800000, 0x0000000602800000| Untracked 
|   6|0x0000000602c00000, 0x0000000602c00000, 0x0000000603000000|  0%| F|  |TAMS 0x0000000602c00000, 0x0000000602c00000| Untracked 
|   7|0x0000000603000000, 0x00000006033e4420, 0x0000000603400000| 97%| S|CS|TAMS 0x0000000603000000, 0x0000000603000000| Complete 
|   8|0x0000000603400000, 0x0000000603400000, 0x0000000603800000|  0%| F|  |TAMS 0x0000000603400000, 0x0000000603400000| Untracked 
|   9|0x0000000603800000, 0x0000000603800000, 0x0000000603c00000|  0%| F|  |TAMS 0x0000000603800000, 0x0000000603800000| Untracked 
|  10|0x0000000603c00000, 0x0000000603c00000, 0x0000000604000000|  0%| F|  |TAMS 0x0000000603c00000, 0x0000000603c00000| Untracked 
|  11|0x0000000604000000, 0x0000000604000000, 0x0000000604400000|  0%| F|  |TAMS 0x0000000604000000, 0x0000000604000000| Untracked 
|  12|0x0000000604400000, 0x0000000604400000, 0x0000000604800000|  0%| F|  |TAMS 0x0000000604400000, 0x0000000604400000| Untracked 
|  13|0x0000000604800000, 0x0000000604800000, 0x0000000604c00000|  0%| F|  |TAMS 0x0000000604800000, 0x0000000604800000| Untracked 
|  14|0x0000000604c00000, 0x0000000604c00000, 0x0000000605000000|  0%| F|  |TAMS 0x0000000604c00000, 0x0000000604c00000| Untracked 
|  15|0x0000000605000000, 0x0000000605000000, 0x0000000605400000|  0%| F|  |TAMS 0x0000000605000000, 0x0000000605000000| Untracked 
|  16|0x0000000605400000, 0x0000000605400000, 0x0000000605800000|  0%| F|  |TAMS 0x0000000605400000, 0x0000000605400000| Untracked 
|  17|0x0000000605800000, 0x0000000605800000, 0x0000000605c00000|  0%| F|  |TAMS 0x0000000605800000, 0x0000000605800000| Untracked 
|  18|0x0000000605c00000, 0x0000000605c00000, 0x0000000606000000|  0%| F|  |TAMS 0x0000000605c00000, 0x0000000605c00000| Untracked 
|  19|0x0000000606000000, 0x0000000606000000, 0x0000000606400000|  0%| F|  |TAMS 0x0000000606000000, 0x0000000606000000| Untracked 
|  20|0x0000000606400000, 0x0000000606400000, 0x0000000606800000|  0%| F|  |TAMS 0x0000000606400000, 0x0000000606400000| Untracked 
|  21|0x0000000606800000, 0x0000000606800000, 0x0000000606c00000|  0%| F|  |TAMS 0x0000000606800000, 0x0000000606800000| Untracked 
|  22|0x0000000606c00000, 0x0000000606c00000, 0x0000000607000000|  0%| F|  |TAMS 0x0000000606c00000, 0x0000000606c00000| Untracked 
|  23|0x0000000607000000, 0x0000000607000000, 0x0000000607400000|  0%| F|  |TAMS 0x0000000607000000, 0x0000000607000000| Untracked 
|  24|0x0000000607400000, 0x0000000607400000, 0x0000000607800000|  0%| F|  |TAMS 0x0000000607400000, 0x0000000607400000| Untracked 
|  25|0x0000000607800000, 0x0000000607800000, 0x0000000607c00000|  0%| F|  |TAMS 0x0000000607800000, 0x0000000607800000| Untracked 
|  26|0x0000000607c00000, 0x0000000607c00000, 0x0000000608000000|  0%| F|  |TAMS 0x0000000607c00000, 0x0000000607c00000| Untracked 
|  27|0x0000000608000000, 0x0000000608000000, 0x0000000608400000|  0%| F|  |TAMS 0x0000000608000000, 0x0000000608000000| Untracked 
|  28|0x0000000608400000, 0x0000000608400000, 0x0000000608800000|  0%| F|  |TAMS 0x0000000608400000, 0x0000000608400000| Untracked 
|  29|0x0000000608800000, 0x0000000608800000, 0x0000000608c00000|  0%| F|  |TAMS 0x0000000608800000, 0x0000000608800000| Untracked 
|  30|0x0000000608c00000, 0x0000000608c00000, 0x0000000609000000|  0%| F|  |TAMS 0x0000000608c00000, 0x0000000608c00000| Untracked 
|  31|0x0000000609000000, 0x0000000609000000, 0x0000000609400000|  0%| F|  |TAMS 0x0000000609000000, 0x0000000609000000| Untracked 
|  32|0x0000000609400000, 0x0000000609400000, 0x0000000609800000|  0%| F|  |TAMS 0x0000000609400000, 0x0000000609400000| Untracked 
|  33|0x0000000609800000, 0x0000000609800000, 0x0000000609c00000|  0%| F|  |TAMS 0x0000000609800000, 0x0000000609800000| Untracked 
|  34|0x0000000609c00000, 0x0000000609c00000, 0x000000060a000000|  0%| F|  |TAMS 0x0000000609c00000, 0x0000000609c00000| Untracked 
|  35|0x000000060a000000, 0x000000060a000000, 0x000000060a400000|  0%| F|  |TAMS 0x000000060a000000, 0x000000060a000000| Untracked 
|  36|0x000000060a400000, 0x000000060a400000, 0x000000060a800000|  0%| F|  |TAMS 0x000000060a400000, 0x000000060a400000| Untracked 
|  37|0x000000060a800000, 0x000000060a800000, 0x000000060ac00000|  0%| F|  |TAMS 0x000000060a800000, 0x000000060a800000| Untracked 
|  38|0x000000060ac00000, 0x000000060adb9ee8, 0x000000060b000000| 43%| E|  |TAMS 0x000000060ac00000, 0x000000060ac00000| Complete 
|  39|0x000000060b000000, 0x000000060b400000, 0x000000060b400000|100%| E|CS|TAMS 0x000000060b000000, 0x000000060b000000| Complete 
|  40|0x000000060b400000, 0x000000060b800000, 0x000000060b800000|100%| E|CS|TAMS 0x000000060b400000, 0x000000060b400000| Complete 
|  41|0x000000060b800000, 0x000000060bc00000, 0x000000060bc00000|100%| E|CS|TAMS 0x000000060b800000, 0x000000060b800000| Complete 
|  42|0x000000060bc00000, 0x000000060c000000, 0x000000060c000000|100%| E|CS|TAMS 0x000000060bc00000, 0x000000060bc00000| Complete 
|  43|0x000000060c000000, 0x000000060c400000, 0x000000060c400000|100%| E|CS|TAMS 0x000000060c000000, 0x000000060c000000| Complete 
|  44|0x000000060c400000, 0x000000060c800000, 0x000000060c800000|100%| E|CS|TAMS 0x000000060c400000, 0x000000060c400000| Complete 
|  45|0x000000060c800000, 0x000000060cc00000, 0x000000060cc00000|100%| E|CS|TAMS 0x000000060c800000, 0x000000060c800000| Complete 
|  46|0x000000060cc00000, 0x000000060d000000, 0x000000060d000000|100%| E|CS|TAMS 0x000000060cc00000, 0x000000060cc00000| Complete 
|  47|0x000000060d000000, 0x000000060d400000, 0x000000060d400000|100%| E|CS|TAMS 0x000000060d000000, 0x000000060d000000| Complete 
|  48|0x000000060d400000, 0x000000060d800000, 0x000000060d800000|100%| E|CS|TAMS 0x000000060d400000, 0x000000060d400000| Complete 
|  49|0x000000060d800000, 0x000000060dc00000, 0x000000060dc00000|100%| E|CS|TAMS 0x000000060d800000, 0x000000060d800000| Complete 
|  50|0x000000060dc00000, 0x000000060e000000, 0x000000060e000000|100%| E|CS|TAMS 0x000000060dc00000, 0x000000060dc00000| Complete 
|  51|0x000000060e000000, 0x000000060e400000, 0x000000060e400000|100%| E|CS|TAMS 0x000000060e000000, 0x000000060e000000| Complete 
|  52|0x000000060e400000, 0x000000060e800000, 0x000000060e800000|100%| E|CS|TAMS 0x000000060e400000, 0x000000060e400000| Complete 
|  53|0x000000060e800000, 0x000000060ec00000, 0x000000060ec00000|100%| E|CS|TAMS 0x000000060e800000, 0x000000060e800000| Complete 
|  54|0x000000060ec00000, 0x000000060f000000, 0x000000060f000000|100%| E|CS|TAMS 0x000000060ec00000, 0x000000060ec00000| Complete 
|  55|0x000000060f000000, 0x000000060f400000, 0x000000060f400000|100%| E|CS|TAMS 0x000000060f000000, 0x000000060f000000| Complete 
|  56|0x000000060f400000, 0x000000060f800000, 0x000000060f800000|100%| E|CS|TAMS 0x000000060f400000, 0x000000060f400000| Complete 
|  57|0x000000060f800000, 0x000000060fc00000, 0x000000060fc00000|100%| E|CS|TAMS 0x000000060f800000, 0x000000060f800000| Complete 
|  58|0x000000060fc00000, 0x0000000610000000, 0x0000000610000000|100%| E|CS|TAMS 0x000000060fc00000, 0x000000060fc00000| Complete 
|  59|0x0000000610000000, 0x0000000610400000, 0x0000000610400000|100%| E|CS|TAMS 0x0000000610000000, 0x0000000610000000| Complete 
|  60|0x0000000610400000, 0x0000000610800000, 0x0000000610800000|100%| E|CS|TAMS 0x0000000610400000, 0x0000000610400000| Complete 
|  61|0x0000000610800000, 0x0000000610c00000, 0x0000000610c00000|100%| E|CS|TAMS 0x0000000610800000, 0x0000000610800000| Complete 
|  62|0x0000000610c00000, 0x0000000611000000, 0x0000000611000000|100%| E|CS|TAMS 0x0000000610c00000, 0x0000000610c00000| Complete 
|  63|0x0000000611000000, 0x0000000611400000, 0x0000000611400000|100%| E|CS|TAMS 0x0000000611000000, 0x0000000611000000| Complete 
|  64|0x0000000611400000, 0x0000000611800000, 0x0000000611800000|100%| E|CS|TAMS 0x0000000611400000, 0x0000000611400000| Complete 
|  65|0x0000000611800000, 0x0000000611c00000, 0x0000000611c00000|100%| E|CS|TAMS 0x0000000611800000, 0x0000000611800000| Complete 
|  66|0x0000000611c00000, 0x0000000612000000, 0x0000000612000000|100%| E|CS|TAMS 0x0000000611c00000, 0x0000000611c00000| Complete 
|  67|0x0000000612000000, 0x0000000612400000, 0x0000000612400000|100%| E|CS|TAMS 0x0000000612000000, 0x0000000612000000| Complete 
|  68|0x0000000612400000, 0x0000000612800000, 0x0000000612800000|100%| E|CS|TAMS 0x0000000612400000, 0x0000000612400000| Complete 
|  69|0x0000000612800000, 0x0000000612c00000, 0x0000000612c00000|100%| E|CS|TAMS 0x0000000612800000, 0x0000000612800000| Complete 
|  70|0x0000000612c00000, 0x0000000613000000, 0x0000000613000000|100%| E|CS|TAMS 0x0000000612c00000, 0x0000000612c00000| Complete 
|  71|0x0000000613000000, 0x0000000613400000, 0x0000000613400000|100%| E|CS|TAMS 0x0000000613000000, 0x0000000613000000| Complete 
|  72|0x0000000613400000, 0x0000000613800000, 0x0000000613800000|100%| E|CS|TAMS 0x0000000613400000, 0x0000000613400000| Complete 
| 127|0x0000000621000000, 0x0000000621400000, 0x0000000621400000|100%| E|CS|TAMS 0x0000000621000000, 0x0000000621000000| Complete 

Card table byte_map: [0x0000010e095f0000,0x0000010e0a5f0000] _byte_map_base: 0x0000010e065e6000

Marking Bits (Prev, Next): (CMBitMap*) 0x0000010e01eb7400, (CMBitMap*) 0x0000010e01eb7440
 Prev Bits: [0x0000010e0b5f0000, 0x0000010e135a0000)
 Next Bits: [0x0000010e135a0000, 0x0000010e1b550000)

Polling page: 0x0000010e01610000

Metaspace:

Usage:
  Non-class:     45.13 MB used.
      Class:      6.38 MB used.
       Both:     51.51 MB used.

Virtual space:
  Non-class space:       48.00 MB reserved,      45.38 MB ( 95%) committed,  6 nodes.
      Class space:        1.00 GB reserved,       6.56 MB ( <1%) committed,  1 nodes.
             Both:        1.05 GB reserved,      51.94 MB (  5%) committed. 

Chunk freelists:
   Non-Class:  2.33 MB
       Class:  1.34 MB
        Both:  3.67 MB

MaxMetaspaceSize: unlimited
CompressedClassSpaceSize: 1.00 GB
Initial GC threshold: 21.00 MB
Current GC threshold: 58.69 MB
CDS: off
MetaspaceReclaimPolicy: balanced
 - commit_granule_bytes: 65536.
 - commit_granule_words: 8192.
 - virtual_space_node_default_size: 1048576.
 - enlarge_chunks_in_place: 1.
 - new_chunks_are_fully_committed: 0.
 - uncommit_free_chunks: 1.
 - use_allocation_guard: 0.
 - handle_deallocations: 1.


Internal statistics:

num_allocs_failed_limit: 6.
num_arena_births: 496.
num_arena_deaths: 0.
num_vsnodes_births: 7.
num_vsnodes_deaths: 0.
num_space_committed: 831.
num_space_uncommitted: 0.
num_chunks_returned_to_freelist: 6.
num_chunks_taken_from_freelist: 2063.
num_chunk_merges: 6.
num_chunk_splits: 1387.
num_chunks_enlarged: 1025.
num_purges: 0.
num_inconsistent_stats: 0.

CodeCache: size=49152Kb used=10015Kb max_used=11560Kb free=39136Kb
 bounds [0x0000010e054e0000, 0x0000010e06030000, 0x0000010e084e0000]
 total_blobs=5548 nmethods=4898 adapters=577
 compilation: enabled
              stopped_count=0, restarted_count=0
 full_count=0

Compilation events (20 events):
Event: 19.034 Thread 0x0000010e1ec99b60 4889       1       org.springframework.boot.devtools.filewatch.DirectorySnapshot::collectFiles (99 bytes)
Event: 19.035 Thread 0x0000010e1ec99b60 nmethod 4889 0x0000010e05958c90 code [0x0000010e05958f00, 0x0000010e059595f8]
Event: 27.134 Thread 0x0000010e1ec99b60 4890       1       java.util.concurrent.TimeUnit::toNanos (45 bytes)
Event: 27.134 Thread 0x0000010e1ec99b60 nmethod 4890 0x0000010e05958890 code [0x0000010e05958a40, 0x0000010e05958bd8]
Event: 31.996 Thread 0x0000010e1ec99b60 4891       1       java.lang.Thread::isInterrupted (5 bytes)
Event: 31.996 Thread 0x0000010e1ec99b60 nmethod 4891 0x0000010e05958590 code [0x0000010e05958720, 0x0000010e059587f8]
Event: 32.136 Thread 0x0000010e1ec99b60 4892       1       java.util.concurrent.ThreadPoolExecutor::runStateAtLeast (11 bytes)
Event: 32.136 Thread 0x0000010e1ec99b60 nmethod 4892 0x0000010e05958290 code [0x0000010e05958420, 0x0000010e059584d8]
Event: 34.130 Thread 0x0000010e1ec99b60 4893       1       java.util.concurrent.ScheduledThreadPoolExecutor$DelayedWorkQueue::setIndex (16 bytes)
Event: 34.130 Thread 0x0000010e1ec99b60 nmethod 4893 0x0000010e05957f10 code [0x0000010e059580a0, 0x0000010e059581d8]
Event: 36.918 Thread 0x0000010e1ec99b60 4894       1       java.util.AbstractCollection::containsAll (38 bytes)
Event: 36.919 Thread 0x0000010e1ec99b60 nmethod 4894 0x0000010e05957a10 code [0x0000010e05957be0, 0x0000010e05957db8]
Event: 37.135 Thread 0x0000010e1ec99b60 4895       1       jdk.internal.misc.Unsafe::putReferenceOpaque (9 bytes)
Event: 37.135 Thread 0x0000010e1ec99b60 nmethod 4895 0x0000010e05957710 code [0x0000010e059578a0, 0x0000010e059579b8]
Event: 43.074 Thread 0x0000010e1ec99b60 4896       1       java.util.Collections$UnmodifiableCollection::size (10 bytes)
Event: 43.074 Thread 0x0000010e1ec99b60 nmethod 4896 0x0000010e05957410 code [0x0000010e059575a0, 0x0000010e05957688]
Event: 43.135 Thread 0x0000010e1ec99b60 4897       1       java.util.concurrent.locks.AbstractQueuedSynchronizer$ConditionObject::canReacquire (28 bytes)
Event: 43.135 Thread 0x0000010e1ec99b60 nmethod 4897 0x0000010e05957010 code [0x0000010e059571a0, 0x0000010e059572f8]
Event: 43.135 Thread 0x0000010e1ec99b60 4898       1       java.util.concurrent.locks.ReentrantLock$Sync::isHeldExclusively (16 bytes)
Event: 43.135 Thread 0x0000010e1ec99b60 nmethod 4898 0x0000010e05956d10 code [0x0000010e05956ea0, 0x0000010e05956f98]

GC Heap History (20 events):
Event: 1.009 GC heap before
{Heap before GC invocations=1 (full 0):
 garbage-first heap   total 524288K, used 30170K [0x0000000601400000, 0x0000000800000000)
  region size 4096K, 7 young (28672K), 1 survivors (4096K)
 Metaspace       used 17154K, committed 17344K, reserved 1064960K
  class space    used 1771K, committed 1856K, reserved 1048576K
}
Event: 1.011 GC heap after
{Heap after GC invocations=2 (full 0):
 garbage-first heap   total 524288K, used 7074K [0x0000000601400000, 0x0000000800000000)
  region size 4096K, 1 young (4096K), 1 survivors (4096K)
 Metaspace       used 17154K, committed 17344K, reserved 1064960K
  class space    used 1771K, committed 1856K, reserved 1048576K
}
Event: 1.314 GC heap before
{Heap before GC invocations=2 (full 0):
 garbage-first heap   total 524288K, used 39842K [0x0000000601400000, 0x0000000800000000)
  region size 4096K, 10 young (40960K), 1 survivors (4096K)
 Metaspace       used 21197K, committed 21504K, reserved 1073152K
  class space    used 2390K, committed 2560K, reserved 1048576K
}
Event: 1.317 GC heap after
{Heap after GC invocations=3 (full 0):
 garbage-first heap   total 524288K, used 8343K [0x0000000601400000, 0x0000000800000000)
  region size 4096K, 1 young (4096K), 1 survivors (4096K)
 Metaspace       used 21197K, committed 21504K, reserved 1073152K
  class space    used 2390K, committed 2560K, reserved 1048576K
}
Event: 1.431 GC heap before
{Heap before GC invocations=4 (full 0):
 garbage-first heap   total 57344K, used 37015K [0x0000000601400000, 0x0000000800000000)
  region size 4096K, 9 young (36864K), 1 survivors (4096K)
 Metaspace       used 23921K, committed 24192K, reserved 1073152K
  class space    used 2763K, committed 2880K, reserved 1048576K
}
Event: 1.434 GC heap after
{Heap after GC invocations=5 (full 0):
 garbage-first heap   total 57344K, used 9120K [0x0000000601400000, 0x0000000800000000)
  region size 4096K, 1 young (4096K), 1 survivors (4096K)
 Metaspace       used 23921K, committed 24192K, reserved 1073152K
  class space    used 2763K, committed 2880K, reserved 1048576K
}
Event: 1.454 GC heap before
{Heap before GC invocations=5 (full 0):
 garbage-first heap   total 57344K, used 13216K [0x0000000601400000, 0x0000000800000000)
  region size 4096K, 2 young (8192K), 1 survivors (4096K)
 Metaspace       used 24264K, committed 24576K, reserved 1073152K
  class space    used 2817K, committed 2944K, reserved 1048576K
}
Event: 1.456 GC heap after
{Heap after GC invocations=6 (full 0):
 garbage-first heap   total 57344K, used 9303K [0x0000000601400000, 0x0000000800000000)
  region size 4096K, 1 young (4096K), 1 survivors (4096K)
 Metaspace       used 24264K, committed 24576K, reserved 1073152K
  class space    used 2817K, committed 2944K, reserved 1048576K
}
Event: 1.556 GC heap before
{Heap before GC invocations=6 (full 0):
 garbage-first heap   total 57344K, used 33879K [0x0000000601400000, 0x0000000800000000)
  region size 4096K, 7 young (28672K), 1 survivors (4096K)
 Metaspace       used 26412K, committed 26688K, reserved 1073152K
  class space    used 3139K, committed 3264K, reserved 1048576K
}
Event: 1.557 GC heap after
{Heap after GC invocations=7 (full 0):
 garbage-first heap   total 57344K, used 10282K [0x0000000601400000, 0x0000000800000000)
  region size 4096K, 1 young (4096K), 1 survivors (4096K)
 Metaspace       used 26412K, committed 26688K, reserved 1073152K
  class space    used 3139K, committed 3264K, reserved 1048576K
}
Event: 1.646 GC heap before
{Heap before GC invocations=7 (full 0):
 garbage-first heap   total 57344K, used 30762K [0x0000000601400000, 0x0000000800000000)
  region size 4096K, 7 young (28672K), 1 survivors (4096K)
 Metaspace       used 28716K, committed 28992K, reserved 1081344K
  class space    used 3417K, committed 3584K, reserved 1048576K
}
Event: 1.649 GC heap after
{Heap after GC invocations=8 (full 0):
 garbage-first heap   total 290816K, used 11399K [0x0000000601400000, 0x0000000800000000)
  region size 4096K, 1 young (4096K), 1 survivors (4096K)
 Metaspace       used 28716K, committed 28992K, reserved 1081344K
  class space    used 3417K, committed 3584K, reserved 1048576K
}
Event: 2.303 GC heap before
{Heap before GC invocations=8 (full 0):
 garbage-first heap   total 290816K, used 109703K [0x0000000601400000, 0x0000000800000000)
  region size 4096K, 26 young (106496K), 1 survivors (4096K)
 Metaspace       used 35606K, committed 35968K, reserved 1081344K
  class space    used 4340K, committed 4480K, reserved 1048576K
}
Event: 2.307 GC heap after
{Heap after GC invocations=9 (full 0):
 garbage-first heap   total 290816K, used 13844K [0x0000000601400000, 0x0000000800000000)
  region size 4096K, 2 young (8192K), 2 survivors (8192K)
 Metaspace       used 35606K, committed 35968K, reserved 1081344K
  class space    used 4340K, committed 4480K, reserved 1048576K
}
Event: 2.724 GC heap before
{Heap before GC invocations=10 (full 0):
 garbage-first heap   total 81920K, used 54804K [0x0000000601400000, 0x0000000800000000)
  region size 4096K, 12 young (49152K), 2 survivors (8192K)
 Metaspace       used 38592K, committed 38976K, reserved 1089536K
  class space    used 4803K, committed 4992K, reserved 1048576K
}
Event: 2.729 GC heap after
{Heap after GC invocations=11 (full 0):
 garbage-first heap   total 81920K, used 15603K [0x0000000601400000, 0x0000000800000000)
  region size 4096K, 2 young (8192K), 2 survivors (8192K)
 Metaspace       used 38592K, committed 38976K, reserved 1089536K
  class space    used 4803K, committed 4992K, reserved 1048576K
}
Event: 2.772 GC heap before
{Heap before GC invocations=11 (full 0):
 garbage-first heap   total 81920K, used 19699K [0x0000000601400000, 0x0000000800000000)
  region size 4096K, 3 young (12288K), 2 survivors (8192K)
 Metaspace       used 38956K, committed 39296K, reserved 1089536K
  class space    used 4894K, committed 5056K, reserved 1048576K
}
Event: 2.777 GC heap after
{Heap after GC invocations=12 (full 0):
 garbage-first heap   total 81920K, used 16032K [0x0000000601400000, 0x0000000800000000)
  region size 4096K, 1 young (4096K), 1 survivors (4096K)
 Metaspace       used 38956K, committed 39296K, reserved 1089536K
  class space    used 4894K, committed 5056K, reserved 1048576K
}
Event: 3.160 GC heap before
{Heap before GC invocations=12 (full 0):
 garbage-first heap   total 81920K, used 61088K [0x0000000601400000, 0x0000000800000000)
  region size 4096K, 12 young (49152K), 1 survivors (4096K)
 Metaspace       used 42039K, committed 42432K, reserved 1089536K
  class space    used 5242K, committed 5440K, reserved 1048576K
}
Event: 3.164 GC heap after
{Heap after GC invocations=13 (full 0):
 garbage-first heap   total 303104K, used 17408K [0x0000000601400000, 0x0000000800000000)
  region size 4096K, 1 young (4096K), 1 survivors (4096K)
 Metaspace       used 42039K, committed 42432K, reserved 1089536K
  class space    used 5242K, committed 5440K, reserved 1048576K
}

Deoptimization events (20 events):
Event: 7.840 Thread 0x0000010e23376470 DEOPT PACKING pc=0x0000010e05c46fcc sp=0x000000015ebfc100
Event: 7.840 Thread 0x0000010e23376470 DEOPT UNPACKING pc=0x0000010e05532b43 sp=0x000000015ebfb6d0 mode 1
Event: 7.877 Thread 0x0000010e23376470 DEOPT PACKING pc=0x0000010e058c14dc sp=0x000000015ebfc000
Event: 7.877 Thread 0x0000010e23376470 DEOPT UNPACKING pc=0x0000010e05532b43 sp=0x000000015ebfb4f0 mode 1
Event: 7.877 Thread 0x0000010e23376470 DEOPT PACKING pc=0x0000010e058c14dc sp=0x000000015ebfc0d0
Event: 7.877 Thread 0x0000010e23376470 DEOPT UNPACKING pc=0x0000010e05532b43 sp=0x000000015ebfb5c0 mode 1
Event: 7.878 Thread 0x0000010e23376470 DEOPT PACKING pc=0x0000010e058c14dc sp=0x000000015ebfc190
Event: 7.878 Thread 0x0000010e23376470 DEOPT UNPACKING pc=0x0000010e05532b43 sp=0x000000015ebfb680 mode 1
Event: 7.880 Thread 0x0000010e23376470 DEOPT PACKING pc=0x0000010e05c4d3b4 sp=0x000000015ebfa9e0
Event: 7.880 Thread 0x0000010e23376470 DEOPT UNPACKING pc=0x0000010e05532b43 sp=0x000000015ebf9f18 mode 1
Event: 7.880 Thread 0x0000010e23376470 DEOPT PACKING pc=0x0000010e05c4e2ec sp=0x000000015ebfaad0
Event: 7.880 Thread 0x0000010e23376470 DEOPT UNPACKING pc=0x0000010e05532b43 sp=0x000000015ebfa068 mode 1
Event: 7.880 Thread 0x0000010e23376470 DEOPT PACKING pc=0x0000010e05c46fcc sp=0x000000015ebfac20
Event: 7.880 Thread 0x0000010e23376470 DEOPT UNPACKING pc=0x0000010e05532b43 sp=0x000000015ebfa1f0 mode 1
Event: 7.891 Thread 0x0000010e23376470 DEOPT PACKING pc=0x0000010e05c4d3b4 sp=0x000000015ebfba90
Event: 7.891 Thread 0x0000010e23376470 DEOPT UNPACKING pc=0x0000010e05532b43 sp=0x000000015ebfafc8 mode 1
Event: 7.891 Thread 0x0000010e23376470 DEOPT PACKING pc=0x0000010e05c4e2ec sp=0x000000015ebfbb80
Event: 7.891 Thread 0x0000010e23376470 DEOPT UNPACKING pc=0x0000010e05532b43 sp=0x000000015ebfb118 mode 1
Event: 7.891 Thread 0x0000010e23376470 DEOPT PACKING pc=0x0000010e05c46fcc sp=0x000000015ebfbcd0
Event: 7.891 Thread 0x0000010e23376470 DEOPT UNPACKING pc=0x0000010e05532b43 sp=0x000000015ebfb2a0 mode 1

Classes unloaded (0 events):
No events

Classes redefined (1 events):
Event: 43.853 Thread 0x0000010e1ec284c0 redefined class name=com.gcu.data.PostDataAccessService, count=1

Internal exceptions (20 events):
Event: 3.699 Thread 0x0000010e205a76d0 Exception <a 'java/lang/ClassNotFoundException'{0x000000060ff8d5b8}: nz/net/ultraq/thymeleaf/layoutdialect/decorators/strategies/AppendingStrategyCustomizer> (0x000000060ff8d5b8) 
thrown [e:\jenkins\tmp\workspace\build\src\src\hotspot\share\classfile\systemDictionary.cpp, line 256]
Event: 3.706 Thread 0x0000010e205a76d0 Exception <a 'java/lang/ClassNotFoundException'{0x000000060f81a468}: nz/net/ultraq/thymeleaf/layoutdialect/LayoutDialectBeanInfo> (0x000000060f81a468) 
thrown [e:\jenkins\tmp\workspace\build\src\src\hotspot\share\classfile\systemDictionary.cpp, line 256]
Event: 3.706 Thread 0x0000010e205a76d0 Exception <a 'java/lang/ClassNotFoundException'{0x000000060f820370}: org/thymeleaf/dialect/AbstractProcessorDialectBeanInfo> (0x000000060f820370) 
thrown [e:\jenkins\tmp\workspace\build\src\src\hotspot\share\classfile\systemDictionary.cpp, line 256]
Event: 3.706 Thread 0x0000010e205a76d0 Exception <a 'java/lang/ClassNotFoundException'{0x000000060f825fc0}: org/thymeleaf/dialect/AbstractDialectBeanInfo> (0x000000060f825fc0) 
thrown [e:\jenkins\tmp\workspace\build\src\src\hotspot\share\classfile\systemDictionary.cpp, line 256]
Event: 3.707 Thread 0x0000010e205a76d0 Exception <a 'java/lang/ClassNotFoundException'{0x000000060f82bcd0}: org/thymeleaf/dialect/AbstractDialectCustomizer> (0x000000060f82bcd0) 
thrown [e:\jenkins\tmp\workspace\build\src\src\hotspot\share\classfile\systemDictionary.cpp, line 256]
Event: 3.708 Thread 0x0000010e205a76d0 Exception <a 'java/lang/ClassNotFoundException'{0x000000060f8340d8}: org/thymeleaf/dialect/AbstractProcessorDialectCustomizer> (0x000000060f8340d8) 
thrown [e:\jenkins\tmp\workspace\build\src\src\hotspot\share\classfile\systemDictionary.cpp, line 256]
Event: 3.709 Thread 0x0000010e205a76d0 Exception <a 'java/lang/ClassNotFoundException'{0x000000060f83d6b8}: nz/net/ultraq/thymeleaf/layoutdialect/LayoutDialectCustomizer> (0x000000060f83d6b8) 
thrown [e:\jenkins\tmp\workspace\build\src\src\hotspot\share\classfile\systemDictionary.cpp, line 256]
Event: 3.952 Thread 0x0000010e205a76d0 Exception <a 'java/lang/NoSuchMethodError'{0x000000060ddaaa20}: 'java.lang.Object java.lang.invoke.DirectMethodHandle$Holder.invokeStaticInit(java.lang.Object, java.lang.Object, java.lang.Object, java.lang.Object)'> (0x000000060ddaaa20) 
thrown [e:\jenkins\tmp\workspace\build\src\src\hotspot\share\interpreter\linkResolver.cpp, line 766]
Event: 3.969 Thread 0x0000010e205a76d0 Exception <a 'java/lang/IncompatibleClassChangeError'{0x000000060dfb1378}: Found class java.lang.Object, but interface was expected> (0x000000060dfb1378) 
thrown [e:\jenkins\tmp\workspace\build\src\src\hotspot\share\interpreter\linkResolver.cpp, line 833]
Event: 3.988 Thread 0x0000010e205a76d0 Exception <a 'java/lang/IncompatibleClassChangeError'{0x000000060d9e6378}: Found class java.lang.Object, but interface was expected> (0x000000060d9e6378) 
thrown [e:\jenkins\tmp\workspace\build\src\src\hotspot\share\interpreter\linkResolver.cpp, line 833]
Event: 4.085 Thread 0x0000010e205a76d0 Exception <a 'java/lang/NoSuchMethodError'{0x000000060d1963f0}: 'java.lang.Object java.lang.invoke.DirectMethodHandle$Holder.newInvokeSpecial(java.lang.Object, java.lang.Object, int, java.lang.Object, java.lang.Object)'> (0x000000060d1963f0) 
thrown [e:\jenkins\tmp\workspace\build\src\src\hotspot\share\interpreter\linkResolver.cpp, line 766]
Event: 4.086 Thread 0x0000010e205a76d0 Exception <a 'java/lang/NoSuchMethodError'{0x000000060d1a1c40}: 'java.lang.Object java.lang.invoke.DirectMethodHandle$Holder.invokeSpecial(java.lang.Object, java.lang.Object, int, java.lang.Object, int, java.lang.Object)'> (0x000000060d1a1c40) 
thrown [e:\jenkins\tmp\workspace\build\src\src\hotspot\share\interpreter\linkResolver.cpp, line 766]
Event: 4.086 Thread 0x0000010e205a76d0 Exception <a 'java/lang/NoSuchMethodError'{0x000000060d1a9ce8}: 'java.lang.Object java.lang.invoke.DirectMethodHandle$Holder.newInvokeSpecial(java.lang.Object, java.lang.Object, int, java.lang.Object, int)'> (0x000000060d1a9ce8) 
thrown [e:\jenkins\tmp\workspace\build\src\src\hotspot\share\interpreter\linkResolver.cpp, line 766]
Event: 4.086 Thread 0x0000010e205a76d0 Exception <a 'java/lang/NoSuchMethodError'{0x000000060d1adde8}: 'java.lang.Object java.lang.invoke.DirectMethodHandle$Holder.invokeSpecial(java.lang.Object, java.lang.Object, java.lang.Object, int, java.lang.Object, int)'> (0x000000060d1adde8) 
thrown [e:\jenkins\tmp\workspace\build\src\src\hotspot\share\interpreter\linkResolver.cpp, line 766]
Event: 4.087 Thread 0x0000010e205a76d0 Exception <a 'java/lang/NoSuchMethodError'{0x000000060d1bd578}: 'void java.lang.invoke.DirectMethodHandle$Holder.invokeVirtual(java.lang.Object, java.lang.Object)'> (0x000000060d1bd578) 
thrown [e:\jenkins\tmp\workspace\build\src\src\hotspot\share\interpreter\linkResolver.cpp, line 766]
Event: 7.831 Thread 0x0000010e23376470 Exception <a 'java/lang/NoSuchMethodError'{0x000000060baa3810}: 'void java.lang.invoke.DirectMethodHandle$Holder.invokeSpecial(java.lang.Object, java.lang.Object, java.lang.Object, java.lang.Object, java.lang.Object, java.lang.Object, java.lang.Object)'> (0x000000060baa3810) 
thrown [e:\jenkins\tmp\workspace\build\src\src\hotspot\share\interpreter\linkResolver.cpp, line 766]
Event: 7.877 Thread 0x0000010e23376470 Exception <a 'java/lang/ClassNotFoundException'{0x000000060b76ec78}: com/sun/rowset/RowSetResourceBundle> (0x000000060b76ec78) 
thrown [e:\jenkins\tmp\workspace\build\src\src\hotspot\share\prims\jni.cpp, line 535]
Event: 7.877 Thread 0x0000010e23376470 Exception <a 'java/lang/ClassNotFoundException'{0x000000060b7860e8}: com/sun/rowset/RowSetResourceBundle_en> (0x000000060b7860e8) 
thrown [e:\jenkins\tmp\workspace\build\src\src\hotspot\share\prims\jni.cpp, line 535]
Event: 7.878 Thread 0x0000010e23376470 Exception <a 'java/lang/ClassNotFoundException'{0x000000060b787130}: com/sun/rowset/RowSetResourceBundle_en_US> (0x000000060b787130) 
thrown [e:\jenkins\tmp\workspace\build\src\src\hotspot\share\prims\jni.cpp, line 535]
Event: 14.422 Thread 0x0000010e23376470 Exception <a 'java/lang/ClassCastException'{0x000000060b141ce0}: class java.time.LocalDateTime cannot be cast to class java.sql.Timestamp (java.time.LocalDateTime is in module java.base of loader 'bootstrap'; java.sql.Timestamp is in module java.sql of loader 'platform')> (0x000000060b141ce0) 
thrown [e:\jenkins\tmp\workspace\build\src\src\hotspot\share\interpreter\interpreterRuntime.cpp, line 444]

VM Operations (20 events):
Event: 43.843 Executing VM operation: ChangeSingleStep
Event: 43.843 Executing VM operation: ChangeSingleStep done
Event: 43.850 Executing VM operation: RedefineClasses
Event: 43.862 Executing VM operation: RedefineClasses done
Event: 43.873 Executing VM operation: ChangeBreakpoints
Event: 43.873 Executing VM operation: ChangeBreakpoints done
Event: 43.875 Executing VM operation: ChangeSingleStep
Event: 43.875 Executing VM operation: ChangeSingleStep done
Event: 43.875 Executing VM operation: get/set locals
Event: 43.875 Executing VM operation: get/set locals done
Event: 43.876 Executing VM operation: ChangeSingleStep
Event: 43.876 Executing VM operation: ChangeSingleStep done
Event: 43.878 Executing VM operation: GetObjectMonitorUsage
Event: 43.878 Executing VM operation: GetObjectMonitorUsage done
Event: 43.878 Executing VM operation: GetObjectMonitorUsage
Event: 43.878 Executing VM operation: GetObjectMonitorUsage done
Event: 43.883 Executing VM operation: GetObjectMonitorUsage
Event: 43.883 Executing VM operation: GetObjectMonitorUsage done
Event: 43.883 Executing VM operation: GetObjectMonitorUsage
Event: 43.883 Executing VM operation: GetObjectMonitorUsage done

Events (20 events):
Event: 7.819 loading class java/lang/InheritableThreadLocal done
Event: 7.875 loading class java/io/StreamCorruptedException
Event: 7.876 loading class java/io/StreamCorruptedException done
Event: 7.876 loading class java/io/OptionalDataException
Event: 7.876 loading class java/io/OptionalDataException done
Event: 7.876 loading class java/io/StringBufferInputStream
Event: 7.876 loading class java/io/StringBufferInputStream done
Event: 7.879 loading class javax/naming/NotContextException
Event: 7.879 loading class javax/naming/NotContextException done
Event: 7.882 loading class java/util/concurrent/atomic/AtomicReferenceFieldUpdater
Event: 7.883 loading class java/util/concurrent/atomic/AtomicReferenceFieldUpdater done
Event: 7.883 loading class java/util/concurrent/atomic/AtomicReferenceFieldUpdater$AtomicReferenceFieldUpdaterImpl
Event: 7.883 loading class java/util/concurrent/atomic/AtomicReferenceFieldUpdater$AtomicReferenceFieldUpdaterImpl done
Event: 7.883 loading class java/util/concurrent/atomic/AtomicReferenceFieldUpdater$AtomicReferenceFieldUpdaterImpl$1
Event: 7.883 loading class java/util/concurrent/atomic/AtomicReferenceFieldUpdater$AtomicReferenceFieldUpdaterImpl$1 done
Event: 7.887 loading class sun/nio/cs/ISO_8859_13$Holder
Event: 7.887 loading class sun/nio/cs/ISO_8859_13$Holder done
Event: 9.098 Thread 0x0000010e205c7550 Thread exited: 0x0000010e205c7550
Event: 22.495 loading class java/lang/Throwable$WrappedPrintStream
Event: 22.495 loading class java/lang/Throwable$WrappedPrintStream done


Dynamic libraries:
0x00007ff7c92c0000 - 0x00007ff7c92ce000 	C:\Users\donald\Downloads\sts-4.13.1.RELEASE\plugins\org.eclipse.justj.openjdk.hotspot.jre.full.win32.x86_64_17.0.1.v20211116-1657\jre\bin\javaw.exe
0x00007ffea93d0000 - 0x00007ffea95c5000 	C:\WINDOWS\SYSTEM32\ntdll.dll
0x00007ffea8490000 - 0x00007ffea854e000 	C:\WINDOWS\System32\KERNEL32.DLL
0x00007ffea6b60000 - 0x00007ffea6e28000 	C:\WINDOWS\System32\KERNELBASE.dll
0x00007ffea6fe0000 - 0x00007ffea70e0000 	C:\WINDOWS\System32\ucrtbase.dll
0x00007ffe9ca20000 - 0x00007ffe9ca39000 	C:\Users\donald\Downloads\sts-4.13.1.RELEASE\plugins\org.eclipse.justj.openjdk.hotspot.jre.full.win32.x86_64_17.0.1.v20211116-1657\jre\bin\VCRUNTIME140.dll
0x00007ffe9ca40000 - 0x00007ffe9ca58000 	C:\Users\donald\Downloads\sts-4.13.1.RELEASE\plugins\org.eclipse.justj.openjdk.hotspot.jre.full.win32.x86_64_17.0.1.v20211116-1657\jre\bin\jli.dll
0x00007ffea9060000 - 0x00007ffea9200000 	C:\WINDOWS\System32\USER32.dll
0x00007ffea7370000 - 0x00007ffea7392000 	C:\WINDOWS\System32\win32u.dll
0x00007ffea8ac0000 - 0x00007ffea8aeb000 	C:\WINDOWS\System32\GDI32.dll
0x00007ffea6ed0000 - 0x00007ffea6fdb000 	C:\WINDOWS\System32\gdi32full.dll
0x00007ffe8d360000 - 0x00007ffe8d5fa000 	C:\WINDOWS\WinSxS\amd64_microsoft.windows.common-controls_6595b64144ccf1df_6.0.19041.1110_none_60b5254171f9507e\COMCTL32.dll
0x00007ffea6e30000 - 0x00007ffea6ecd000 	C:\WINDOWS\System32\msvcp_win.dll
0x00007ffea7830000 - 0x00007ffea78ce000 	C:\WINDOWS\System32\msvcrt.dll
0x00007ffea9010000 - 0x00007ffea9040000 	C:\WINDOWS\System32\IMM32.DLL
0x00007ffea3010000 - 0x00007ffea301c000 	C:\Users\donald\Downloads\sts-4.13.1.RELEASE\plugins\org.eclipse.justj.openjdk.hotspot.jre.full.win32.x86_64_17.0.1.v20211116-1657\jre\bin\vcruntime140_1.dll
0x00007ffe77d90000 - 0x00007ffe77e21000 	C:\Users\donald\Downloads\sts-4.13.1.RELEASE\plugins\org.eclipse.justj.openjdk.hotspot.jre.full.win32.x86_64_17.0.1.v20211116-1657\jre\bin\msvcp140.dll
0x00007ffe420d0000 - 0x00007ffe42d16000 	C:\Users\donald\Downloads\sts-4.13.1.RELEASE\plugins\org.eclipse.justj.openjdk.hotspot.jre.full.win32.x86_64_17.0.1.v20211116-1657\jre\bin\server\jvm.dll
0x00007ffea83e0000 - 0x00007ffea848e000 	C:\WINDOWS\System32\ADVAPI32.dll
0x00007ffea7430000 - 0x00007ffea74cc000 	C:\WINDOWS\System32\sechost.dll
0x00007ffea8da0000 - 0x00007ffea8ec5000 	C:\WINDOWS\System32\RPCRT4.dll
0x00007ffea7b50000 - 0x00007ffea7b58000 	C:\WINDOWS\System32\PSAPI.DLL
0x00007ffe8f570000 - 0x00007ffe8f579000 	C:\WINDOWS\SYSTEM32\WSOCK32.dll
0x00007ffe9c7d0000 - 0x00007ffe9c7f7000 	C:\WINDOWS\SYSTEM32\WINMM.dll
0x00007ffea1a30000 - 0x00007ffea1a3a000 	C:\WINDOWS\SYSTEM32\VERSION.dll
0x00007ffea8fa0000 - 0x00007ffea900b000 	C:\WINDOWS\System32\WS2_32.dll
0x00007ffea48b0000 - 0x00007ffea48c2000 	C:\WINDOWS\SYSTEM32\kernel.appcore.dll
0x00007ffe9ca60000 - 0x00007ffe9ca6a000 	C:\Users\donald\Downloads\sts-4.13.1.RELEASE\plugins\org.eclipse.justj.openjdk.hotspot.jre.full.win32.x86_64_17.0.1.v20211116-1657\jre\bin\jimage.dll
0x00007ffe8ed10000 - 0x00007ffe8eef4000 	C:\WINDOWS\SYSTEM32\DBGHELP.DLL
0x00007ffe8ecd0000 - 0x00007ffe8ecfc000 	C:\WINDOWS\SYSTEM32\dbgcore.DLL
0x00007ffea73a0000 - 0x00007ffea7422000 	C:\WINDOWS\System32\bcryptPrimitives.dll
0x00007ffe77010000 - 0x00007ffe7704b000 	C:\Users\donald\Downloads\sts-4.13.1.RELEASE\plugins\org.eclipse.justj.openjdk.hotspot.jre.full.win32.x86_64_17.0.1.v20211116-1657\jre\bin\jdwp.dll
0x00007ffea3080000 - 0x00007ffea308e000 	C:\Users\donald\Downloads\sts-4.13.1.RELEASE\plugins\org.eclipse.justj.openjdk.hotspot.jre.full.win32.x86_64_17.0.1.v20211116-1657\jre\bin\instrument.dll
0x00007ffe98920000 - 0x00007ffe98945000 	C:\Users\donald\Downloads\sts-4.13.1.RELEASE\plugins\org.eclipse.justj.openjdk.hotspot.jre.full.win32.x86_64_17.0.1.v20211116-1657\jre\bin\java.dll
0x00007ffe9c630000 - 0x00007ffe9c648000 	C:\Users\donald\Downloads\sts-4.13.1.RELEASE\plugins\org.eclipse.justj.openjdk.hotspot.jre.full.win32.x86_64_17.0.1.v20211116-1657\jre\bin\zip.dll
0x00007ffea7c10000 - 0x00007ffea8354000 	C:\WINDOWS\System32\SHELL32.dll
0x00007ffea4ab0000 - 0x00007ffea5244000 	C:\WINDOWS\SYSTEM32\windows.storage.dll
0x00007ffea74d0000 - 0x00007ffea7824000 	C:\WINDOWS\System32\combase.dll
0x00007ffea6470000 - 0x00007ffea649c000 	C:\WINDOWS\SYSTEM32\Wldp.dll
0x00007ffea8cf0000 - 0x00007ffea8d9d000 	C:\WINDOWS\System32\SHCORE.dll
0x00007ffea8560000 - 0x00007ffea85b5000 	C:\WINDOWS\System32\shlwapi.dll
0x00007ffea6a30000 - 0x00007ffea6a4f000 	C:\WINDOWS\SYSTEM32\profapi.dll
0x00007ffe9ca10000 - 0x00007ffe9ca1c000 	C:\Users\donald\Downloads\sts-4.13.1.RELEASE\plugins\org.eclipse.justj.openjdk.hotspot.jre.full.win32.x86_64_17.0.1.v20211116-1657\jre\bin\dt_socket.dll
0x00007ffea5f10000 - 0x00007ffea5f4b000 	C:\WINDOWS\SYSTEM32\IPHLPAPI.DLL
0x00007ffea6250000 - 0x00007ffea62ba000 	C:\WINDOWS\system32\mswsock.dll
0x00007ffea5f50000 - 0x00007ffea601a000 	C:\WINDOWS\SYSTEM32\DNSAPI.dll
0x00007ffea7ae0000 - 0x00007ffea7ae8000 	C:\WINDOWS\System32\NSI.dll
0x00007ffe9da30000 - 0x00007ffe9da3a000 	C:\Windows\System32\rasadhlp.dll
0x00007ffe9da40000 - 0x00007ffe9dabf000 	C:\WINDOWS\System32\fwpuclnt.dll
0x00007ffea7340000 - 0x00007ffea7367000 	C:\WINDOWS\System32\bcrypt.dll
0x00007ffe98900000 - 0x00007ffe98919000 	C:\Users\donald\Downloads\sts-4.13.1.RELEASE\plugins\org.eclipse.justj.openjdk.hotspot.jre.full.win32.x86_64_17.0.1.v20211116-1657\jre\bin\net.dll
0x00007ffea5b00000 - 0x00007ffea5c09000 	C:\WINDOWS\SYSTEM32\WINHTTP.dll
0x00007ffe96fe0000 - 0x00007ffe96ff5000 	C:\Users\donald\Downloads\sts-4.13.1.RELEASE\plugins\org.eclipse.justj.openjdk.hotspot.jre.full.win32.x86_64_17.0.1.v20211116-1657\jre\bin\nio.dll
0x00007ffea3020000 - 0x00007ffea3030000 	C:\Users\donald\Downloads\sts-4.13.1.RELEASE\plugins\org.eclipse.justj.openjdk.hotspot.jre.full.win32.x86_64_17.0.1.v20211116-1657\jre\bin\verify.dll
0x00007ffe9c6f0000 - 0x00007ffe9c6f9000 	C:\Users\donald\Downloads\sts-4.13.1.RELEASE\plugins\org.eclipse.justj.openjdk.hotspot.jre.full.win32.x86_64_17.0.1.v20211116-1657\jre\bin\management.dll
0x00007ffe9c650000 - 0x00007ffe9c65b000 	C:\Users\donald\Downloads\sts-4.13.1.RELEASE\plugins\org.eclipse.justj.openjdk.hotspot.jre.full.win32.x86_64_17.0.1.v20211116-1657\jre\bin\management_ext.dll
0x00007ffe90ac0000 - 0x00007ffe90ad7000 	C:\WINDOWS\system32\napinsp.dll
0x00007ffe909f0000 - 0x00007ffe90a0b000 	C:\WINDOWS\system32\pnrpnsp.dll
0x00007ffe8f6b0000 - 0x00007ffe8f6c5000 	C:\WINDOWS\system32\wshbth.dll
0x00007ffea3dd0000 - 0x00007ffea3ded000 	C:\WINDOWS\system32\NLAapi.dll
0x00007ffe8f690000 - 0x00007ffe8f6a2000 	C:\WINDOWS\System32\winrnr.dll
0x00007ffea64b0000 - 0x00007ffea64c8000 	C:\WINDOWS\SYSTEM32\CRYPTSP.dll
0x00007ffea5a70000 - 0x00007ffea5aa4000 	C:\WINDOWS\system32\rsaenh.dll
0x00007ffea69b0000 - 0x00007ffea69de000 	C:\WINDOWS\SYSTEM32\USERENV.dll
0x00007ffea63e0000 - 0x00007ffea63ec000 	C:\WINDOWS\SYSTEM32\CRYPTBASE.dll
0x00007ffea0a90000 - 0x00007ffea0aa7000 	C:\WINDOWS\SYSTEM32\dhcpcsvc6.DLL
0x00007ffea0a70000 - 0x00007ffea0a8d000 	C:\WINDOWS\SYSTEM32\dhcpcsvc.DLL
0x00007ffe96ef0000 - 0x00007ffe96efe000 	C:\Users\donald\Downloads\sts-4.13.1.RELEASE\plugins\org.eclipse.justj.openjdk.hotspot.jre.full.win32.x86_64_17.0.1.v20211116-1657\jre\bin\sunmscapi.dll
0x00007ffea70e0000 - 0x00007ffea7236000 	C:\WINDOWS\System32\CRYPT32.dll
0x00007ffea65c0000 - 0x00007ffea65e7000 	C:\WINDOWS\SYSTEM32\ncrypt.dll
0x00007ffea6580000 - 0x00007ffea65bb000 	C:\WINDOWS\SYSTEM32\NTASN1.dll
0x00007ffe9ca00000 - 0x00007ffe9ca07000 	C:\WINDOWS\system32\wshunix.dll

dbghelp: loaded successfully - version: 4.0.5 - missing functions: none
symbol engine: initialized successfully - sym options: 0x614 - pdb path: .;C:\Users\donald\Downloads\sts-4.13.1.RELEASE\plugins\org.eclipse.justj.openjdk.hotspot.jre.full.win32.x86_64_17.0.1.v20211116-1657\jre\bin;C:\WINDOWS\SYSTEM32;C:\WINDOWS\WinSxS\amd64_microsoft.windows.common-controls_6595b64144ccf1df_6.0.19041.1110_none_60b5254171f9507e;C:\Users\donald\Downloads\sts-4.13.1.RELEASE\plugins\org.eclipse.justj.openjdk.hotspot.jre.full.win32.x86_64_17.0.1.v20211116-1657\jre\bin\server

VM Arguments:
jvm_args: -XX:+ShowCodeDetailsInExceptionMessages -agentlib:jdwp=transport=dt_socket,suspend=y,address=localhost:57054 -Dcom.sun.management.jmxremote -Dcom.sun.management.jmxremote.port=57053 -Dcom.sun.management.jmxremote.authenticate=false -Dcom.sun.management.jmxremote.ssl=false -Djava.rmi.server.hostname=localhost -Dspring.jmx.enabled=true -Dspring.application.admin.enabled=true -XX:TieredStopAtLevel=1 -Dspring.boot.project.name=CST339 -javaagent:C:\Users\donald\Downloads\sts-4.13.1.RELEASE\configuration\org.eclipse.osgi\262\0\.cp\lib\javaagent-shaded.jar -Dfile.encoding=UTF-8 
java_command: com.gcu.ClcProjectApplication --spring.output.ansi.enabled=always
java_class_path (initial): C:\Users\donald\Documents\workspaceCST-339\CST339\target\classes;C:\Users\donald\.m2\repository\org\springframework\boot\spring-boot-starter-thymeleaf\2.6.4\spring-boot-starter-thymeleaf-2.6.4.jar;C:\Users\donald\.m2\repository\org\springframework\boot\spring-boot-starter\2.6.4\spring-boot-starter-2.6.4.jar;C:\Users\donald\.m2\repository\org\springframework\boot\spring-boot-starter-logging\2.6.4\spring-boot-starter-logging-2.6.4.jar;C:\Users\donald\.m2\repository\ch\qos\logback\logback-classic\1.2.10\logback-classic-1.2.10.jar;C:\Users\donald\.m2\repository\ch\qos\logback\logback-core\1.2.10\logback-core-1.2.10.jar;C:\Users\donald\.m2\repository\org\apache\logging\log4j\log4j-to-slf4j\2.17.1\log4j-to-slf4j-2.17.1.jar;C:\Users\donald\.m2\repository\org\apache\logging\log4j\log4j-api\2.17.1\log4j-api-2.17.1.jar;C:\Users\donald\.m2\repository\org\slf4j\jul-to-slf4j\1.7.36\jul-to-slf4j-1.7.36.jar;C:\Users\donald\.m2\repository\jakarta\annotation\jakarta.annotation-api\1.3.5\jakarta.annotation-api-1.3.5.jar;C:\Users\donald\.m2\repository\org\yaml\snakeyaml\1.29\snakeyaml-1.29.jar;C:\Users\donald\.m2\repository\org\thymeleaf\thymeleaf-spring5\3.0.15.RELEASE\thymeleaf-spring5-3.0.15.RELEASE.jar;C:\Users\donald\.m2\repository\org\slf4j\slf4j-api\1.7.36\slf4j-api-1.7.36.jar;C:\Users\donald\.m2\repository\org\thymeleaf\extras\thymeleaf-extras-java8time\3.0.4.RELEASE\thymeleaf-extras-java8time-3.0.4.RELEASE.jar;C:\Users\donald\.m2\repository\org\springframework\boot\spring-boot-starter-web\2.6.4\spring-boot-starter-web-2.6.4.jar;C:\Users\donald\.m2\repository\org\springframework\boot\spring-boot-starter-json\2.6.4\spring-boot-starter-json-2.6.4.jar;C:\Users\donald\.m2\repository\com\fasterxml\jackson\core\jackson-databind\2.13.1\jackson-databind-2.13.1.jar;C:\Users\donald\.m2\repository\com\fasterxml\jackson\core\jackson-annotations\2.13.1\jackson-annotations-2.13.1.jar;C:\Users\donald\.m2\repository\com\fasterxml\jackson\core\jackson-core\2.13.1\j
Launcher Type: SUN_STANDARD

[Global flags]
     intx CICompilerCount                          = 4                                         {product} {ergonomic}
     uint ConcGCThreads                            = 2                                         {product} {ergonomic}
     uint G1ConcRefinementThreads                  = 8                                         {product} {ergonomic}
   size_t G1HeapRegionSize                         = 4194304                                   {product} {ergonomic}
    uintx GCDrainStackTargetSize                   = 64                                        {product} {ergonomic}
   size_t InitialHeapSize                          = 536870912                                 {product} {ergonomic}
     bool ManagementServer                         = true                                      {product} {command line}
   size_t MarkStackSize                            = 4194304                                   {product} {ergonomic}
   size_t MaxHeapSize                              = 8568963072                                {product} {ergonomic}
   size_t MaxNewSize                               = 5138022400                                {product} {ergonomic}
   size_t MinHeapDeltaBytes                        = 4194304                                   {product} {ergonomic}
   size_t MinHeapSize                              = 8388608                                   {product} {ergonomic}
    uintx NonProfiledCodeHeapSize                  = 0                                      {pd product} {ergonomic}
     bool ProfileInterpreter                       = false                                  {pd product} {command line}
    uintx ProfiledCodeHeapSize                     = 0                                      {pd product} {ergonomic}
     bool ShowCodeDetailsInExceptionMessages       = true                                   {manageable} {command line}
   size_t SoftMaxHeapSize                          = 8568963072                             {manageable} {ergonomic}
     intx TieredStopAtLevel                        = 1                                         {product} {command line}
     bool UseCompressedClassPointers               = true                           {product lp64_product} {ergonomic}
     bool UseCompressedOops                        = true                           {product lp64_product} {ergonomic}
     bool UseG1GC                                  = true                                      {product} {ergonomic}
     bool UseLargePagesIndividualAllocation        = false                                  {pd product} {ergonomic}

Logging:
Log output configuration:
 #0: stdout all=warning uptime,level,tags
 #1: stderr all=off uptime,level,tags

Environment Variables:
JAVA_HOME=C:\Program Files\Java\jdk1.8.0_321
PATH=C:\Users\donald\Downloads\sts-4.13.1.RELEASE\plugins\org.eclipse.justj.openjdk.hotspot.jre.full.win32.x86_64_17.0.1.v20211116-1657\jre\bin;C:/Users/donald/Downloads/sts-4.13.1.RELEASE//plugins/org.eclipse.justj.openjdk.hotspot.jre.full.win32.x86_64_17.0.1.v20211116-1657/jre/bin/server;C:/Users/donald/Downloads/sts-4.13.1.RELEASE//plugins/org.eclipse.justj.openjdk.hotspot.jre.full.win32.x86_64_17.0.1.v20211116-1657/jre/bin;C:\Program Files (x86)\Common Files\Oracle\Java\javapath;C:\WINDOWS\system32;C:\WINDOWS;C:\WINDOWS\System32\Wbem;C:\WINDOWS\System32\WindowsPowerShell\v1.0\;C:\WINDOWS\System32\OpenSSH\;C:\Program Files\Azure Data Studio\bin;C:\Program Files (x86)\Microsoft SQL Server\150\DTS\Binn\;C:\Program Files\Microsoft SQL Server\Client SDK\ODBC\170\Tools\Binn\;C:\Program Files (x86)\Microsoft SQL Server\150\Tools\Binn\;C:\Program Files\Microsoft SQL Server\150\Tools\Binn\;C:\Program Files\Microsoft SQL Server\150\DTS\Binn\;C:\Program Files\Microsoft SQL Server\Client SDK\ODBC\110\Tools\Binn\;C:\Program Files (x86)\Microsoft SQL Server\110\DTS\Binn\;C:\Program Files (x86)\Microsoft SQL Server\120\DTS\Binn\;C:\Program Files (x86)\Microsoft SQL Server\130\DTS\Binn\;C:\Program Files (x86)\Microsoft SQL Server\140\DTS\Binn\;C:\Program Files\dotnet\;C:\Program Files\Microsoft SQL Server\130\Tools\Binn\;C:\ProgramData\chocolatey\bin;C:\Program Files\Docker\Docker\resources\bin;C:\ProgramData\DockerDesktop\version-bin;C:\Program Files\Amazon\AWSCLIV2\;C:\_admin\apache-maven-3.8.4-bin\apache-maven-3.8.4\bin;C:\Users\donald\AppData\Local\Microsoft\WindowsApps;C:\Users\donald\AppData\Local\Programs\Microsoft VS Code\bin;C:\Users\donald\.dotnet\tools;C:\MAMP\bin\php\php7.2.18;C:\Users\donald\AppData\Local\ComposerSetup\bin;C:\Users\donald\AppData\Roaming\Composer\vendor\bin;C:\Program Files\heroku\bin;;C:\Users\donald\Downloads\sts-4.13.1.RELEASE;
USERNAME=donald
OS=Windows_NT
PROCESSOR_IDENTIFIER=Intel64 Family 6 Model 158 Stepping 9, GenuineIntel



---------------  S Y S T E M  ---------------

OS:
 Windows 10 , 64 bit Build 19041 (10.0.19041.1566)
OS uptime: 4 days 1:06 hours
Hyper-V role detected

CPU: total 8 (initial active 8) (4 cores per cpu, 2 threads per core) family 6 model 158 stepping 9 microcode 0xb4, cx8, cmov, fxsr, ht, mmx, 3dnowpref, sse, sse2, sse3, ssse3, sse4.1, sse4.2, popcnt, lzcnt, tsc, tscinvbit, avx, avx2, aes, erms, clmul, bmi1, bmi2, adx, fma, vzeroupper, clflush, clflushopt, hv

Memory: 4k page, system-wide physical 32686M (8587M free)
TotalPageFile size 40662M (AvailPageFile size 4936M)
current process WorkingSet (physical memory assigned to process): 325M, peak: 325M
current process commit charge ("private bytes"): 464M, peak: 633M

vm_info: OpenJDK 64-Bit Server VM (17.0.1+12) for windows-amd64 JRE (17.0.1+12), built on Oct 20 2021 07:42:55 by "" with MS VC++ 16.7 (VS2019)

END.
