#
# A fatal error has been detected by the Java Runtime Environment:
#
#  EXCEPTION_ACCESS_VIOLATION (0xc0000005) at pc=0x00007ffe4286bc8a, pid=10592, tid=25680
#
# JRE version: OpenJDK Runtime Environment Temurin-17.0.1+12 (17.0.1+12) (build 17.0.1+12)
# Java VM: OpenJDK 64-Bit Server VM Temurin-17.0.1+12 (17.0.1+12, mixed mode, emulated-client, tiered, compressed oops, compressed class ptrs, g1 gc, windows-amd64)
# Problematic frame:
# V  [jvm.dll+0x79bc8a]
#
# No core dump will be written. Minidumps are not enabled by default on client versions of Windows
#
# If you would like to submit a bug report, please visit:
#   https://github.com/adoptium/adoptium-support/issues
#

---------------  S U M M A R Y ------------

Command Line: -XX:+ShowCodeDetailsInExceptionMessages -agentlib:jdwp=transport=dt_socket,suspend=y,address=localhost:50857 -Dcom.sun.management.jmxremote -Dcom.sun.management.jmxremote.port=50856 -Dcom.sun.management.jmxremote.authenticate=false -Dcom.sun.management.jmxremote.ssl=false -Djava.rmi.server.hostname=localhost -Dspring.jmx.enabled=true -Dspring.application.admin.enabled=true -XX:TieredStopAtLevel=1 -Dspring.boot.project.name=CST339 -javaagent:C:\Users\donald\Downloads\sts-4.13.1.RELEASE\configuration\org.eclipse.osgi\262\0\.cp\lib\javaagent-shaded.jar -Dfile.encoding=UTF-8 com.gcu.ClcProjectApplication --spring.output.ansi.enabled=always

Host: Intel(R) Core(TM) i7-8809G CPU @ 3.10GHz, 8 cores, 31G,  Windows 10 , 64 bit Build 19041 (10.0.19041.1566)
Time: Sun Apr  3 00:36:27 2022 US Mountain Standard Time elapsed time: 549.897188 seconds (0d 0h 9m 9s)

---------------  T H R E A D  ---------------

Current thread (0x000001c83866d840):  JavaThread "JDWP Transport Listener: dt_socket" daemon [_thread_in_vm, id=25680, stack(0x0000000726f00000,0x0000000727000000)]

Stack: [0x0000000726f00000,0x0000000727000000],  sp=0x0000000726fff150,  free space=1020k
Native frames: (J=compiled Java code, j=interpreted, Vv=VM code, C=native code)
V  [jvm.dll+0x79bc8a]
V  [jvm.dll+0x507e6c]
V  [jvm.dll+0x4cf4d4]
C  [jdwp.dll+0x22dff]


siginfo: EXCEPTION_ACCESS_VIOLATION (0xc0000005), reading address 0x00000000007f0011


Register to memory mapping:

RIP=0x00007ffe4286bc8a jvm.dll
RAX=0x0000000000000082 is an unknown value
RBX=0x000001c8384af555 points into unknown readable memory: 6d 2f 67
RCX=0x00000000007f000d is an unknown value
RDX=0x000001c83cbda480 points into unknown readable memory: 0x7563672f6d6f634c | 4c 63 6f 6d 2f 67 63 75
RSP=0x0000000726fff150 is pointing into the stack for thread: 0x000001c83866d840
RBP=0x000001c83865e7f0 points into unknown readable memory: 0x0000000000000002 | 02 00 00 00 00 00 00 00
RSI=0x0 is NULL
RDI=0xffffffffffffffff is an unknown value
R8 =0x0000000000000014 is an unknown value
R9 =0x0000000000000040 is an unknown value
R10=0x0 is NULL
R11=0x0000000726fff170 is pointing into the stack for thread: 0x000001c83866d840
R12=0x0000000726fff2a8 is pointing into the stack for thread: 0x000001c83866d840
R13=0x0 is NULL
R14=0x000000062aacc838 is a pointer to class: 
com.gcu.data.PostDataAccessService {0x000000062aacc840}
 - instance size:     3
 - klass size:        81
 - access:            public synchronized 
 - state:             fully_initialized
 - name:              'com/gcu/data/PostDataAccessService'
 - super:             'java/lang/Object'
 - sub:               
 - arrays:            NULL
 - methods:           Array<T>(0x000001c83de25c88)
 - method ordering:   Array<T>(0x000001c83de26570)
 - default_methods:   Array<T>(0x0000000000000000)
 - local interfaces:  Array<T>(0x000001c83de106d8)
 - trans. interfaces: Array<T>(0x000001c83de106d8)
 - constants:         constant pool [162] {0x000001c83de270e0} for 'com/gcu/data/PostDataAccessService' cache=0x000001c83de276b0
 - class loader data:  loader data: 0x000001c83cf818d0 for instance a 'org/springframework/boot/devtools/restart/classloader/RestartClassLoader'{0x000000042dc00180}
 - source file:       'PostDataAccessService.java'
 - source debug extension:       SMAP
PostDataAccessService.java
Java
*S jdt
*F
1 PostDataAccessService.java
2 file:/C:/Users/donald/Documents/workspaceCST-339/CST339/target/classes/
*L
*E

 - class annotations:       Array<T>(0x000001c83de26538)
 - class type annotations:  Array<T>(0x0000000000000000)
 - field annotations:       Array<T>(0x000001c83de25c40)
 - field type annotations:  Array<T>(0x0000000000000000)
 - generic signature: '
[error occurred during error reporting (printing register info), id 0xc0000005, EXCEPTION_ACCESS_VIOLATION (0xc0000005) at pc=0x00007ffe4286c896]

Registers:
RAX=0x0000000000000082, RBX=0x000001c8384af555, RCX=0x00000000007f000d, RDX=0x000001c83cbda480
RSP=0x0000000726fff150, RBP=0x000001c83865e7f0, RSI=0x0000000000000000, RDI=0xffffffffffffffff
R8 =0x0000000000000014, R9 =0x0000000000000040, R10=0x0000000000000000, R11=0x0000000726fff170
R12=0x0000000726fff2a8, R13=0x0000000000000000, R14=0x000000062aacc838, R15=0x0000000726fff2d0
RIP=0x00007ffe4286bc8a, EFLAGS=0x0000000000010206

Top of Stack: (sp=0x0000000726fff150)
0x0000000726fff150:   0000000000000022 000000062aacc838
0x0000000726fff160:   000001c83cbd9610 00007ffea93f47b1
0x0000000726fff170:   ffffffffffffffff 00007ffe425d7e6c
0x0000000726fff180:   000001c8384af555 000001c8384af530
0x0000000726fff190:   000001c83865e7f0 00007ffe42597281
0x0000000726fff1a0:   000001c8384af4f0 00000000000003d8
0x0000000726fff1b0:   000001c8384af500 000001c8384af8d8
0x0000000726fff1c0:   0000000000011301 0000000726fff2a8
0x0000000726fff1d0:   0000000000000007 000001c83866dae8
0x0000000726fff1e0:   000000042dc62340 00007ffe4259f4d4
0x0000000726fff1f0:   000001c83866d840 0000000726fff2d0
0x0000000726fff200:   000001c81b80b6e0 0000000726fff2d0
0x0000000726fff210:   000001c83866d840 0000000000000000
0x0000000726fff220:   0000000000000000 0000000000000000
0x0000000726fff230:   000001c83864a8c0 00007ffe77032dff
0x0000000726fff240:   0000000726fff2c8 00007ffe77041aa0 

Instructions: (pc=0x00007ffe4286bc8a)
0x00007ffe4286bb8a:   48 83 c4 20 5f e9 3c a2 90 ff cc cc cc cc cc cc
0x00007ffe4286bb9a:   cc cc cc cc cc cc 48 89 5c 24 08 57 48 83 ec 20
0x00007ffe4286bbaa:   83 fa 02 8d 42 06 b9 08 00 00 00 49 8b d8 0f 4e
0x00007ffe4286bbba:   c1 48 63 c8 48 83 c1 07 83 e1 f8 48 63 f9 49 8b
0x00007ffe4286bbca:   48 18 48 8b c7 48 f7 d0 48 3b c1 73 16 4c 8d 05
0x00007ffe4286bbda:   5a 55 17 00 48 8b d7 48 8b cb e8 47 05 91 ff 48
0x00007ffe4286bbea:   8b 4b 18 48 8d 04 39 48 3b 43 20 76 18 45 33 c0
0x00007ffe4286bbfa:   48 8b d7 48 8b cb 48 8b 5c 24 30 48 83 c4 20 5f
0x00007ffe4286bc0a:   e9 a1 01 91 ff 48 89 43 18 48 8b c1 48 8b 5c 24
0x00007ffe4286bc1a:   30 48 83 c4 20 5f c3 cc cc cc cc cc cc cc cc cc
0x00007ffe4286bc2a:   cc cc cc cc cc cc 4c 8b d2 4c 8b d9 45 85 c0 7e
0x00007ffe4286bc3a:   3c 44 0f b7 49 04 41 8d 40 ff 41 3b c1 44 0f 4c
0x00007ffe4286bc4a:   c8 4d 63 c1 45 85 c9 7e 1f 48 8b c2 4c 2b da 49
0x00007ffe4286bc5a:   8b d0 0f 1f 40 00 41 0f b6 4c 03 06 88 08 48 8d
0x00007ffe4286bc6a:   40 01 48 83 ea 01 75 ee 43 c6 04 10 00 49 8b c2
0x00007ffe4286bc7a:   c3 cc cc cc cc cc 48 89 5c 24 08 57 48 83 ec 20
0x00007ffe4286bc8a:   0f b7 59 04 48 8b f9 33 d2 48 8d 4b 01 e8 24 e8
0x00007ffe4286bc9a:   f2 ff 0f b7 57 04 4c 8b c0 3b da 0f 42 d3 44 8b
0x00007ffe4286bcaa:   ca 85 d2 74 39 48 2b f8 0f 1f 40 00 66 66 0f 1f
0x00007ffe4286bcba:   84 00 00 00 00 00 0f b6 4c 07 06 88 08 48 ff c0
0x00007ffe4286bcca:   48 8b c8 49 2b c8 49 3b c9 7c eb 42 c6 04 02 00
0x00007ffe4286bcda:   49 8b c0 48 8b 5c 24 30 48 83 c4 20 5f c3 48 8b
0x00007ffe4286bcea:   5c 24 30 c6 04 02 00 48 83 c4 20 5f c3 cc cc cc
0x00007ffe4286bcfa:   cc cc cc cc cc cc 4c 8b d1 45 85 c0 7e 6c 44 0f
0x00007ffe4286bd0a:   b7 49 04 41 8d 40 ff 41 3b c1 44 0f 4c c8 4d 63
0x00007ffe4286bd1a:   d9 45 85 c9 7e 22 48 8b ca 4c 2b d2 4d 8b c3 0f
0x00007ffe4286bd2a:   1f 80 00 00 00 00 41 0f b6 44 0a 06 88 01 48 8d
0x00007ffe4286bd3a:   49 01 49 83 e8 01 75 ee 41 c6 04 13 00 48 c7 c0
0x00007ffe4286bd4a:   ff ff ff ff 66 90 48 ff c0 80 3c 02 00 75 f7 48
0x00007ffe4286bd5a:   63 c8 85 c0 48 8b c2 7e 14 80 38 2f 75 03 c6 00
0x00007ffe4286bd6a:   2e 48 ff c0 48 83 e9 01 75 ef 48 8b c2 c3 cc cc
0x00007ffe4286bd7a:   cc cc cc cc cc cc 48 83 ec 28 e8 f7 fe ff ff 4c 


Stack slot to memory mapping:
stack at sp + 0 slots: 0x0000000000000022 is an unknown value
stack at sp + 1 slots: 0x000000062aacc838 is a pointer to class: 
com.gcu.data.PostDataAccessService {0x000000062aacc840}
 - instance size:     3
 - klass size:        81
 - access:            public synchronized 
 - state:             fully_initialized
 - name:              'com/gcu/data/PostDataAccessService'
 - super:             'java/lang/Object'
 - sub:               
 - arrays:            NULL
 - methods:           Array<T>(0x000001c83de25c88)
 - method ordering:   Array<T>(0x000001c83de26570)
 - default_methods:   Array<T>(0x0000000000000000)
 - local interfaces:  Array<T>(0x000001c83de106d8)
 - trans. interfaces: Array<T>(0x000001c83de106d8)
 - constants:         constant pool [162] {0x000001c83de270e0} for 'com/gcu/data/PostDataAccessService' cache=0x000001c83de276b0
 - class loader data:  loader data: 0x000001c83cf818d0 for instance a 'org/springframework/boot/devtools/restart/classloader/RestartClassLoader'{0x000000042dc00180}
 - source file:       'PostDataAccessService.java'
 - source debug extension:       SMAP
PostDataAccessService.java
Java
*S jdt
*F
1 PostDataAccessService.java
2 file:/C:/Users/donald/Documents/workspaceCST-339/CST339/target/classes/
*L
*E

 - class annotations:       Array<T>(0x000001c83de26538)
 - class type annotations:  Array<T>(0x0000000000000000)
 - field annotations:       Array<T>(0x000001c83de25c40)
 - field type annotations:  Array<T>(0x0000000000000000)
 - generic signature: '
[error occurred during error reporting (inspecting top of stack), id 0xc0000005, EXCEPTION_ACCESS_VIOLATION (0xc0000005) at pc=0x00007ffe4286c896]


---------------  P R O C E S S  ---------------

Threads class SMR info:
_java_thread_list=0x000001c838e7bd70, length=40, elements={
0x000001c83845d270, 0x000001c838460000, 0x000001c83842efc0, 0x000001c838470fd0,
0x000001c8384719f0, 0x000001c838487010, 0x000001c838492150, 0x000001c838492a50,
0x000001c837a15a30, 0x000001c83866d840, 0x000001c83866f500, 0x000001c83866f9f0,
0x000001c838ea73e0, 0x000001c838fceeb0, 0x000001c838fb9060, 0x000001c838fbac10,
0x000001c83a052e80, 0x000001c83a055c40, 0x000001c83a061320, 0x000001c83cbaf720,
0x000001c83cbad0a0, 0x000001c83cbb00c0, 0x000001c83cbacbd0, 0x000001c83d1480f0,
0x000001c83d145f40, 0x000001c83d149430, 0x000001c83d146410, 0x000001c83d144c00,
0x000001c83d147750, 0x000001c83d1485c0, 0x000001c83d148a90, 0x000001c83d14a770,
0x000001c83d1455a0, 0x000001c83d144260, 0x000001c83d148f60, 0x000001c83d145a70,
0x000001c83d1433f0, 0x000001c83d146db0, 0x000001c83d149900, 0x000001c83d149dd0
}

Java Threads: ( => current thread )
  0x000001c83845d270 JavaThread "Reference Handler" daemon [_thread_blocked, id=9524, stack(0x0000000726500000,0x0000000726600000)]
  0x000001c838460000 JavaThread "Finalizer" daemon [_thread_blocked, id=14316, stack(0x0000000726600000,0x0000000726700000)]
  0x000001c83842efc0 JavaThread "Signal Dispatcher" daemon [_thread_blocked, id=20036, stack(0x0000000726700000,0x0000000726800000)]
  0x000001c838470fd0 JavaThread "Attach Listener" daemon [_thread_blocked, id=22884, stack(0x0000000726800000,0x0000000726900000)]
  0x000001c8384719f0 JavaThread "Service Thread" daemon [_thread_blocked, id=24924, stack(0x0000000726900000,0x0000000726a00000)]
  0x000001c838487010 JavaThread "Monitor Deflation Thread" daemon [_thread_blocked, id=25964, stack(0x0000000726a00000,0x0000000726b00000)]
  0x000001c838492150 JavaThread "C1 CompilerThread0" daemon [_thread_blocked, id=20720, stack(0x0000000726b00000,0x0000000726c00000)]
  0x000001c838492a50 JavaThread "Sweeper thread" daemon [_thread_blocked, id=13296, stack(0x0000000726c00000,0x0000000726d00000)]
  0x000001c837a15a30 JavaThread "Common-Cleaner" daemon [_thread_blocked, id=13148, stack(0x0000000726d00000,0x0000000726e00000)]
=>0x000001c83866d840 JavaThread "JDWP Transport Listener: dt_socket" daemon [_thread_in_vm, id=25680, stack(0x0000000726f00000,0x0000000727000000)]
  0x000001c83866f500 JavaThread "JDWP Event Helper Thread" daemon [_thread_blocked, id=16648, stack(0x0000000727000000,0x0000000727100000)]
  0x000001c83866f9f0 JavaThread "JDWP Command Reader" daemon [_thread_in_native, id=17088, stack(0x0000000727100000,0x0000000727200000)]
  0x000001c838ea73e0 JavaThread "Notification Thread" daemon [_thread_blocked, id=23112, stack(0x0000000727200000,0x0000000727300000)]
  0x000001c838fceeb0 JavaThread "RMI TCP Accept-0" daemon [_thread_in_native, id=26180, stack(0x0000000727500000,0x0000000727600000)]
  0x000001c838fb9060 JavaThread "RMI TCP Accept-50856" daemon [_thread_in_native, id=19208, stack(0x0000000727600000,0x0000000727700000)]
  0x000001c838fbac10 JavaThread "RMI TCP Accept-0" daemon [_thread_in_native, id=18008, stack(0x0000000727700000,0x0000000727800000)]
  0x000001c83a052e80 JavaThread "RMI Scheduler(0)" daemon [_thread_blocked, id=25076, stack(0x0000000728400000,0x0000000728500000)]
  0x000001c83a055c40 JavaThread "RMI TCP Connection(12)-127.0.0.1" daemon [_thread_in_native, id=25968, stack(0x0000000728500000,0x0000000728600000)]
  0x000001c83a061320 JavaThread "JMX server connection timeout 28" daemon [_thread_blocked, id=25332, stack(0x0000000728600000,0x0000000728700000)]
  0x000001c83cbaf720 JavaThread "mysql-cj-abandoned-connection-cleanup" daemon [_thread_blocked, id=17040, stack(0x0000000728b00000,0x0000000728c00000)]
  0x000001c83cbad0a0 JavaThread "Live Reload Server" daemon [_thread_in_native, id=12624, stack(0x0000000729100000,0x0000000729200000)]
  0x000001c83cbb00c0 JavaThread "http-nio-8080-exec-1" daemon [_thread_blocked, id=15204, stack(0x0000000729000000,0x0000000729100000)]
  0x000001c83cbacbd0 JavaThread "DestroyJavaVM" [_thread_blocked, id=5220, stack(0x0000000725e00000,0x0000000725f00000)]
  0x000001c83d1480f0 JavaThread "Catalina-utility-1" [_thread_blocked, id=26784, stack(0x0000000726e00000,0x0000000726f00000)]
  0x000001c83d145f40 JavaThread "Catalina-utility-2" [_thread_blocked, id=24868, stack(0x0000000727400000,0x0000000727500000)]
  0x000001c83d149430 JavaThread "container-0" [_thread_blocked, id=16328, stack(0x0000000728100000,0x0000000728200000)]
  0x000001c83d146410 JavaThread "HikariPool-7 housekeeper" daemon [_thread_blocked, id=20080, stack(0x0000000728200000,0x0000000728300000)]
  0x000001c83d144c00 JavaThread "File Watcher" daemon [_thread_blocked, id=20492, stack(0x0000000728300000,0x0000000728400000)]
  0x000001c83d147750 JavaThread "http-nio-8080-exec-1" daemon [_thread_blocked, id=9948, stack(0x0000000728800000,0x0000000728900000)]
  0x000001c83d1485c0 JavaThread "http-nio-8080-exec-2" daemon [_thread_blocked, id=9304, stack(0x0000000728900000,0x0000000728a00000)]
  0x000001c83d148a90 JavaThread "http-nio-8080-exec-3" daemon [_thread_blocked, id=25368, stack(0x0000000728a00000,0x0000000728b00000)]
  0x000001c83d14a770 JavaThread "http-nio-8080-exec-4" daemon [_thread_blocked, id=26368, stack(0x0000000728d00000,0x0000000728e00000)]
  0x000001c83d1455a0 JavaThread "http-nio-8080-exec-5" daemon [_thread_blocked, id=23920, stack(0x0000000728e00000,0x0000000728f00000)]
  0x000001c83d144260 JavaThread "http-nio-8080-exec-6" daemon [_thread_blocked, id=25460, stack(0x0000000728f00000,0x0000000729000000)]
  0x000001c83d148f60 JavaThread "http-nio-8080-exec-7" daemon [_thread_blocked, id=1836, stack(0x0000000729200000,0x0000000729300000)]
  0x000001c83d145a70 JavaThread "http-nio-8080-exec-8" daemon [_thread_blocked, id=7708, stack(0x0000000729300000,0x0000000729400000)]
  0x000001c83d1433f0 JavaThread "http-nio-8080-exec-9" daemon [_thread_blocked, id=19664, stack(0x0000000729400000,0x0000000729500000)]
  0x000001c83d146db0 JavaThread "http-nio-8080-exec-10" daemon [_thread_blocked, id=26052, stack(0x0000000729500000,0x0000000729600000)]
  0x000001c83d149900 JavaThread "http-nio-8080-Poller" daemon [_thread_in_native, id=27080, stack(0x0000000729600000,0x0000000729700000)]
  0x000001c83d149dd0 JavaThread "http-nio-8080-Acceptor" daemon [_thread_in_native, id=13432, stack(0x0000000729700000,0x0000000729800000)]

Other Threads:
  0x000001c837a45160 VMThread "VM Thread" [stack: 0x0000000726400000,0x0000000726500000] [id=21636]
  0x000001c838fbb2d0 WatcherThread [stack: 0x0000000727800000,0x0000000727900000] [id=22500]
  0x000001c81b8944f0 GCTaskThread "GC Thread#0" [stack: 0x0000000725f00000,0x0000000726000000] [id=25484]
  0x000001c8390a6910 GCTaskThread "GC Thread#1" [stack: 0x0000000727900000,0x0000000727a00000] [id=17496]
  0x000001c839281010 GCTaskThread "GC Thread#2" [stack: 0x0000000727a00000,0x0000000727b00000] [id=6692]
  0x000001c8392812c0 GCTaskThread "GC Thread#3" [stack: 0x0000000727b00000,0x0000000727c00000] [id=13064]
  0x000001c839281570 GCTaskThread "GC Thread#4" [stack: 0x0000000727c00000,0x0000000727d00000] [id=16744]
  0x000001c8392d97e0 GCTaskThread "GC Thread#5" [stack: 0x0000000727d00000,0x0000000727e00000] [id=21276]
  0x000001c8392d9a90 GCTaskThread "GC Thread#6" [stack: 0x0000000727e00000,0x0000000727f00000] [id=19848]
  0x000001c8392d9d40 GCTaskThread "GC Thread#7" [stack: 0x0000000727f00000,0x0000000728000000] [id=7004]
  0x000001c81b8a5a30 ConcurrentGCThread "G1 Main Marker" [stack: 0x0000000726000000,0x0000000726100000] [id=3024]
  0x000001c81b8a6350 ConcurrentGCThread "G1 Conc#0" [stack: 0x0000000726100000,0x0000000726200000] [id=24600]
  0x000001c83a1eaa90 ConcurrentGCThread "G1 Conc#1" [stack: 0x0000000728700000,0x0000000728800000] [id=3404]
  0x000001c81b8ee560 ConcurrentGCThread "G1 Refine#0" [stack: 0x0000000726200000,0x0000000726300000] [id=9088]
  0x000001c83933df80 ConcurrentGCThread "G1 Refine#1" [stack: 0x0000000728000000,0x0000000728100000] [id=23548]
  0x000001c8378de130 ConcurrentGCThread "G1 Service" [stack: 0x0000000726300000,0x0000000726400000] [id=5116]

Threads with active compile tasks:

VM state: not at safepoint (normal execution)

VM Mutex/Monitor currently owned by a thread: None

Heap address: 0x000000042b800000, size: 8172 MB, Compressed Oops mode: Zero based, Oop shift amount: 3

CDS archive(s) not mapped
Compressed class space mapped at: 0x000000062a400000-0x000000066a400000, reserved size: 1073741824
Narrow klass base: 0x0000000000000000, Narrow klass shift: 3, Narrow klass range: 0x66a400000

GC Precious Log:
 CPUs: 8 total, 8 available
 Memory: 32686M
 Large Page Support: Disabled
 NUMA Support: Disabled
 Compressed Oops: Enabled (Zero based)
 Heap Region Size: 4M
 Heap Min Capacity: 8M
 Heap Initial Capacity: 512M
 Heap Max Capacity: 8172M
 Pre-touch: Disabled
 Parallel Workers: 8
 Concurrent Workers: 2
 Concurrent Refinement Workers: 8
 Periodic GC: Disabled

Heap:
 garbage-first heap   total 81920K, used 37233K [0x000000042b800000, 0x000000062a400000)
  region size 4096K, 5 young (20480K), 1 survivors (4096K)
 Metaspace       used 53720K, committed 54144K, reserved 1097728K
  class space    used 6674K, committed 6848K, reserved 1048576K

Heap Regions: E=young(eden), S=young(survivor), O=old, HS=humongous(starts), HC=humongous(continues), CS=collection set, F=free, OA=open archive, CA=closed archive, TAMS=top-at-mark-start (previous, next)
|   0|0x000000042b800000, 0x000000042bbe5660, 0x000000042bc00000| 97%| O|  |TAMS 0x000000042bbe5660, 0x000000042b800000| Untracked 
|   1|0x000000042bc00000, 0x000000042c000000, 0x000000042c000000|100%| O|  |TAMS 0x000000042c000000, 0x000000042bc00000| Untracked 
|   2|0x000000042c000000, 0x000000042c3fffc0, 0x000000042c400000| 99%| O|  |TAMS 0x000000042c3fffc0, 0x000000042c000000| Untracked 
|   3|0x000000042c400000, 0x000000042c800000, 0x000000042c800000|100%| O|  |TAMS 0x000000042c800000, 0x000000042c400000| Untracked 
|   4|0x000000042c800000, 0x000000042ca820d8, 0x000000042cc00000| 62%| O|  |TAMS 0x000000042c800000, 0x000000042c800000| Untracked 
|   5|0x000000042cc00000, 0x000000042cf24d50, 0x000000042d000000| 78%| O|  |TAMS 0x000000042cc00000, 0x000000042cc00000| Untracked 
|   6|0x000000042d000000, 0x000000042d000000, 0x000000042d400000|  0%| F|  |TAMS 0x000000042d000000, 0x000000042d000000| Untracked 
|   7|0x000000042d400000, 0x000000042d400000, 0x000000042d800000|  0%| F|  |TAMS 0x000000042d400000, 0x000000042d400000| Untracked 
|   8|0x000000042d800000, 0x000000042d800000, 0x000000042dc00000|  0%| F|  |TAMS 0x000000042d800000, 0x000000042d800000| Untracked 
|   9|0x000000042dc00000, 0x000000042ded0280, 0x000000042e000000| 70%| S|CS|TAMS 0x000000042dc00000, 0x000000042dc00000| Complete 
|  10|0x000000042e000000, 0x000000042e000000, 0x000000042e400000|  0%| F|  |TAMS 0x000000042e000000, 0x000000042e000000| Untracked 
|  11|0x000000042e400000, 0x000000042e400000, 0x000000042e800000|  0%| F|  |TAMS 0x000000042e400000, 0x000000042e400000| Untracked 
|  12|0x000000042e800000, 0x000000042e800000, 0x000000042ec00000|  0%| F|  |TAMS 0x000000042e800000, 0x000000042e800000| Untracked 
|  13|0x000000042ec00000, 0x000000042ec00000, 0x000000042f000000|  0%| F|  |TAMS 0x000000042ec00000, 0x000000042ec00000| Untracked 
|  14|0x000000042f000000, 0x000000042f000000, 0x000000042f400000|  0%| F|  |TAMS 0x000000042f000000, 0x000000042f000000| Untracked 
|  15|0x000000042f400000, 0x000000042f400000, 0x000000042f800000|  0%| F|  |TAMS 0x000000042f400000, 0x000000042f400000| Untracked 
|  16|0x000000042f800000, 0x000000042f9481c8, 0x000000042fc00000| 32%| E|  |TAMS 0x000000042f800000, 0x000000042f800000| Complete 
|  17|0x000000042fc00000, 0x0000000430000000, 0x0000000430000000|100%| E|CS|TAMS 0x000000042fc00000, 0x000000042fc00000| Complete 
|  18|0x0000000430000000, 0x0000000430400000, 0x0000000430400000|100%| E|CS|TAMS 0x0000000430000000, 0x0000000430000000| Complete 
|  19|0x0000000430400000, 0x0000000430800000, 0x0000000430800000|100%| E|CS|TAMS 0x0000000430400000, 0x0000000430400000| Complete 

Card table byte_map: [0x000001c822fd0000,0x000001c823fd0000] _byte_map_base: 0x000001c820e74000

Marking Bits (Prev, Next): (CMBitMap*) 0x000001c81b894a10, (CMBitMap*) 0x000001c81b894a50
 Prev Bits: [0x000001c824fd0000, 0x000001c82cf80000)
 Next Bits: [0x000001c82cf80000, 0x000001c834f30000)

Polling page: 0x000001c819740000

Metaspace:

Usage:
  Non-class:     45.94 MB used.
      Class:      6.52 MB used.
       Both:     52.46 MB used.

Virtual space:
  Non-class space:       48.00 MB reserved,      46.19 MB ( 96%) committed,  6 nodes.
      Class space:        1.00 GB reserved,       6.69 MB ( <1%) committed,  1 nodes.
             Both:        1.05 GB reserved,      52.88 MB (  5%) committed. 

Chunk freelists:
   Non-Class:  1.83 MB
       Class:  1.19 MB
        Both:  3.02 MB

MaxMetaspaceSize: unlimited
CompressedClassSpaceSize: 1.00 GB
Initial GC threshold: 21.00 MB
Current GC threshold: 87.94 MB
CDS: off
MetaspaceReclaimPolicy: balanced
 - commit_granule_bytes: 65536.
 - commit_granule_words: 8192.
 - virtual_space_node_default_size: 1048576.
 - enlarge_chunks_in_place: 1.
 - new_chunks_are_fully_committed: 0.
 - uncommit_free_chunks: 1.
 - use_allocation_guard: 0.
 - handle_deallocations: 1.


Internal statistics:

num_allocs_failed_limit: 6.
num_arena_births: 670.
num_arena_deaths: 130.
num_vsnodes_births: 7.
num_vsnodes_deaths: 0.
num_space_committed: 846.
num_space_uncommitted: 0.
num_chunks_returned_to_freelist: 163.
num_chunks_taken_from_freelist: 2391.
num_chunk_merges: 50.
num_chunk_splits: 1496.
num_chunks_enlarged: 1045.
num_purges: 8.
num_inconsistent_stats: 0.

CodeCache: size=49152Kb used=13747Kb max_used=14069Kb free=35404Kb
 bounds [0x000001c81eec0000, 0x000001c81fc80000, 0x000001c821ec0000]
 total_blobs=7580 nmethods=6926 adapters=580
 compilation: enabled
              stopped_count=0, restarted_count=0
 full_count=0

Compilation events (20 events):
Event: 521.330 Thread 0x000001c838492150 6917       1       com.mysql.cj.protocol.AbstractSocketConnection::getExceptionInterceptor (5 bytes)
Event: 521.330 Thread 0x000001c838492150 nmethod 6917 0x000001c81fac5290 code [0x000001c81fac5420, 0x000001c81fac54f8]
Event: 521.331 Thread 0x000001c838492150 6918       1       com.mysql.cj.protocol.a.NativeCapabilities::getCapabilityFlags (5 bytes)
Event: 521.331 Thread 0x000001c838492150 nmethod 6918 0x000001c81fac4f90 code [0x000001c81fac5120, 0x000001c81fac51f8]
Event: 521.331 Thread 0x000001c838492150 6920       1       com.mysql.cj.protocol.a.NativeServerSession::supportsQueryAttributes (19 bytes)
Event: 521.331 Thread 0x000001c838492150 nmethod 6920 0x000001c81fac4c90 code [0x000001c81fac4e20, 0x000001c81fac4f18]
Event: 521.331 Thread 0x000001c838492150 6919       1       com.mysql.cj.protocol.a.NativeProtocol::getWarningCount (5 bytes)
Event: 521.332 Thread 0x000001c838492150 nmethod 6919 0x000001c81fac4990 code [0x000001c81fac4b20, 0x000001c81fac4bf8]
Event: 521.332 Thread 0x000001c838492150 6921       1       com.mysql.cj.result.DefaultColumnDefinition::hasBuiltIndexMapping (5 bytes)
Event: 521.332 Thread 0x000001c838492150 nmethod 6921 0x000001c81fac4690 code [0x000001c81fac4820, 0x000001c81fac48f8]
Event: 521.332 Thread 0x000001c838492150 6922       1       com.mysql.cj.conf.AbstractPropertyDefinition::isRangeBased (2 bytes)
Event: 521.332 Thread 0x000001c838492150 nmethod 6922 0x000001c81fac4390 code [0x000001c81fac4520, 0x000001c81fac45f8]
Event: 521.335 Thread 0x000001c838492150 6923   !   1       java.nio.charset.CharsetEncoder::encode (273 bytes)
Event: 521.336 Thread 0x000001c838492150 nmethod 6923 0x000001c81fac3690 code [0x000001c81fac38c0, 0x000001c81fac3f08]
Event: 521.336 Thread 0x000001c838492150 6924       1       com.mysql.cj.conf.IntegerPropertyDefinition::isRangeBased (17 bytes)
Event: 521.336 Thread 0x000001c838492150 nmethod 6924 0x000001c81fac3390 code [0x000001c81fac3520, 0x000001c81fac35f8]
Event: 521.343 Thread 0x000001c838492150 6925       1       sun.nio.cs.UTF_8$Encoder::encodeLoop (28 bytes)
Event: 521.343 Thread 0x000001c838492150 nmethod 6925 0x000001c81fac2f10 code [0x000001c81fac30c0, 0x000001c81fac3298]
Event: 521.343 Thread 0x000001c838492150 6926       1       java.lang.invoke.VarHandleInts$FieldInstanceReadWrite::compareAndSet (32 bytes)
Event: 521.343 Thread 0x000001c838492150 nmethod 6926 0x000001c81fac2890 code [0x000001c81fac2a60, 0x000001c81fac2d28]

GC Heap History (20 events):
Event: 205.769 GC heap before
{Heap before GC invocations=15 (full 1):
 garbage-first heap   total 98304K, used 37590K [0x000000042b800000, 0x000000062a400000)
  region size 4096K, 5 young (20480K), 1 survivors (4096K)
 Metaspace       used 53049K, committed 53504K, reserved 1097728K
  class space    used 6592K, committed 6784K, reserved 1048576K
}
Event: 205.807 GC heap after
{Heap after GC invocations=16 (full 2):
 garbage-first heap   total 98304K, used 23238K [0x000000042b800000, 0x000000062a400000)
  region size 4096K, 0 young (0K), 0 survivors (0K)
 Metaspace       used 53049K, committed 53504K, reserved 1097728K
  class space    used 6592K, committed 6784K, reserved 1048576K
}
Event: 206.240 GC heap before
{Heap before GC invocations=16 (full 2):
 garbage-first heap   total 98304K, used 64198K [0x000000042b800000, 0x000000062a400000)
  region size 4096K, 11 young (45056K), 0 survivors (0K)
 Metaspace       used 53186K, committed 53696K, reserved 1097728K
  class space    used 6616K, committed 6848K, reserved 1048576K
}
Event: 206.242 GC heap after
{Heap after GC invocations=17 (full 2):
 garbage-first heap   total 98304K, used 26455K [0x000000042b800000, 0x000000062a400000)
  region size 4096K, 1 young (4096K), 1 survivors (4096K)
 Metaspace       used 53186K, committed 53696K, reserved 1097728K
  class space    used 6616K, committed 6848K, reserved 1048576K
}
Event: 319.720 GC heap before
{Heap before GC invocations=17 (full 2):
 garbage-first heap   total 98304K, used 38743K [0x000000042b800000, 0x000000062a400000)
  region size 4096K, 5 young (20480K), 1 survivors (4096K)
 Metaspace       used 53217K, committed 53696K, reserved 1097728K
  class space    used 6618K, committed 6848K, reserved 1048576K
}
Event: 319.766 GC heap after
{Heap after GC invocations=18 (full 3):
 garbage-first heap   total 81920K, used 21853K [0x000000042b800000, 0x000000062a400000)
  region size 4096K, 0 young (0K), 0 survivors (0K)
 Metaspace       used 53082K, committed 53696K, reserved 1097728K
  class space    used 6588K, committed 6848K, reserved 1048576K
}
Event: 320.159 GC heap before
{Heap before GC invocations=18 (full 3):
 garbage-first heap   total 81920K, used 62813K [0x000000042b800000, 0x000000062a400000)
  region size 4096K, 10 young (40960K), 0 survivors (0K)
 Metaspace       used 53198K, committed 53696K, reserved 1097728K
  class space    used 6606K, committed 6848K, reserved 1048576K
}
Event: 320.161 GC heap after
{Heap after GC invocations=19 (full 3):
 garbage-first heap   total 81920K, used 24685K [0x000000042b800000, 0x000000062a400000)
  region size 4096K, 1 young (4096K), 1 survivors (4096K)
 Metaspace       used 53198K, committed 53696K, reserved 1097728K
  class space    used 6606K, committed 6848K, reserved 1048576K
}
Event: 392.512 GC heap before
{Heap before GC invocations=19 (full 3):
 garbage-first heap   total 81920K, used 41069K [0x000000042b800000, 0x000000062a400000)
  region size 4096K, 6 young (24576K), 1 survivors (4096K)
 Metaspace       used 53246K, committed 53696K, reserved 1097728K
  class space    used 6611K, committed 6848K, reserved 1048576K
}
Event: 392.551 GC heap after
{Heap after GC invocations=20 (full 4):
 garbage-first heap   total 81920K, used 21886K [0x000000042b800000, 0x000000062a400000)
  region size 4096K, 0 young (0K), 0 survivors (0K)
 Metaspace       used 53233K, committed 53696K, reserved 1097728K
  class space    used 6609K, committed 6848K, reserved 1048576K
}
Event: 392.919 GC heap before
{Heap before GC invocations=20 (full 4):
 garbage-first heap   total 81920K, used 62846K [0x000000042b800000, 0x000000062a400000)
  region size 4096K, 10 young (40960K), 0 survivors (0K)
 Metaspace       used 53341K, committed 53824K, reserved 1097728K
  class space    used 6625K, committed 6848K, reserved 1048576K
}
Event: 392.921 GC heap after
{Heap after GC invocations=21 (full 4):
 garbage-first heap   total 81920K, used 24758K [0x000000042b800000, 0x000000062a400000)
  region size 4096K, 1 young (4096K), 1 survivors (4096K)
 Metaspace       used 53341K, committed 53824K, reserved 1097728K
  class space    used 6625K, committed 6848K, reserved 1048576K
}
Event: 419.117 GC heap before
{Heap before GC invocations=21 (full 4):
 garbage-first heap   total 81920K, used 37046K [0x000000042b800000, 0x000000062a400000)
  region size 4096K, 5 young (20480K), 1 survivors (4096K)
 Metaspace       used 53374K, committed 53824K, reserved 1097728K
  class space    used 6627K, committed 6848K, reserved 1048576K
}
Event: 419.153 GC heap after
{Heap after GC invocations=22 (full 5):
 garbage-first heap   total 81920K, used 21924K [0x000000042b800000, 0x000000062a400000)
  region size 4096K, 0 young (0K), 0 survivors (0K)
 Metaspace       used 53367K, committed 53824K, reserved 1097728K
  class space    used 6626K, committed 6848K, reserved 1048576K
}
Event: 419.528 GC heap before
{Heap before GC invocations=22 (full 5):
 garbage-first heap   total 81920K, used 58788K [0x000000042b800000, 0x000000062a400000)
  region size 4096K, 10 young (40960K), 0 survivors (0K)
 Metaspace       used 53523K, committed 54016K, reserved 1097728K
  class space    used 6653K, committed 6848K, reserved 1048576K
}
Event: 419.530 GC heap after
{Heap after GC invocations=23 (full 5):
 garbage-first heap   total 81920K, used 24868K [0x000000042b800000, 0x000000062a400000)
  region size 4096K, 1 young (4096K), 1 survivors (4096K)
 Metaspace       used 53523K, committed 54016K, reserved 1097728K
  class space    used 6653K, committed 6848K, reserved 1048576K
}
Event: 520.451 GC heap before
{Heap before GC invocations=23 (full 5):
 garbage-first heap   total 81920K, used 41252K [0x000000042b800000, 0x000000062a400000)
  region size 4096K, 6 young (24576K), 1 survivors (4096K)
 Metaspace       used 53582K, committed 54016K, reserved 1097728K
  class space    used 6658K, committed 6848K, reserved 1048576K
}
Event: 520.498 GC heap after
{Heap after GC invocations=24 (full 6):
 garbage-first heap   total 81920K, used 22065K [0x000000042b800000, 0x000000062a400000)
  region size 4096K, 0 young (0K), 0 survivors (0K)
 Metaspace       used 53579K, committed 54016K, reserved 1097728K
  class space    used 6657K, committed 6848K, reserved 1048576K
}
Event: 521.088 GC heap before
{Heap before GC invocations=24 (full 6):
 garbage-first heap   total 81920K, used 63025K [0x000000042b800000, 0x000000062a400000)
  region size 4096K, 10 young (40960K), 0 survivors (0K)
 Metaspace       used 53681K, committed 54144K, reserved 1097728K
  class space    used 6672K, committed 6848K, reserved 1048576K
}
Event: 521.090 GC heap after
{Heap after GC invocations=25 (full 6):
 garbage-first heap   total 81920K, used 24945K [0x000000042b800000, 0x000000062a400000)
  region size 4096K, 1 young (4096K), 1 survivors (4096K)
 Metaspace       used 53681K, committed 54144K, reserved 1097728K
  class space    used 6672K, committed 6848K, reserved 1048576K
}

Deoptimization events (20 events):
Event: 521.245 Thread 0x000001c83d1438c0 DEOPT PACKING pc=0x000001c81f7ca264 sp=0x00000007273fd110
Event: 521.245 Thread 0x000001c83d1438c0 DEOPT UNPACKING pc=0x000001c81ef12b43 sp=0x00000007273fc5d0 mode 1
Event: 521.245 Thread 0x000001c83d1438c0 DEOPT PACKING pc=0x000001c81f55cb44 sp=0x00000007273fd6e0
Event: 521.245 Thread 0x000001c83d1438c0 DEOPT UNPACKING pc=0x000001c81ef12b43 sp=0x00000007273fcc40 mode 1
Event: 521.245 Thread 0x000001c83d1438c0 DEOPT PACKING pc=0x000001c81f282c14 sp=0x00000007273fd800
Event: 521.245 Thread 0x000001c83d1438c0 DEOPT UNPACKING pc=0x000001c81ef12b43 sp=0x00000007273fccb8 mode 1
Event: 521.245 Thread 0x000001c83d1438c0 DEOPT PACKING pc=0x000001c81f55cb44 sp=0x00000007273fd6b0
Event: 521.245 Thread 0x000001c83d1438c0 DEOPT UNPACKING pc=0x000001c81ef12b43 sp=0x00000007273fcc28 mode 1
Event: 521.245 Thread 0x000001c83d1438c0 DEOPT PACKING pc=0x000001c81f55cb44 sp=0x00000007273fdb60
Event: 521.245 Thread 0x000001c83d1438c0 DEOPT UNPACKING pc=0x000001c81ef12b43 sp=0x00000007273fd0c0 mode 1
Event: 521.245 Thread 0x000001c83d1438c0 DEOPT PACKING pc=0x000001c81f7ca264 sp=0x00000007273fdc80
Event: 521.245 Thread 0x000001c83d1438c0 DEOPT UNPACKING pc=0x000001c81ef12b43 sp=0x00000007273fd140 mode 1
Event: 521.245 Thread 0x000001c83d1438c0 DEOPT PACKING pc=0x000001c81f55cb44 sp=0x00000007273fdb60
Event: 521.245 Thread 0x000001c83d1438c0 DEOPT UNPACKING pc=0x000001c81ef12b43 sp=0x00000007273fd0c0 mode 1
Event: 521.245 Thread 0x000001c83d1438c0 DEOPT PACKING pc=0x000001c81f7ca264 sp=0x00000007273fdc80
Event: 521.245 Thread 0x000001c83d1438c0 DEOPT UNPACKING pc=0x000001c81ef12b43 sp=0x00000007273fd140 mode 1
Event: 521.255 Thread 0x000001c83d1438c0 DEOPT PACKING pc=0x000001c81f255634 sp=0x00000007273fdc20
Event: 521.255 Thread 0x000001c83d1438c0 DEOPT UNPACKING pc=0x000001c81ef12b43 sp=0x00000007273fd1f0 mode 1
Event: 521.255 Thread 0x000001c83d1438c0 DEOPT PACKING pc=0x000001c81fb16674 sp=0x00000007273fde40
Event: 521.255 Thread 0x000001c83d1438c0 DEOPT UNPACKING pc=0x000001c81ef12b43 sp=0x00000007273fd2f8 mode 1

Classes unloaded (20 events):
Event: 319.739 Thread 0x000001c837a45160 Unloading class 0x000000062a507000 'java/lang/invoke/LambdaForm$MH+0x000000062a507000'
Event: 319.739 Thread 0x000001c837a45160 Unloading class 0x000000062a506c00 'java/lang/invoke/LambdaForm$MH+0x000000062a506c00'
Event: 319.739 Thread 0x000001c837a45160 Unloading class 0x000000062a506800 'java/lang/invoke/LambdaForm$MH+0x000000062a506800'
Event: 319.739 Thread 0x000001c837a45160 Unloading class 0x000000062a506400 'java/lang/invoke/LambdaForm$MH+0x000000062a506400'
Event: 319.739 Thread 0x000001c837a45160 Unloading class 0x000000062a506000 'java/lang/invoke/LambdaForm$MH+0x000000062a506000'
Event: 319.739 Thread 0x000001c837a45160 Unloading class 0x000000062a505c00 'java/lang/invoke/LambdaForm$MH+0x000000062a505c00'
Event: 319.739 Thread 0x000001c837a45160 Unloading class 0x000000062a504c00 'java/lang/invoke/LambdaForm$MH+0x000000062a504c00'
Event: 319.739 Thread 0x000001c837a45160 Unloading class 0x000000062a504800 'java/lang/invoke/LambdaForm$MH+0x000000062a504800'
Event: 319.739 Thread 0x000001c837a45160 Unloading class 0x000000062a504000 'java/lang/invoke/LambdaForm$MH+0x000000062a504000'
Event: 319.739 Thread 0x000001c837a45160 Unloading class 0x000000062a503400 'java/lang/invoke/LambdaForm$MH+0x000000062a503400'
Event: 319.739 Thread 0x000001c837a45160 Unloading class 0x000000062a502c00 'java/lang/invoke/LambdaForm$MH+0x000000062a502c00'
Event: 319.739 Thread 0x000001c837a45160 Unloading class 0x000000062a502400 'java/lang/invoke/LambdaForm$MH+0x000000062a502400'
Event: 319.739 Thread 0x000001c837a45160 Unloading class 0x000000062a501c00 'java/lang/invoke/LambdaForm$MH+0x000000062a501c00'
Event: 392.527 Thread 0x000001c837a45160 Unloading class 0x000000062aac1800 'org/apache/catalina/loader/JdbcLeakPrevention'
Event: 392.527 Thread 0x000001c837a45160 Unloading class 0x000000062a5b1c00 'jdk/internal/reflect/GeneratedSerializationConstructorAccessor7'
Event: 392.527 Thread 0x000001c837a45160 Unloading class 0x000000062a5b1800 'jdk/internal/reflect/GeneratedSerializationConstructorAccessor6'
Event: 392.527 Thread 0x000001c837a45160 Unloading class 0x000000062a5b1400 'jdk/internal/reflect/GeneratedSerializationConstructorAccessor5'
Event: 419.132 Thread 0x000001c837a45160 Unloading class 0x000000062a5ba800 'org/apache/catalina/loader/JdbcLeakPrevention'
Event: 419.132 Thread 0x000001c837a45160 Unloading class 0x000000062a5ba000 'jdk/internal/reflect/GeneratedSerializationConstructorAccessor9'
Event: 520.472 Thread 0x000001c837a45160 Unloading class 0x000000062a504800 'org/apache/catalina/loader/JdbcLeakPrevention'

Classes redefined (20 events):
Event: 391.233 Thread 0x000001c837a45160 redefined class name=com.gcu.data.PostDataAccessService, count=3
Event: 391.233 Thread 0x000001c837a45160 redefined class name=com.gcu.data.PostDataAccessService, count=4
Event: 417.601 Thread 0x000001c837a45160 redefined class name=com.gcu.data.PostDataAccessService, count=3
Event: 417.601 Thread 0x000001c837a45160 redefined class name=com.gcu.data.PostDataAccessService, count=1
Event: 417.601 Thread 0x000001c837a45160 redefined class name=com.gcu.data.PostDataAccessService, count=2
Event: 417.601 Thread 0x000001c837a45160 redefined class name=com.gcu.data.PostDataAccessService, count=4
Event: 417.601 Thread 0x000001c837a45160 redefined class name=com.gcu.data.PostDataAccessService, count=5
Event: 518.760 Thread 0x000001c837a45160 redefined class name=com.gcu.data.PostDataAccessService, count=4
Event: 518.760 Thread 0x000001c837a45160 redefined class name=com.gcu.data.PostDataAccessService, count=1
Event: 518.760 Thread 0x000001c837a45160 redefined class name=com.gcu.data.PostDataAccessService, count=2
Event: 518.760 Thread 0x000001c837a45160 redefined class name=com.gcu.data.PostDataAccessService, count=3
Event: 518.760 Thread 0x000001c837a45160 redefined class name=com.gcu.data.PostDataAccessService, count=5
Event: 518.760 Thread 0x000001c837a45160 redefined class name=com.gcu.data.PostDataAccessService, count=6
Event: 549.844 Thread 0x000001c837a45160 redefined class name=com.gcu.data.PostDataAccessService, count=5
Event: 549.844 Thread 0x000001c837a45160 redefined class name=com.gcu.data.PostDataAccessService, count=3
Event: 549.844 Thread 0x000001c837a45160 redefined class name=com.gcu.data.PostDataAccessService, count=4
Event: 549.844 Thread 0x000001c837a45160 redefined class name=com.gcu.data.PostDataAccessService, count=6
Event: 549.844 Thread 0x000001c837a45160 redefined class name=com.gcu.data.PostDataAccessService, count=7
Event: 549.844 Thread 0x000001c837a45160 redefined class name=com.gcu.data.PostDataAccessService, count=2
Event: 549.844 Thread 0x000001c837a45160 redefined class name=com.gcu.data.PostDataAccessService, count=1

Internal exceptions (20 events):
Event: 419.404 Thread 0x000001c83d145f40 Exception <a 'java/lang/NoClassDefFoundError'{0x000000042f24d690}: org/springframework/session/jdbc/JdbcIndexedSessionRepository> (0x000000042f24d690) 
thrown [e:\jenkins\tmp\workspace\build\src\src\hotspot\share\oops\constantPool.cpp, line 835]
Event: 419.437 Thread 0x000001c83d145f40 Exception <a 'sun/nio/fs/WindowsException'{0x000000042ea0bae0}> (0x000000042ea0bae0) 
thrown [e:\jenkins\tmp\workspace\build\src\src\hotspot\share\prims\jni.cpp, line 516]
Event: 419.437 Thread 0x000001c83d145f40 Exception <a 'sun/nio/fs/WindowsException'{0x000000042ea0c1e0}> (0x000000042ea0c1e0) 
thrown [e:\jenkins\tmp\workspace\build\src\src\hotspot\share\prims\jni.cpp, line 516]
Event: 419.437 Thread 0x000001c83d145f40 Exception <a 'sun/nio/fs/WindowsException'{0x000000042ea0c8c0}> (0x000000042ea0c8c0) 
thrown [e:\jenkins\tmp\workspace\build\src\src\hotspot\share\prims\jni.cpp, line 516]
Event: 419.451 Thread 0x000001c83d145f40 Exception <a 'java/io/FileNotFoundException'{0x000000042ea3e360}> (0x000000042ea3e360) 
thrown [e:\jenkins\tmp\workspace\build\src\src\hotspot\share\prims\jni.cpp, line 516]
Event: 419.463 Thread 0x000001c83d145f40 Exception <a 'java/io/FileNotFoundException'{0x000000042ebd5ee0}> (0x000000042ebd5ee0) 
thrown [e:\jenkins\tmp\workspace\build\src\src\hotspot\share\prims\jni.cpp, line 516]
Event: 520.446 Thread 0x000001c83d143d90 Exception <a 'java/lang/InterruptedException'{0x000000042f5df138}: sleep interrupted> (0x000000042f5df138) 
thrown [e:\jenkins\tmp\workspace\build\src\src\hotspot\share\prims\jvm.cpp, line 3067]
Event: 520.523 Thread 0x000001c83d1438c0 Exception <a 'sun/nio/fs/WindowsException'{0x00000004304ad568}> (0x00000004304ad568) 
thrown [e:\jenkins\tmp\workspace\build\src\src\hotspot\share\prims\jni.cpp, line 516]
Event: 520.815 Thread 0x000001c83d1438c0 Exception <a 'java/lang/NoClassDefFoundError'{0x000000042f1d4b68}: org/flywaydb/core/Flyway> (0x000000042f1d4b68) 
thrown [e:\jenkins\tmp\workspace\build\src\src\hotspot\share\oops\constantPool.cpp, line 835]
Event: 520.816 Thread 0x000001c83d1438c0 Exception <a 'java/lang/NoClassDefFoundError'{0x000000042f1d51b8}: liquibase/integration/spring/SpringLiquibase> (0x000000042f1d51b8) 
thrown [e:\jenkins\tmp\workspace\build\src\src\hotspot\share\oops\constantPool.cpp, line 835]
Event: 520.840 Thread 0x000001c83d1438c0 Exception <a 'java/lang/NoClassDefFoundError'{0x000000042f2201c0}: org/jooq/DSLContext> (0x000000042f2201c0) 
thrown [e:\jenkins\tmp\workspace\build\src\src\hotspot\share\oops\constantPool.cpp, line 835]
Event: 520.841 Thread 0x000001c83d1438c0 Exception <a 'java/lang/NoClassDefFoundError'{0x000000042f221710}: javax/persistence/EntityManagerFactory> (0x000000042f221710) 
thrown [e:\jenkins\tmp\workspace\build\src\src\hotspot\share\oops\constantPool.cpp, line 835]
Event: 520.841 Thread 0x000001c83d1438c0 Exception <a 'java/lang/NoClassDefFoundError'{0x000000042f221d70}: org/springframework/batch/core/repository/JobRepository> (0x000000042f221d70) 
thrown [e:\jenkins\tmp\workspace\build\src\src\hotspot\share\oops\constantPool.cpp, line 835]
Event: 520.841 Thread 0x000001c83d1438c0 Exception <a 'java/lang/NoClassDefFoundError'{0x000000042f2223b8}: org/quartz/Scheduler> (0x000000042f2223b8) 
thrown [e:\jenkins\tmp\workspace\build\src\src\hotspot\share\oops\constantPool.cpp, line 835]
Event: 520.842 Thread 0x000001c83d1438c0 Exception <a 'java/lang/NoClassDefFoundError'{0x000000042f222a28}: org/springframework/session/jdbc/JdbcIndexedSessionRepository> (0x000000042f222a28) 
thrown [e:\jenkins\tmp\workspace\build\src\src\hotspot\share\oops\constantPool.cpp, line 835]
Event: 520.917 Thread 0x000001c83d1438c0 Exception <a 'sun/nio/fs/WindowsException'{0x000000042e9d68c8}> (0x000000042e9d68c8) 
thrown [e:\jenkins\tmp\workspace\build\src\src\hotspot\share\prims\jni.cpp, line 516]
Event: 520.918 Thread 0x000001c83d1438c0 Exception <a 'sun/nio/fs/WindowsException'{0x000000042e9d6fc8}> (0x000000042e9d6fc8) 
thrown [e:\jenkins\tmp\workspace\build\src\src\hotspot\share\prims\jni.cpp, line 516]
Event: 520.918 Thread 0x000001c83d1438c0 Exception <a 'sun/nio/fs/WindowsException'{0x000000042e9d76a8}> (0x000000042e9d76a8) 
thrown [e:\jenkins\tmp\workspace\build\src\src\hotspot\share\prims\jni.cpp, line 516]
Event: 520.958 Thread 0x000001c83d1438c0 Exception <a 'java/io/FileNotFoundException'{0x000000042ea093d0}> (0x000000042ea093d0) 
thrown [e:\jenkins\tmp\workspace\build\src\src\hotspot\share\prims\jni.cpp, line 516]
Event: 520.985 Thread 0x000001c83d1438c0 Exception <a 'java/io/FileNotFoundException'{0x000000042eba1fe8}> (0x000000042eba1fe8) 
thrown [e:\jenkins\tmp\workspace\build\src\src\hotspot\share\prims\jni.cpp, line 516]

VM Operations (20 events):
Event: 521.006 Executing VM operation: ChangeBreakpoints
Event: 521.008 Executing VM operation: ChangeBreakpoints done
Event: 521.040 Executing VM operation: ChangeBreakpoints
Event: 521.042 Executing VM operation: ChangeBreakpoints done
Event: 521.043 Executing VM operation: ChangeBreakpoints
Event: 521.045 Executing VM operation: ChangeBreakpoints done
Event: 521.088 Executing VM operation: G1CollectForAllocation
Event: 521.090 Executing VM operation: G1CollectForAllocation done
Event: 521.090 Executing VM operation: Cleanup
Event: 521.091 Executing VM operation: Cleanup done
Event: 522.092 Executing VM operation: Cleanup
Event: 522.092 Executing VM operation: Cleanup done
Event: 541.099 Executing VM operation: Cleanup
Event: 541.099 Executing VM operation: Cleanup done
Event: 549.825 Executing VM operation: ChangeSingleStep
Event: 549.825 Executing VM operation: ChangeSingleStep done
Event: 549.825 Executing VM operation: ChangeSingleStep
Event: 549.825 Executing VM operation: ChangeSingleStep done
Event: 549.838 Executing VM operation: RedefineClasses
Event: 549.855 Executing VM operation: RedefineClasses done

Events (20 events):
Event: 520.986 Thread 0x000001c83d145f40 Thread added: 0x000001c83d145f40
Event: 520.986 Thread 0x000001c83d149430 Thread added: 0x000001c83d149430
Event: 521.223 Thread 0x000001c83d146410 Thread added: 0x000001c83d146410
Event: 521.242 Thread 0x000001c83d144c00 Thread added: 0x000001c83d144c00
Event: 521.256 Thread 0x000001c83d147750 Thread added: 0x000001c83d147750
Event: 521.256 Thread 0x000001c83d1485c0 Thread added: 0x000001c83d1485c0
Event: 521.256 Thread 0x000001c83d148a90 Thread added: 0x000001c83d148a90
Event: 521.256 Thread 0x000001c83d14a770 Thread added: 0x000001c83d14a770
Event: 521.256 Thread 0x000001c83d1455a0 Thread added: 0x000001c83d1455a0
Event: 521.256 Thread 0x000001c83d144260 Thread added: 0x000001c83d144260
Event: 521.257 Thread 0x000001c83d148f60 Thread added: 0x000001c83d148f60
Event: 521.257 Thread 0x000001c83d145a70 Thread added: 0x000001c83d145a70
Event: 521.257 Thread 0x000001c83d1433f0 Thread added: 0x000001c83d1433f0
Event: 521.257 Thread 0x000001c83d146db0 Thread added: 0x000001c83d146db0
Event: 521.260 Thread 0x000001c83d149900 Thread added: 0x000001c83d149900
Event: 521.260 Thread 0x000001c83d149dd0 Thread added: 0x000001c83d149dd0
Event: 521.268 Thread 0x000001c83d1438c0 Thread exited: 0x000001c83d1438c0
Event: 521.268 Thread 0x000001c83d1450d0 Thread exited: 0x000001c83d1450d0
Event: 521.324 Thread 0x000001c83d1450d0 Thread added: 0x000001c83d1450d0
Event: 526.351 Thread 0x000001c83d1450d0 Thread exited: 0x000001c83d1450d0


Dynamic libraries:
0x00007ff7c92c0000 - 0x00007ff7c92ce000 	C:\Users\donald\Downloads\sts-4.13.1.RELEASE\plugins\org.eclipse.justj.openjdk.hotspot.jre.full.win32.x86_64_17.0.1.v20211116-1657\jre\bin\javaw.exe
0x00007ffea93d0000 - 0x00007ffea95c5000 	C:\WINDOWS\SYSTEM32\ntdll.dll
0x00007ffea8490000 - 0x00007ffea854e000 	C:\WINDOWS\System32\KERNEL32.DLL
0x00007ffea6b60000 - 0x00007ffea6e28000 	C:\WINDOWS\System32\KERNELBASE.dll
0x00007ffea6fe0000 - 0x00007ffea70e0000 	C:\WINDOWS\System32\ucrtbase.dll
0x00007ffe9ca20000 - 0x00007ffe9ca39000 	C:\Users\donald\Downloads\sts-4.13.1.RELEASE\plugins\org.eclipse.justj.openjdk.hotspot.jre.full.win32.x86_64_17.0.1.v20211116-1657\jre\bin\VCRUNTIME140.dll
0x00007ffe9ca40000 - 0x00007ffe9ca58000 	C:\Users\donald\Downloads\sts-4.13.1.RELEASE\plugins\org.eclipse.justj.openjdk.hotspot.jre.full.win32.x86_64_17.0.1.v20211116-1657\jre\bin\jli.dll
0x00007ffea9060000 - 0x00007ffea9200000 	C:\WINDOWS\System32\USER32.dll
0x00007ffea7370000 - 0x00007ffea7392000 	C:\WINDOWS\System32\win32u.dll
0x00007ffea8ac0000 - 0x00007ffea8aeb000 	C:\WINDOWS\System32\GDI32.dll
0x00007ffe8d360000 - 0x00007ffe8d5fa000 	C:\WINDOWS\WinSxS\amd64_microsoft.windows.common-controls_6595b64144ccf1df_6.0.19041.1110_none_60b5254171f9507e\COMCTL32.dll
0x00007ffea6ed0000 - 0x00007ffea6fdb000 	C:\WINDOWS\System32\gdi32full.dll
0x00007ffea7830000 - 0x00007ffea78ce000 	C:\WINDOWS\System32\msvcrt.dll
0x00007ffea6e30000 - 0x00007ffea6ecd000 	C:\WINDOWS\System32\msvcp_win.dll
0x00007ffea9010000 - 0x00007ffea9040000 	C:\WINDOWS\System32\IMM32.DLL
0x00007ffea3010000 - 0x00007ffea301c000 	C:\Users\donald\Downloads\sts-4.13.1.RELEASE\plugins\org.eclipse.justj.openjdk.hotspot.jre.full.win32.x86_64_17.0.1.v20211116-1657\jre\bin\vcruntime140_1.dll
0x00007ffe77d90000 - 0x00007ffe77e21000 	C:\Users\donald\Downloads\sts-4.13.1.RELEASE\plugins\org.eclipse.justj.openjdk.hotspot.jre.full.win32.x86_64_17.0.1.v20211116-1657\jre\bin\msvcp140.dll
0x00007ffe420d0000 - 0x00007ffe42d16000 	C:\Users\donald\Downloads\sts-4.13.1.RELEASE\plugins\org.eclipse.justj.openjdk.hotspot.jre.full.win32.x86_64_17.0.1.v20211116-1657\jre\bin\server\jvm.dll
0x00007ffea83e0000 - 0x00007ffea848e000 	C:\WINDOWS\System32\ADVAPI32.dll
0x00007ffea7430000 - 0x00007ffea74cc000 	C:\WINDOWS\System32\sechost.dll
0x00007ffea8da0000 - 0x00007ffea8ec5000 	C:\WINDOWS\System32\RPCRT4.dll
0x00007ffea7b50000 - 0x00007ffea7b58000 	C:\WINDOWS\System32\PSAPI.DLL
0x00007ffe9c7d0000 - 0x00007ffe9c7f7000 	C:\WINDOWS\SYSTEM32\WINMM.dll
0x00007ffe8f570000 - 0x00007ffe8f579000 	C:\WINDOWS\SYSTEM32\WSOCK32.dll
0x00007ffea1a30000 - 0x00007ffea1a3a000 	C:\WINDOWS\SYSTEM32\VERSION.dll
0x00007ffea8fa0000 - 0x00007ffea900b000 	C:\WINDOWS\System32\WS2_32.dll
0x00007ffea48b0000 - 0x00007ffea48c2000 	C:\WINDOWS\SYSTEM32\kernel.appcore.dll
0x00007ffe9ca60000 - 0x00007ffe9ca6a000 	C:\Users\donald\Downloads\sts-4.13.1.RELEASE\plugins\org.eclipse.justj.openjdk.hotspot.jre.full.win32.x86_64_17.0.1.v20211116-1657\jre\bin\jimage.dll
0x00007ffe8ed10000 - 0x00007ffe8eef4000 	C:\WINDOWS\SYSTEM32\DBGHELP.DLL
0x00007ffe8ecd0000 - 0x00007ffe8ecfc000 	C:\WINDOWS\SYSTEM32\dbgcore.DLL
0x00007ffea73a0000 - 0x00007ffea7422000 	C:\WINDOWS\System32\bcryptPrimitives.dll
0x00007ffe77010000 - 0x00007ffe7704b000 	C:\Users\donald\Downloads\sts-4.13.1.RELEASE\plugins\org.eclipse.justj.openjdk.hotspot.jre.full.win32.x86_64_17.0.1.v20211116-1657\jre\bin\jdwp.dll
0x00007ffea3080000 - 0x00007ffea308e000 	C:\Users\donald\Downloads\sts-4.13.1.RELEASE\plugins\org.eclipse.justj.openjdk.hotspot.jre.full.win32.x86_64_17.0.1.v20211116-1657\jre\bin\instrument.dll
0x00007ffe98920000 - 0x00007ffe98945000 	C:\Users\donald\Downloads\sts-4.13.1.RELEASE\plugins\org.eclipse.justj.openjdk.hotspot.jre.full.win32.x86_64_17.0.1.v20211116-1657\jre\bin\java.dll
0x00007ffe9c630000 - 0x00007ffe9c648000 	C:\Users\donald\Downloads\sts-4.13.1.RELEASE\plugins\org.eclipse.justj.openjdk.hotspot.jre.full.win32.x86_64_17.0.1.v20211116-1657\jre\bin\zip.dll
0x00007ffea7c10000 - 0x00007ffea8354000 	C:\WINDOWS\System32\SHELL32.dll
0x00007ffea4ab0000 - 0x00007ffea5244000 	C:\WINDOWS\SYSTEM32\windows.storage.dll
0x00007ffea74d0000 - 0x00007ffea7824000 	C:\WINDOWS\System32\combase.dll
0x00007ffea6470000 - 0x00007ffea649c000 	C:\WINDOWS\SYSTEM32\Wldp.dll
0x00007ffea8cf0000 - 0x00007ffea8d9d000 	C:\WINDOWS\System32\SHCORE.dll
0x00007ffea8560000 - 0x00007ffea85b5000 	C:\WINDOWS\System32\shlwapi.dll
0x00007ffea6a30000 - 0x00007ffea6a4f000 	C:\WINDOWS\SYSTEM32\profapi.dll
0x00007ffe9ca10000 - 0x00007ffe9ca1c000 	C:\Users\donald\Downloads\sts-4.13.1.RELEASE\plugins\org.eclipse.justj.openjdk.hotspot.jre.full.win32.x86_64_17.0.1.v20211116-1657\jre\bin\dt_socket.dll
0x00007ffea5f10000 - 0x00007ffea5f4b000 	C:\WINDOWS\SYSTEM32\IPHLPAPI.DLL
0x00007ffea6250000 - 0x00007ffea62ba000 	C:\WINDOWS\system32\mswsock.dll
0x00007ffea5f50000 - 0x00007ffea601a000 	C:\WINDOWS\SYSTEM32\DNSAPI.dll
0x00007ffea7ae0000 - 0x00007ffea7ae8000 	C:\WINDOWS\System32\NSI.dll
0x00007ffe9da30000 - 0x00007ffe9da3a000 	C:\Windows\System32\rasadhlp.dll
0x00007ffe9da40000 - 0x00007ffe9dabf000 	C:\WINDOWS\System32\fwpuclnt.dll
0x00007ffea7340000 - 0x00007ffea7367000 	C:\WINDOWS\System32\bcrypt.dll
0x00007ffe98900000 - 0x00007ffe98919000 	C:\Users\donald\Downloads\sts-4.13.1.RELEASE\plugins\org.eclipse.justj.openjdk.hotspot.jre.full.win32.x86_64_17.0.1.v20211116-1657\jre\bin\net.dll
0x00007ffea5b00000 - 0x00007ffea5c09000 	C:\WINDOWS\SYSTEM32\WINHTTP.dll
0x00007ffe96fe0000 - 0x00007ffe96ff5000 	C:\Users\donald\Downloads\sts-4.13.1.RELEASE\plugins\org.eclipse.justj.openjdk.hotspot.jre.full.win32.x86_64_17.0.1.v20211116-1657\jre\bin\nio.dll
0x00007ffe9c6f0000 - 0x00007ffe9c6f9000 	C:\Users\donald\Downloads\sts-4.13.1.RELEASE\plugins\org.eclipse.justj.openjdk.hotspot.jre.full.win32.x86_64_17.0.1.v20211116-1657\jre\bin\management.dll
0x00007ffe9c650000 - 0x00007ffe9c65b000 	C:\Users\donald\Downloads\sts-4.13.1.RELEASE\plugins\org.eclipse.justj.openjdk.hotspot.jre.full.win32.x86_64_17.0.1.v20211116-1657\jre\bin\management_ext.dll
0x00007ffe90ac0000 - 0x00007ffe90ad7000 	C:\WINDOWS\system32\napinsp.dll
0x00007ffe909f0000 - 0x00007ffe90a0b000 	C:\WINDOWS\system32\pnrpnsp.dll
0x00007ffe8f6b0000 - 0x00007ffe8f6c5000 	C:\WINDOWS\system32\wshbth.dll
0x00007ffea3dd0000 - 0x00007ffea3ded000 	C:\WINDOWS\system32\NLAapi.dll
0x00007ffe8f690000 - 0x00007ffe8f6a2000 	C:\WINDOWS\System32\winrnr.dll
0x00007ffea64b0000 - 0x00007ffea64c8000 	C:\WINDOWS\SYSTEM32\CRYPTSP.dll
0x00007ffea5a70000 - 0x00007ffea5aa4000 	C:\WINDOWS\system32\rsaenh.dll
0x00007ffea69b0000 - 0x00007ffea69de000 	C:\WINDOWS\SYSTEM32\USERENV.dll
0x00007ffea63e0000 - 0x00007ffea63ec000 	C:\WINDOWS\SYSTEM32\CRYPTBASE.dll
0x00007ffea0a90000 - 0x00007ffea0aa7000 	C:\WINDOWS\SYSTEM32\dhcpcsvc6.DLL
0x00007ffea0a70000 - 0x00007ffea0a8d000 	C:\WINDOWS\SYSTEM32\dhcpcsvc.DLL
0x00007ffea3020000 - 0x00007ffea3030000 	C:\Users\donald\Downloads\sts-4.13.1.RELEASE\plugins\org.eclipse.justj.openjdk.hotspot.jre.full.win32.x86_64_17.0.1.v20211116-1657\jre\bin\verify.dll
0x00007ffe96ef0000 - 0x00007ffe96efe000 	C:\Users\donald\Downloads\sts-4.13.1.RELEASE\plugins\org.eclipse.justj.openjdk.hotspot.jre.full.win32.x86_64_17.0.1.v20211116-1657\jre\bin\sunmscapi.dll
0x00007ffea70e0000 - 0x00007ffea7236000 	C:\WINDOWS\System32\CRYPT32.dll
0x00007ffea65c0000 - 0x00007ffea65e7000 	C:\WINDOWS\SYSTEM32\ncrypt.dll
0x00007ffea6580000 - 0x00007ffea65bb000 	C:\WINDOWS\SYSTEM32\NTASN1.dll
0x00007ffe9ca00000 - 0x00007ffe9ca07000 	C:\WINDOWS\system32\wshunix.dll

dbghelp: loaded successfully - version: 4.0.5 - missing functions: none
symbol engine: initialized successfully - sym options: 0x614 - pdb path: .;C:\Users\donald\Downloads\sts-4.13.1.RELEASE\plugins\org.eclipse.justj.openjdk.hotspot.jre.full.win32.x86_64_17.0.1.v20211116-1657\jre\bin;C:\WINDOWS\SYSTEM32;C:\WINDOWS\WinSxS\amd64_microsoft.windows.common-controls_6595b64144ccf1df_6.0.19041.1110_none_60b5254171f9507e;C:\Users\donald\Downloads\sts-4.13.1.RELEASE\plugins\org.eclipse.justj.openjdk.hotspot.jre.full.win32.x86_64_17.0.1.v20211116-1657\jre\bin\server

VM Arguments:
jvm_args: -XX:+ShowCodeDetailsInExceptionMessages -agentlib:jdwp=transport=dt_socket,suspend=y,address=localhost:50857 -Dcom.sun.management.jmxremote -Dcom.sun.management.jmxremote.port=50856 -Dcom.sun.management.jmxremote.authenticate=false -Dcom.sun.management.jmxremote.ssl=false -Djava.rmi.server.hostname=localhost -Dspring.jmx.enabled=true -Dspring.application.admin.enabled=true -XX:TieredStopAtLevel=1 -Dspring.boot.project.name=CST339 -javaagent:C:\Users\donald\Downloads\sts-4.13.1.RELEASE\configuration\org.eclipse.osgi\262\0\.cp\lib\javaagent-shaded.jar -Dfile.encoding=UTF-8 
java_command: com.gcu.ClcProjectApplication --spring.output.ansi.enabled=always
java_class_path (initial): C:\Users\donald\Documents\workspaceCST-339\CST339\target\classes;C:\Users\donald\.m2\repository\org\springframework\boot\spring-boot-starter-thymeleaf\2.6.4\spring-boot-starter-thymeleaf-2.6.4.jar;C:\Users\donald\.m2\repository\org\springframework\boot\spring-boot-starter\2.6.4\spring-boot-starter-2.6.4.jar;C:\Users\donald\.m2\repository\org\springframework\boot\spring-boot-starter-logging\2.6.4\spring-boot-starter-logging-2.6.4.jar;C:\Users\donald\.m2\repository\ch\qos\logback\logback-classic\1.2.10\logback-classic-1.2.10.jar;C:\Users\donald\.m2\repository\ch\qos\logback\logback-core\1.2.10\logback-core-1.2.10.jar;C:\Users\donald\.m2\repository\org\apache\logging\log4j\log4j-to-slf4j\2.17.1\log4j-to-slf4j-2.17.1.jar;C:\Users\donald\.m2\repository\org\apache\logging\log4j\log4j-api\2.17.1\log4j-api-2.17.1.jar;C:\Users\donald\.m2\repository\org\slf4j\jul-to-slf4j\1.7.36\jul-to-slf4j-1.7.36.jar;C:\Users\donald\.m2\repository\jakarta\annotation\jakarta.annotation-api\1.3.5\jakarta.annotation-api-1.3.5.jar;C:\Users\donald\.m2\repository\org\yaml\snakeyaml\1.29\snakeyaml-1.29.jar;C:\Users\donald\.m2\repository\org\thymeleaf\thymeleaf-spring5\3.0.15.RELEASE\thymeleaf-spring5-3.0.15.RELEASE.jar;C:\Users\donald\.m2\repository\org\slf4j\slf4j-api\1.7.36\slf4j-api-1.7.36.jar;C:\Users\donald\.m2\repository\org\thymeleaf\extras\thymeleaf-extras-java8time\3.0.4.RELEASE\thymeleaf-extras-java8time-3.0.4.RELEASE.jar;C:\Users\donald\.m2\repository\org\springframework\boot\spring-boot-starter-web\2.6.4\spring-boot-starter-web-2.6.4.jar;C:\Users\donald\.m2\repository\org\springframework\boot\spring-boot-starter-json\2.6.4\spring-boot-starter-json-2.6.4.jar;C:\Users\donald\.m2\repository\com\fasterxml\jackson\core\jackson-databind\2.13.1\jackson-databind-2.13.1.jar;C:\Users\donald\.m2\repository\com\fasterxml\jackson\core\jackson-annotations\2.13.1\jackson-annotations-2.13.1.jar;C:\Users\donald\.m2\repository\com\fasterxml\jackson\core\jackson-core\2.13.1\j
Launcher Type: SUN_STANDARD

[Global flags]
     intx CICompilerCount                          = 4                                         {product} {ergonomic}
     uint ConcGCThreads                            = 2                                         {product} {ergonomic}
     uint G1ConcRefinementThreads                  = 8                                         {product} {ergonomic}
   size_t G1HeapRegionSize                         = 4194304                                   {product} {ergonomic}
    uintx GCDrainStackTargetSize                   = 64                                        {product} {ergonomic}
   size_t InitialHeapSize                          = 536870912                                 {product} {ergonomic}
     bool ManagementServer                         = true                                      {product} {command line}
   size_t MarkStackSize                            = 4194304                                   {product} {ergonomic}
   size_t MaxHeapSize                              = 8568963072                                {product} {ergonomic}
   size_t MaxNewSize                               = 5138022400                                {product} {ergonomic}
   size_t MinHeapDeltaBytes                        = 4194304                                   {product} {ergonomic}
   size_t MinHeapSize                              = 8388608                                   {product} {ergonomic}
    uintx NonProfiledCodeHeapSize                  = 0                                      {pd product} {ergonomic}
     bool ProfileInterpreter                       = false                                  {pd product} {command line}
    uintx ProfiledCodeHeapSize                     = 0                                      {pd product} {ergonomic}
     bool ShowCodeDetailsInExceptionMessages       = true                                   {manageable} {command line}
   size_t SoftMaxHeapSize                          = 8568963072                             {manageable} {ergonomic}
     intx TieredStopAtLevel                        = 1                                         {product} {command line}
     bool UseCompressedClassPointers               = true                           {product lp64_product} {ergonomic}
     bool UseCompressedOops                        = true                           {product lp64_product} {ergonomic}
     bool UseG1GC                                  = true                                      {product} {ergonomic}
     bool UseLargePagesIndividualAllocation        = false                                  {pd product} {ergonomic}

Logging:
Log output configuration:
 #0: stdout all=warning uptime,level,tags
 #1: stderr all=off uptime,level,tags

Environment Variables:
JAVA_HOME=C:\Program Files\Java\jdk1.8.0_321
PATH=C:\Users\donald\Downloads\sts-4.13.1.RELEASE\plugins\org.eclipse.justj.openjdk.hotspot.jre.full.win32.x86_64_17.0.1.v20211116-1657\jre\bin;C:/Users/donald/Downloads/sts-4.13.1.RELEASE//plugins/org.eclipse.justj.openjdk.hotspot.jre.full.win32.x86_64_17.0.1.v20211116-1657/jre/bin/server;C:/Users/donald/Downloads/sts-4.13.1.RELEASE//plugins/org.eclipse.justj.openjdk.hotspot.jre.full.win32.x86_64_17.0.1.v20211116-1657/jre/bin;C:\Program Files (x86)\Common Files\Oracle\Java\javapath;C:\WINDOWS\system32;C:\WINDOWS;C:\WINDOWS\System32\Wbem;C:\WINDOWS\System32\WindowsPowerShell\v1.0\;C:\WINDOWS\System32\OpenSSH\;C:\Program Files\Azure Data Studio\bin;C:\Program Files (x86)\Microsoft SQL Server\150\DTS\Binn\;C:\Program Files\Microsoft SQL Server\Client SDK\ODBC\170\Tools\Binn\;C:\Program Files (x86)\Microsoft SQL Server\150\Tools\Binn\;C:\Program Files\Microsoft SQL Server\150\Tools\Binn\;C:\Program Files\Microsoft SQL Server\150\DTS\Binn\;C:\Program Files\Microsoft SQL Server\Client SDK\ODBC\110\Tools\Binn\;C:\Program Files (x86)\Microsoft SQL Server\110\DTS\Binn\;C:\Program Files (x86)\Microsoft SQL Server\120\DTS\Binn\;C:\Program Files (x86)\Microsoft SQL Server\130\DTS\Binn\;C:\Program Files (x86)\Microsoft SQL Server\140\DTS\Binn\;C:\Program Files\dotnet\;C:\Program Files\Microsoft SQL Server\130\Tools\Binn\;C:\ProgramData\chocolatey\bin;C:\Program Files\Docker\Docker\resources\bin;C:\ProgramData\DockerDesktop\version-bin;C:\Program Files\Amazon\AWSCLIV2\;C:\_admin\apache-maven-3.8.4-bin\apache-maven-3.8.4\bin;C:\Users\donald\AppData\Local\Microsoft\WindowsApps;C:\Users\donald\AppData\Local\Programs\Microsoft VS Code\bin;C:\Users\donald\.dotnet\tools;C:\MAMP\bin\php\php7.2.18;C:\Users\donald\AppData\Local\ComposerSetup\bin;C:\Users\donald\AppData\Roaming\Composer\vendor\bin;C:\Program Files\heroku\bin;;C:\Users\donald\Downloads\sts-4.13.1.RELEASE;
USERNAME=donald
OS=Windows_NT
PROCESSOR_IDENTIFIER=Intel64 Family 6 Model 158 Stepping 9, GenuineIntel



---------------  S Y S T E M  ---------------

OS:
 Windows 10 , 64 bit Build 19041 (10.0.19041.1566)
OS uptime: 4 days 0:47 hours
Hyper-V role detected

CPU: total 8 (initial active 8) (4 cores per cpu, 2 threads per core) family 6 model 158 stepping 9 microcode 0xb4, cx8, cmov, fxsr, ht, mmx, 3dnowpref, sse, sse2, sse3, ssse3, sse4.1, sse4.2, popcnt, lzcnt, tsc, tscinvbit, avx, avx2, aes, erms, clmul, bmi1, bmi2, adx, fma, vzeroupper, clflush, clflushopt, hv

Memory: 4k page, system-wide physical 32686M (9658M free)
TotalPageFile size 39627M (AvailPageFile size 4698M)
current process WorkingSet (physical memory assigned to process): 216M, peak: 288M
current process commit charge ("private bytes"): 247M, peak: 633M

vm_info: OpenJDK 64-Bit Server VM (17.0.1+12) for windows-amd64 JRE (17.0.1+12), built on Oct 20 2021 07:42:55 by "" with MS VC++ 16.7 (VS2019)

END.
