#
# A fatal error has been detected by the Java Runtime Environment:
#
#  EXCEPTION_ACCESS_VIOLATION (0xc0000005) at pc=0x00007ffe4286bc8a, pid=824, tid=18840
#
# JRE version: OpenJDK Runtime Environment Temurin-17.0.1+12 (17.0.1+12) (build 17.0.1+12)
# Java VM: OpenJDK 64-Bit Server VM Temurin-17.0.1+12 (17.0.1+12, mixed mode, emulated-client, tiered, compressed oops, compressed class ptrs, g1 gc, windows-amd64)
# Problematic frame:
# V  [jvm.dll+0x79bc8a]
#
# No core dump will be written. Minidumps are not enabled by default on client versions of Windows
#
# If you would like to submit a bug report, please visit:
#   https://github.com/adoptium/adoptium-support/issues
#

---------------  S U M M A R Y ------------

Command Line: -XX:+ShowCodeDetailsInExceptionMessages -agentlib:jdwp=transport=dt_socket,suspend=y,address=localhost:61375 -Dcom.sun.management.jmxremote -Dcom.sun.management.jmxremote.port=61372 -Dcom.sun.management.jmxremote.authenticate=false -Dcom.sun.management.jmxremote.ssl=false -Djava.rmi.server.hostname=localhost -Dspring.jmx.enabled=true -Dspring.application.admin.enabled=true -XX:TieredStopAtLevel=1 -Dspring.boot.project.name=CST339 -javaagent:C:\Users\donald\Downloads\sts-4.13.1.RELEASE\configuration\org.eclipse.osgi\262\0\.cp\lib\javaagent-shaded.jar -Dfile.encoding=UTF-8 com.gcu.ClcProjectApplication --spring.output.ansi.enabled=always

Host: Intel(R) Core(TM) i7-8809G CPU @ 3.10GHz, 8 cores, 31G,  Windows 10 , 64 bit Build 19041 (10.0.19041.1566)
Time: Sat Apr  2 01:36:51 2022 US Mountain Standard Time elapsed time: 538.105945 seconds (0d 0h 8m 58s)

---------------  T H R E A D  ---------------

Current thread (0x0000023ed926efe0):  JavaThread "JDWP Transport Listener: dt_socket" daemon [_thread_in_vm, id=18840, stack(0x00000067a5000000,0x00000067a5100000)]

Stack: [0x00000067a5000000,0x00000067a5100000],  sp=0x00000067a50ff5f0,  free space=1021k
Native frames: (J=compiled Java code, j=interpreted, Vv=VM code, C=native code)
V  [jvm.dll+0x79bc8a]
V  [jvm.dll+0x507e6c]
V  [jvm.dll+0x4cf4d4]
C  [jdwp.dll+0x22dff]


siginfo: EXCEPTION_ACCESS_VIOLATION (0xc0000005), reading address 0x0000000000330009


Register to memory mapping:

RIP=0x00007ffe4286bc8a jvm.dll
RAX=0x0000000000000032 is an unknown value
RBX=0x0000023ed908c4d2 points into unknown readable memory: 3a 4c 6a 61 76 61
RCX=0x0000000000330005 is an unknown value
RDX=0x0000023edaf223a0 points into unknown readable memory: 0x7563672f6d6f634c | 4c 63 6f 6d 2f 67 63 75
RSP=0x00000067a50ff5f0 is pointing into the stack for thread: 0x0000023ed926efe0
RBP=0x0000023ed9282af0 points into unknown readable memory: 0x0000000000000002 | 02 00 00 00 00 00 00 00
RSI=0x0 is NULL
RDI=0xffffffffffffffff is an unknown value
R8 =0x00000000000000d9 is an unknown value
R9 =0x0000000000000040 is an unknown value
R10=0x00000000000000c0 is an unknown value
R11=0x00000067a50ff610 is pointing into the stack for thread: 0x0000023ed926efe0
R12=0x00000067a50ff748 is pointing into the stack for thread: 0x0000023ed926efe0
R13=0x0 is NULL
R14=0x0000000800421000 is a pointer to class: 
com.gcu.data.FormBasedAuthenticationDataService {0x0000000800421008}
 - instance size:     3
 - klass size:        70
 - access:            public synchronized 
 - state:             fully_initialized
 - name:              'com/gcu/data/FormBasedAuthenticationDataService'
 - super:             'java/lang/Object'
 - sub:               
 - arrays:            NULL
 - methods:           Array<T>(0x0000023ede68f848)
 - method ordering:   Array<T>(0x0000023ede68faa8)
 - default_methods:   Array<T>(0x0000000000000000)
 - local interfaces:  Array<T>(0x0000023edc9c5c00)
 - trans. interfaces: Array<T>(0x0000023edc9c5c00)
 - constants:         constant pool [101] {0x0000023ede68fb60} for 'com/gcu/data/FormBasedAuthenticationDataService' cache=0x0000023edefb45b0
 - class loader data:  loader data: 0x0000023edab6c660 for instance a 'org/springframework/boot/devtools/restart/classloader/RestartClassLoader'{0x0000000601c02bc8}
 - source file:       'FormBasedAuthenticationDataService.java'
 - source debug extension:       SMAP
FormBasedAuthenticationDataService.java
Java
*S jdt
*F
1 FormBasedAuthenticationDataService.java
2 file:/C:/Users/donald/Documents/workspaceCST-339/CST339/target/classes/
*L
*E

 - class annotations:       Array<T>(0x0000023ede68fa78)
 - class type annotations:  Array<T>(0x0000000000000000)
 - field annotations:       Array<T>(0x0000023ede68f800)
 - field type annotations:  Array<T>(0x0000000000000000)
 - previous version:  constant pool [94] {0x0000023edc9c5878} for 'com/gcu/data/FormBasedAuthenticationDataService' (extra) cache=0x0000023ede02c0b8
 - generic signature: '
[error occurred during error reporting (printing register info), id 0xc0000005, EXCEPTION_ACCESS_VIOLATION (0xc0000005) at pc=0x00007ffe4286c896]

Registers:
RAX=0x0000000000000032, RBX=0x0000023ed908c4d2, RCX=0x0000000000330005, RDX=0x0000023edaf223a0
RSP=0x00000067a50ff5f0, RBP=0x0000023ed9282af0, RSI=0x0000000000000000, RDI=0xffffffffffffffff
R8 =0x00000000000000d9, R9 =0x0000000000000040, R10=0x00000000000000c0, R11=0x00000067a50ff610
R12=0x00000067a50ff748, R13=0x0000000000000000, R14=0x0000000800421000, R15=0x00000067a50ff770
RIP=0x00007ffe4286bc8a, EFLAGS=0x0000000000010206

Top of Stack: (sp=0x00000067a50ff5f0)
0x00000067a50ff5f0:   000000000000002f 0000000800421000
0x00000067a50ff600:   0000023edaf21fe0 00007ffea93f47b1
0x00000067a50ff610:   ffffffffffffffff 00007ffe425d7e6c
0x00000067a50ff620:   0000023ed908c4d2 0000023ed908c4a0
0x00000067a50ff630:   0000023ed9282af0 0000000000000000
0x00000067a50ff640:   0000023ed908c460 00000000000003d8
0x00000067a50ff650:   0000023ed908c470 0000023ed908c848
0x00000067a50ff660:   0000000000013b01 00000067a50ff748
0x00000067a50ff670:   0000000000000007 0000023ed926f288
0x00000067a50ff680:   0000000602401830 00007ffe4259f4d4
0x00000067a50ff690:   0000023ed926efe0 00000067a50ff770
0x00000067a50ff6a0:   0000023eba4ebf10 00000067a50ff770
0x00000067a50ff6b0:   0000023ed926efe0 0000000000000000
0x00000067a50ff6c0:   0000000000000000 0000000000000000
0x00000067a50ff6d0:   0000023ed92936e8 00007ffe9c6a2dff
0x00000067a50ff6e0:   00000067a50ff768 00007ffe9c6b1aa0 

Instructions: (pc=0x00007ffe4286bc8a)
0x00007ffe4286bb8a:   48 83 c4 20 5f e9 3c a2 90 ff cc cc cc cc cc cc
0x00007ffe4286bb9a:   cc cc cc cc cc cc 48 89 5c 24 08 57 48 83 ec 20
0x00007ffe4286bbaa:   83 fa 02 8d 42 06 b9 08 00 00 00 49 8b d8 0f 4e
0x00007ffe4286bbba:   c1 48 63 c8 48 83 c1 07 83 e1 f8 48 63 f9 49 8b
0x00007ffe4286bbca:   48 18 48 8b c7 48 f7 d0 48 3b c1 73 16 4c 8d 05
0x00007ffe4286bbda:   5a 55 17 00 48 8b d7 48 8b cb e8 47 05 91 ff 48
0x00007ffe4286bbea:   8b 4b 18 48 8d 04 39 48 3b 43 20 76 18 45 33 c0
0x00007ffe4286bbfa:   48 8b d7 48 8b cb 48 8b 5c 24 30 48 83 c4 20 5f
0x00007ffe4286bc0a:   e9 a1 01 91 ff 48 89 43 18 48 8b c1 48 8b 5c 24
0x00007ffe4286bc1a:   30 48 83 c4 20 5f c3 cc cc cc cc cc cc cc cc cc
0x00007ffe4286bc2a:   cc cc cc cc cc cc 4c 8b d2 4c 8b d9 45 85 c0 7e
0x00007ffe4286bc3a:   3c 44 0f b7 49 04 41 8d 40 ff 41 3b c1 44 0f 4c
0x00007ffe4286bc4a:   c8 4d 63 c1 45 85 c9 7e 1f 48 8b c2 4c 2b da 49
0x00007ffe4286bc5a:   8b d0 0f 1f 40 00 41 0f b6 4c 03 06 88 08 48 8d
0x00007ffe4286bc6a:   40 01 48 83 ea 01 75 ee 43 c6 04 10 00 49 8b c2
0x00007ffe4286bc7a:   c3 cc cc cc cc cc 48 89 5c 24 08 57 48 83 ec 20
0x00007ffe4286bc8a:   0f b7 59 04 48 8b f9 33 d2 48 8d 4b 01 e8 24 e8
0x00007ffe4286bc9a:   f2 ff 0f b7 57 04 4c 8b c0 3b da 0f 42 d3 44 8b
0x00007ffe4286bcaa:   ca 85 d2 74 39 48 2b f8 0f 1f 40 00 66 66 0f 1f
0x00007ffe4286bcba:   84 00 00 00 00 00 0f b6 4c 07 06 88 08 48 ff c0
0x00007ffe4286bcca:   48 8b c8 49 2b c8 49 3b c9 7c eb 42 c6 04 02 00
0x00007ffe4286bcda:   49 8b c0 48 8b 5c 24 30 48 83 c4 20 5f c3 48 8b
0x00007ffe4286bcea:   5c 24 30 c6 04 02 00 48 83 c4 20 5f c3 cc cc cc
0x00007ffe4286bcfa:   cc cc cc cc cc cc 4c 8b d1 45 85 c0 7e 6c 44 0f
0x00007ffe4286bd0a:   b7 49 04 41 8d 40 ff 41 3b c1 44 0f 4c c8 4d 63
0x00007ffe4286bd1a:   d9 45 85 c9 7e 22 48 8b ca 4c 2b d2 4d 8b c3 0f
0x00007ffe4286bd2a:   1f 80 00 00 00 00 41 0f b6 44 0a 06 88 01 48 8d
0x00007ffe4286bd3a:   49 01 49 83 e8 01 75 ee 41 c6 04 13 00 48 c7 c0
0x00007ffe4286bd4a:   ff ff ff ff 66 90 48 ff c0 80 3c 02 00 75 f7 48
0x00007ffe4286bd5a:   63 c8 85 c0 48 8b c2 7e 14 80 38 2f 75 03 c6 00
0x00007ffe4286bd6a:   2e 48 ff c0 48 83 e9 01 75 ef 48 8b c2 c3 cc cc
0x00007ffe4286bd7a:   cc cc cc cc cc cc 48 83 ec 28 e8 f7 fe ff ff 4c 


Stack slot to memory mapping:
stack at sp + 0 slots: 0x000000000000002f is an unknown value
stack at sp + 1 slots: 0x0000000800421000 is a pointer to class: 
com.gcu.data.FormBasedAuthenticationDataService {0x0000000800421008}
 - instance size:     3
 - klass size:        70
 - access:            public synchronized 
 - state:             fully_initialized
 - name:              'com/gcu/data/FormBasedAuthenticationDataService'
 - super:             'java/lang/Object'
 - sub:               
 - arrays:            NULL
 - methods:           Array<T>(0x0000023ede68f848)
 - method ordering:   Array<T>(0x0000023ede68faa8)
 - default_methods:   Array<T>(0x0000000000000000)
 - local interfaces:  Array<T>(0x0000023edc9c5c00)
 - trans. interfaces: Array<T>(0x0000023edc9c5c00)
 - constants:         constant pool [101] {0x0000023ede68fb60} for 'com/gcu/data/FormBasedAuthenticationDataService' cache=0x0000023edefb45b0
 - class loader data:  loader data: 0x0000023edab6c660 for instance a 'org/springframework/boot/devtools/restart/classloader/RestartClassLoader'{0x0000000601c02bc8}
 - source file:       'FormBasedAuthenticationDataService.java'
 - source debug extension:       SMAP
FormBasedAuthenticationDataService.java
Java
*S jdt
*F
1 FormBasedAuthenticationDataService.java
2 file:/C:/Users/donald/Documents/workspaceCST-339/CST339/target/classes/
*L
*E

 - class annotations:       Array<T>(0x0000023ede68fa78)
 - class type annotations:  Array<T>(0x0000000000000000)
 - field annotations:       Array<T>(0x0000023ede68f800)
 - field type annotations:  Array<T>(0x0000000000000000)
 - previous version:  constant pool [94] {0x0000023edc9c5878} for 'com/gcu/data/FormBasedAuthenticationDataService' (extra) cache=0x0000023ede02c0b8
 - generic signature: '
[error occurred during error reporting (inspecting top of stack), id 0xc0000005, EXCEPTION_ACCESS_VIOLATION (0xc0000005) at pc=0x00007ffe4286c896]


---------------  P R O C E S S  ---------------

Threads class SMR info:
_java_thread_list=0x0000023edaf8de70, length=39, elements={
0x0000023ed902a5a0, 0x0000023ed902af30, 0x0000023ed9071ff0, 0x0000023ed90744d0,
0x0000023ed90759b0, 0x0000023ed9075e80, 0x0000023ed90927f0, 0x0000023ed9092d00,
0x0000023ed9101030, 0x0000023ed926efe0, 0x0000023ed9289ef0, 0x0000023ed928c6f0,
0x0000023ed9a05a30, 0x0000023ed9c418d0, 0x0000023ed9c43cd0, 0x0000023ed9c44d60,
0x0000023edacb6fc0, 0x0000023edacb4420, 0x0000023edab90140, 0x0000023edab8e460,
0x0000023edab90ae0, 0x0000023edab90fb0, 0x0000023edab91480, 0x0000023edab8e930,
0x0000023edd4aaf00, 0x0000023edd4ab8a0, 0x0000023edd4ab3d0, 0x0000023edd4ac710,
0x0000023edd4ada50, 0x0000023edd4ad580, 0x0000023edd4acbe0, 0x0000023edd4aa090,
0x0000023edd4abd70, 0x0000023edd4aa560, 0x0000023edd4ad0b0, 0x0000023edd4aaa30,
0x0000023edd4ac240, 0x0000023edd53b9d0, 0x0000023edd543220
}

Java Threads: ( => current thread )
  0x0000023ed902a5a0 JavaThread "Reference Handler" daemon [_thread_blocked, id=20520, stack(0x00000067a4600000,0x00000067a4700000)]
  0x0000023ed902af30 JavaThread "Finalizer" daemon [_thread_blocked, id=11836, stack(0x00000067a4700000,0x00000067a4800000)]
  0x0000023ed9071ff0 JavaThread "Signal Dispatcher" daemon [_thread_blocked, id=23092, stack(0x00000067a4800000,0x00000067a4900000)]
  0x0000023ed90744d0 JavaThread "Attach Listener" daemon [_thread_blocked, id=23216, stack(0x00000067a4900000,0x00000067a4a00000)]
  0x0000023ed90759b0 JavaThread "Service Thread" daemon [_thread_blocked, id=22268, stack(0x00000067a4a00000,0x00000067a4b00000)]
  0x0000023ed9075e80 JavaThread "Monitor Deflation Thread" daemon [_thread_blocked, id=23384, stack(0x00000067a4b00000,0x00000067a4c00000)]
  0x0000023ed90927f0 JavaThread "C1 CompilerThread0" daemon [_thread_blocked, id=21888, stack(0x00000067a4c00000,0x00000067a4d00000)]
  0x0000023ed9092d00 JavaThread "Sweeper thread" daemon [_thread_blocked, id=21112, stack(0x00000067a4d00000,0x00000067a4e00000)]
  0x0000023ed9101030 JavaThread "Common-Cleaner" daemon [_thread_blocked, id=23596, stack(0x00000067a4e00000,0x00000067a4f00000)]
=>0x0000023ed926efe0 JavaThread "JDWP Transport Listener: dt_socket" daemon [_thread_in_vm, id=18840, stack(0x00000067a5000000,0x00000067a5100000)]
  0x0000023ed9289ef0 JavaThread "JDWP Event Helper Thread" daemon [_thread_blocked, id=24564, stack(0x00000067a5100000,0x00000067a5200000)]
  0x0000023ed928c6f0 JavaThread "JDWP Command Reader" daemon [_thread_in_native, id=22712, stack(0x00000067a5200000,0x00000067a5300000)]
  0x0000023ed9a05a30 JavaThread "Notification Thread" daemon [_thread_blocked, id=22792, stack(0x00000067a5300000,0x00000067a5400000)]
  0x0000023ed9c418d0 JavaThread "RMI TCP Accept-0" daemon [_thread_in_native, id=21492, stack(0x00000067a5400000,0x00000067a5500000)]
  0x0000023ed9c43cd0 JavaThread "RMI TCP Accept-61372" daemon [_thread_in_native, id=20792, stack(0x00000067a5500000,0x00000067a5600000)]
  0x0000023ed9c44d60 JavaThread "RMI TCP Accept-0" daemon [_thread_in_native, id=24468, stack(0x00000067a5600000,0x00000067a5700000)]
  0x0000023edacb6fc0 JavaThread "RMI Scheduler(0)" daemon [_thread_blocked, id=7960, stack(0x00000067a6500000,0x00000067a6600000)]
  0x0000023edacb4420 JavaThread "RMI TCP Connection(idle)" daemon [_thread_blocked, id=23692, stack(0x00000067a6600000,0x00000067a6700000)]
  0x0000023edab90140 JavaThread "JMX server connection timeout 28" daemon [_thread_blocked, id=10936, stack(0x00000067a6700000,0x00000067a6800000)]
  0x0000023edab8e460 JavaThread "Catalina-utility-1" [_thread_blocked, id=17456, stack(0x00000067a6800000,0x00000067a6900000)]
  0x0000023edab90ae0 JavaThread "Catalina-utility-2" [_thread_blocked, id=15212, stack(0x00000067a6a00000,0x00000067a6b00000)]
  0x0000023edab90fb0 JavaThread "container-0" [_thread_blocked, id=21404, stack(0x00000067a6b00000,0x00000067a6c00000)]
  0x0000023edab91480 JavaThread "mysql-cj-abandoned-connection-cleanup" daemon [_thread_blocked, id=2012, stack(0x00000067a6c00000,0x00000067a6d00000)]
  0x0000023edab8e930 JavaThread "HikariPool-1 housekeeper" daemon [_thread_blocked, id=21360, stack(0x00000067a6e00000,0x00000067a6f00000)]
  0x0000023edd4aaf00 JavaThread "File Watcher" daemon [_thread_blocked, id=20048, stack(0x00000067a7000000,0x00000067a7100000)]
  0x0000023edd4ab8a0 JavaThread "Live Reload Server" daemon [_thread_in_native, id=21600, stack(0x00000067a7200000,0x00000067a7300000)]
  0x0000023edd4ab3d0 JavaThread "http-nio-8080-exec-1" daemon [_thread_blocked, id=23104, stack(0x00000067a7100000,0x00000067a7200000)]
  0x0000023edd4ac710 JavaThread "http-nio-8080-exec-2" daemon [_thread_blocked, id=24104, stack(0x00000067a7300000,0x00000067a7400000)]
  0x0000023edd4ada50 JavaThread "http-nio-8080-exec-3" daemon [_thread_blocked, id=24004, stack(0x00000067a7400000,0x00000067a7500000)]
  0x0000023edd4ad580 JavaThread "http-nio-8080-exec-4" daemon [_thread_blocked, id=13584, stack(0x00000067a7500000,0x00000067a7600000)]
  0x0000023edd4acbe0 JavaThread "http-nio-8080-exec-5" daemon [_thread_blocked, id=17268, stack(0x00000067a7600000,0x00000067a7700000)]
  0x0000023edd4aa090 JavaThread "http-nio-8080-exec-6" daemon [_thread_blocked, id=2444, stack(0x00000067a7700000,0x00000067a7800000)]
  0x0000023edd4abd70 JavaThread "http-nio-8080-exec-7" daemon [_thread_blocked, id=20572, stack(0x00000067a7800000,0x00000067a7900000)]
  0x0000023edd4aa560 JavaThread "http-nio-8080-exec-8" daemon [_thread_blocked, id=24424, stack(0x00000067a7900000,0x00000067a7a00000)]
  0x0000023edd4ad0b0 JavaThread "http-nio-8080-exec-9" daemon [_thread_blocked, id=23228, stack(0x00000067a7a00000,0x00000067a7b00000)]
  0x0000023edd4aaa30 JavaThread "http-nio-8080-exec-10" daemon [_thread_blocked, id=22820, stack(0x00000067a7b00000,0x00000067a7c00000)]
  0x0000023edd4ac240 JavaThread "http-nio-8080-Poller" daemon [_thread_in_native, id=3248, stack(0x00000067a7c00000,0x00000067a7d00000)]
  0x0000023edd53b9d0 JavaThread "http-nio-8080-Acceptor" daemon [_thread_in_native, id=20116, stack(0x00000067a7d00000,0x00000067a7e00000)]
  0x0000023edd543220 JavaThread "DestroyJavaVM" [_thread_blocked, id=24416, stack(0x00000067a3f00000,0x00000067a4000000)]

Other Threads:
  0x0000023ed90421e0 VMThread "VM Thread" [stack: 0x00000067a4500000,0x00000067a4600000] [id=16344]
  0x0000023ed9c85a40 WatcherThread [stack: 0x00000067a5700000,0x00000067a5800000] [id=22776]
  0x0000023eba574960 GCTaskThread "GC Thread#0" [stack: 0x00000067a4000000,0x00000067a4100000] [id=22384]
  0x0000023ed9c31ed0 GCTaskThread "GC Thread#1" [stack: 0x00000067a5800000,0x00000067a5900000] [id=11768]
  0x0000023ed9c52fe0 GCTaskThread "GC Thread#2" [stack: 0x00000067a5900000,0x00000067a5a00000] [id=3840]
  0x0000023ed9c53290 GCTaskThread "GC Thread#3" [stack: 0x00000067a5a00000,0x00000067a5b00000] [id=21752]
  0x0000023ed9c53540 GCTaskThread "GC Thread#4" [stack: 0x00000067a5b00000,0x00000067a5c00000] [id=11000]
  0x0000023ed9c537f0 GCTaskThread "GC Thread#5" [stack: 0x00000067a5c00000,0x00000067a5d00000] [id=22500]
  0x0000023ed9c53eb0 GCTaskThread "GC Thread#6" [stack: 0x00000067a5d00000,0x00000067a5e00000] [id=22296]
  0x0000023ed9e17430 GCTaskThread "GC Thread#7" [stack: 0x00000067a5e00000,0x00000067a5f00000] [id=13080]
  0x0000023eba586320 ConcurrentGCThread "G1 Main Marker" [stack: 0x00000067a4100000,0x00000067a4200000] [id=24236]
  0x0000023eba5877e0 ConcurrentGCThread "G1 Conc#0" [stack: 0x00000067a4200000,0x00000067a4300000] [id=22248]
  0x0000023edadaf340 ConcurrentGCThread "G1 Conc#1" [stack: 0x00000067a6900000,0x00000067a6a00000] [id=24404]
  0x0000023eba5cecd0 ConcurrentGCThread "G1 Refine#0" [stack: 0x00000067a4300000,0x00000067a4400000] [id=15280]
  0x0000023ed9e186f0 ConcurrentGCThread "G1 Refine#1" [stack: 0x00000067a5f00000,0x00000067a6000000] [id=24272]
  0x0000023ed855f7a0 ConcurrentGCThread "G1 Service" [stack: 0x00000067a4400000,0x00000067a4500000] [id=19364]

Threads with active compile tasks:

VM state: not at safepoint (normal execution)

VM Mutex/Monitor currently owned by a thread: None

Heap address: 0x0000000601400000, size: 8172 MB, Compressed Oops mode: Zero based, Oop shift amount: 3

CDS archive(s) not mapped
Compressed class space mapped at: 0x0000000800000000-0x0000000840000000, reserved size: 1073741824
Narrow klass base: 0x0000000800000000, Narrow klass shift: 0, Narrow klass range: 0x40000000

GC Precious Log:
 CPUs: 8 total, 8 available
 Memory: 32686M
 Large Page Support: Disabled
 NUMA Support: Disabled
 Compressed Oops: Enabled (Zero based)
 Heap Region Size: 4M
 Heap Min Capacity: 8M
 Heap Initial Capacity: 512M
 Heap Max Capacity: 8172M
 Pre-touch: Disabled
 Parallel Workers: 8
 Concurrent Workers: 2
 Concurrent Refinement Workers: 8
 Periodic GC: Disabled

Heap:
 garbage-first heap   total 139264K, used 53690K [0x0000000601400000, 0x0000000800000000)
  region size 4096K, 10 young (40960K), 4 survivors (16384K)
 Metaspace       used 60033K, committed 60736K, reserved 1105920K
  class space    used 7499K, committed 7808K, reserved 1048576K

Heap Regions: E=young(eden), S=young(survivor), O=old, HS=humongous(starts), HC=humongous(continues), CS=collection set, F=free, OA=open archive, CA=closed archive, TAMS=top-at-mark-start (previous, next)
|   0|0x0000000601400000, 0x0000000601800000, 0x0000000601800000|100%| O|  |TAMS 0x0000000601800000, 0x0000000601400000| Untracked 
|   1|0x0000000601800000, 0x0000000601b4ac00, 0x0000000601c00000| 82%| O|  |TAMS 0x0000000601800000, 0x0000000601800000| Complete 
|   2|0x0000000601c00000, 0x0000000601ff2400, 0x0000000602000000| 98%| O|  |TAMS 0x0000000601ff2400, 0x0000000601c00000| Untracked 
|   3|0x0000000602000000, 0x0000000602000000, 0x0000000602400000|  0%| F|  |TAMS 0x0000000602000000, 0x0000000602000000| Untracked 
|   4|0x0000000602400000, 0x0000000602800000, 0x0000000602800000|100%| O|  |TAMS 0x0000000602800000, 0x0000000602400000| Untracked 
|   5|0x0000000602800000, 0x0000000602c00000, 0x0000000602c00000|100%| O|  |TAMS 0x0000000602b76c00, 0x0000000602800000| Untracked 
|   6|0x0000000602c00000, 0x0000000602c00000, 0x0000000603000000|  0%| F|  |TAMS 0x0000000602c00000, 0x0000000602c00000| Untracked 
|   7|0x0000000603000000, 0x0000000603000000, 0x0000000603400000|  0%| F|  |TAMS 0x0000000603000000, 0x0000000603000000| Untracked 
|   8|0x0000000603400000, 0x0000000603400000, 0x0000000603800000|  0%| F|  |TAMS 0x0000000603400000, 0x0000000603400000| Untracked 
|   9|0x0000000603800000, 0x0000000603800000, 0x0000000603c00000|  0%| F|  |TAMS 0x0000000603800000, 0x0000000603800000| Untracked 
|  10|0x0000000603c00000, 0x0000000603c00000, 0x0000000604000000|  0%| F|  |TAMS 0x0000000603c00000, 0x0000000603c00000| Untracked 
|  11|0x0000000604000000, 0x0000000604000000, 0x0000000604400000|  0%| F|  |TAMS 0x0000000604000000, 0x0000000604000000| Untracked 
|  12|0x0000000604400000, 0x0000000604400000, 0x0000000604800000|  0%| F|  |TAMS 0x0000000604400000, 0x0000000604400000| Untracked 
|  13|0x0000000604800000, 0x0000000604800000, 0x0000000604c00000|  0%| F|  |TAMS 0x0000000604800000, 0x0000000604800000| Untracked 
|  14|0x0000000604c00000, 0x0000000604c00000, 0x0000000605000000|  0%| F|  |TAMS 0x0000000604c00000, 0x0000000604c00000| Untracked 
|  15|0x0000000605000000, 0x0000000605000000, 0x0000000605400000|  0%| F|  |TAMS 0x0000000605000000, 0x0000000605000000| Untracked 
|  16|0x0000000605400000, 0x0000000605400000, 0x0000000605800000|  0%| F|  |TAMS 0x0000000605400000, 0x0000000605400000| Untracked 
|  17|0x0000000605800000, 0x0000000605800000, 0x0000000605c00000|  0%| F|  |TAMS 0x0000000605800000, 0x0000000605800000| Untracked 
|  18|0x0000000605c00000, 0x0000000605c00000, 0x0000000606000000|  0%| F|  |TAMS 0x0000000605c00000, 0x0000000605c00000| Untracked 
|  19|0x0000000606000000, 0x0000000606000000, 0x0000000606400000|  0%| F|  |TAMS 0x0000000606000000, 0x0000000606000000| Untracked 
|  20|0x0000000606400000, 0x0000000606400000, 0x0000000606800000|  0%| F|  |TAMS 0x0000000606400000, 0x0000000606400000| Untracked 
|  21|0x0000000606800000, 0x0000000606800000, 0x0000000606c00000|  0%| F|  |TAMS 0x0000000606800000, 0x0000000606800000| Untracked 
|  22|0x0000000606c00000, 0x0000000606c00000, 0x0000000607000000|  0%| F|  |TAMS 0x0000000606c00000, 0x0000000606c00000| Untracked 
|  23|0x0000000607000000, 0x0000000607000000, 0x0000000607400000|  0%| F|  |TAMS 0x0000000607000000, 0x0000000607000000| Untracked 
|  24|0x0000000607400000, 0x0000000607800000, 0x0000000607800000|100%| E|  |TAMS 0x0000000607400000, 0x0000000607400000| Complete 
|  25|0x0000000607800000, 0x0000000607c00000, 0x0000000607c00000|100%| E|CS|TAMS 0x0000000607800000, 0x0000000607800000| Complete 
|  26|0x0000000607c00000, 0x0000000608000000, 0x0000000608000000|100%| E|CS|TAMS 0x0000000607c00000, 0x0000000607c00000| Complete 
|  27|0x0000000608000000, 0x0000000608400000, 0x0000000608400000|100%| E|CS|TAMS 0x0000000608000000, 0x0000000608000000| Complete 
|  28|0x0000000608400000, 0x0000000608800000, 0x0000000608800000|100%| E|CS|TAMS 0x0000000608400000, 0x0000000608400000| Complete 
|  60|0x0000000610400000, 0x0000000610531b00, 0x0000000610800000| 29%| S|CS|TAMS 0x0000000610400000, 0x0000000610400000| Complete 
|  61|0x0000000610800000, 0x0000000610c00000, 0x0000000610c00000|100%| S|CS|TAMS 0x0000000610800000, 0x0000000610800000| Complete 
|  62|0x0000000610c00000, 0x0000000611000000, 0x0000000611000000|100%| S|CS|TAMS 0x0000000610c00000, 0x0000000610c00000| Complete 
|  63|0x0000000611000000, 0x0000000611400000, 0x0000000611400000|100%| S|CS|TAMS 0x0000000611000000, 0x0000000611000000| Complete 
| 127|0x0000000621000000, 0x0000000621400000, 0x0000000621400000|100%| E|CS|TAMS 0x0000000621000000, 0x0000000621000000| Complete 

Card table byte_map: [0x0000023ec3c50000,0x0000023ec4c50000] _byte_map_base: 0x0000023ec0c46000

Marking Bits (Prev, Next): (CMBitMap*) 0x0000023eba574ec0, (CMBitMap*) 0x0000023eba574e80
 Prev Bits: [0x0000023ecdc00000, 0x0000023ed5bb0000)
 Next Bits: [0x0000023ec5c50000, 0x0000023ecdc00000)

Polling page: 0x0000023eba5d0000

Metaspace:

Usage:
  Non-class:     51.30 MB used.
      Class:      7.32 MB used.
       Both:     58.63 MB used.

Virtual space:
  Non-class space:       56.00 MB reserved,      51.69 MB ( 92%) committed,  7 nodes.
      Class space:        1.00 GB reserved,       7.62 MB ( <1%) committed,  1 nodes.
             Both:        1.05 GB reserved,      59.31 MB (  5%) committed. 

Chunk freelists:
   Non-Class:  300.00 KB
       Class:  350.00 KB
        Both:  650.00 KB

MaxMetaspaceSize: unlimited
CompressedClassSpaceSize: 1.00 GB
Initial GC threshold: 21.00 MB
Current GC threshold: 98.75 MB
CDS: off
MetaspaceReclaimPolicy: balanced
 - commit_granule_bytes: 65536.
 - commit_granule_words: 8192.
 - virtual_space_node_default_size: 1048576.
 - enlarge_chunks_in_place: 1.
 - new_chunks_are_fully_committed: 0.
 - uncommit_free_chunks: 1.
 - use_allocation_guard: 0.
 - handle_deallocations: 1.


Internal statistics:

num_allocs_failed_limit: 9.
num_arena_births: 898.
num_arena_deaths: 0.
num_vsnodes_births: 8.
num_vsnodes_deaths: 0.
num_space_committed: 949.
num_space_uncommitted: 0.
num_chunks_returned_to_freelist: 9.
num_chunks_taken_from_freelist: 2806.
num_chunk_merges: 6.
num_chunk_splits: 1888.
num_chunks_enlarged: 1309.
num_purges: 0.
num_inconsistent_stats: 0.

CodeCache: size=49152Kb used=12781Kb max_used=13533Kb free=36370Kb
 bounds [0x0000023ebf370000, 0x0000023ec0120000, 0x0000023ec2370000]
 total_blobs=6938 nmethods=6084 adapters=781
 compilation: enabled
              stopped_count=0, restarted_count=0
 full_count=0

Compilation events (20 events):
Event: 301.578 Thread 0x0000023ed90927f0 6074       1       java.io.ObjectInputStream$PeekInputStream::read (47 bytes)
Event: 301.578 Thread 0x0000023ed90927f0 nmethod 6074 0x0000023ebf741a90 code [0x0000023ebf741c40, 0x0000023ebf741da8]
Event: 301.578 Thread 0x0000023ed90927f0 6075       1       java.io.ObjectInputStream$BlockDataInputStream::getBlockDataMode (5 bytes)
Event: 301.578 Thread 0x0000023ed90927f0 nmethod 6075 0x0000023ebf741790 code [0x0000023ebf741920, 0x0000023ebf7419f8]
Event: 313.929 Thread 0x0000023ed90927f0 6076       1       java.util.TreeSet::add (22 bytes)
Event: 313.929 Thread 0x0000023ed90927f0 nmethod 6076 0x0000023ebf741410 code [0x0000023ebf7415a0, 0x0000023ebf7416c8]
Event: 343.955 Thread 0x0000023ed90927f0 6077       1       org.apache.catalina.webresources.Cache$EvictionOrder::compare (13 bytes)
Event: 343.955 Thread 0x0000023ed90927f0 nmethod 6077 0x0000023ebf740f10 code [0x0000023ebf7410c0, 0x0000023ebf7412b8]
Event: 343.955 Thread 0x0000023ed90927f0 6078       1       org.apache.catalina.webresources.Cache$EvictionOrder::compare (31 bytes)
Event: 343.955 Thread 0x0000023ed90927f0 nmethod 6078 0x0000023ebf740b10 code [0x0000023ebf740ca0, 0x0000023ebf740e18]
Event: 353.965 Thread 0x0000023ed90927f0 6079       1       java.util.EventObject::getSource (5 bytes)
Event: 353.965 Thread 0x0000023ed90927f0 nmethod 6079 0x0000023ebf740810 code [0x0000023ebf7409a0, 0x0000023ebf740a78]
Event: 366.370 Thread 0x0000023ed90927f0 6080       1       java.nio.channels.spi.AbstractSelector::begin (48 bytes)
Event: 366.371 Thread 0x0000023ed90927f0 nmethod 6080 0x0000023ebf73fc10 code [0x0000023ebf73fde0, 0x0000023ebf740208]
Event: 434.018 Thread 0x0000023ed90927f0 6082       1       org.apache.catalina.core.ContainerBase::getBackgroundProcessorDelay (5 bytes)
Event: 434.018 Thread 0x0000023ed90927f0 nmethod 6082 0x0000023ebf73f910 code [0x0000023ebf73faa0, 0x0000023ebf73fb78]
Event: 434.018 Thread 0x0000023ed90927f0 6083       1       org.apache.catalina.valves.ValveBase::backgroundProcess (1 bytes)
Event: 434.018 Thread 0x0000023ed90927f0 nmethod 6083 0x0000023ebf73f610 code [0x0000023ebf73f7a0, 0x0000023ebf73f858]
Event: 514.060 Thread 0x0000023ed90927f0 6084       1       org.apache.catalina.core.StandardPipeline::getFirst (17 bytes)
Event: 514.061 Thread 0x0000023ed90927f0 nmethod 6084 0x0000023ebf73f310 code [0x0000023ebf73f4a0, 0x0000023ebf73f598]

GC Heap History (20 events):
Event: 1.914 GC heap before
{Heap before GC invocations=4 (full 0):
 garbage-first heap   total 57344K, used 36983K [0x0000000601400000, 0x0000000800000000)
  region size 4096K, 9 young (36864K), 1 survivors (4096K)
 Metaspace       used 24180K, committed 24448K, reserved 1073152K
  class space    used 2807K, committed 2944K, reserved 1048576K
}
Event: 1.916 GC heap after
{Heap after GC invocations=5 (full 0):
 garbage-first heap   total 57344K, used 9285K [0x0000000601400000, 0x0000000800000000)
  region size 4096K, 1 young (4096K), 1 survivors (4096K)
 Metaspace       used 24180K, committed 24448K, reserved 1073152K
  class space    used 2807K, committed 2944K, reserved 1048576K
}
Event: 1.935 GC heap before
{Heap before GC invocations=5 (full 0):
 garbage-first heap   total 57344K, used 9285K [0x0000000601400000, 0x0000000800000000)
  region size 4096K, 2 young (8192K), 1 survivors (4096K)
 Metaspace       used 24453K, committed 24768K, reserved 1073152K
  class space    used 2854K, committed 3008K, reserved 1048576K
}
Event: 1.938 GC heap after
{Heap after GC invocations=6 (full 0):
 garbage-first heap   total 57344K, used 9986K [0x0000000601400000, 0x0000000800000000)
  region size 4096K, 1 young (4096K), 1 survivors (4096K)
 Metaspace       used 24453K, committed 24768K, reserved 1073152K
  class space    used 2854K, committed 3008K, reserved 1048576K
}
Event: 2.036 GC heap before
{Heap before GC invocations=6 (full 0):
 garbage-first heap   total 57344K, used 34562K [0x0000000601400000, 0x0000000800000000)
  region size 4096K, 7 young (28672K), 1 survivors (4096K)
 Metaspace       used 26645K, committed 26880K, reserved 1073152K
  class space    used 3171K, committed 3264K, reserved 1048576K
}
Event: 2.038 GC heap after
{Heap after GC invocations=7 (full 0):
 garbage-first heap   total 290816K, used 10445K [0x0000000601400000, 0x0000000800000000)
  region size 4096K, 1 young (4096K), 1 survivors (4096K)
 Metaspace       used 26645K, committed 26880K, reserved 1073152K
  class space    used 3171K, committed 3264K, reserved 1048576K
}
Event: 2.891 GC heap before
{Heap before GC invocations=7 (full 0):
 garbage-first heap   total 290816K, used 137421K [0x0000000601400000, 0x0000000800000000)
  region size 4096K, 33 young (135168K), 1 survivors (4096K)
 Metaspace       used 35969K, committed 36288K, reserved 1081344K
  class space    used 4397K, committed 4544K, reserved 1048576K
}
Event: 2.894 GC heap after
{Heap after GC invocations=8 (full 0):
 garbage-first heap   total 290816K, used 13874K [0x0000000601400000, 0x0000000800000000)
  region size 4096K, 2 young (8192K), 2 survivors (8192K)
 Metaspace       used 35969K, committed 36288K, reserved 1081344K
  class space    used 4397K, committed 4544K, reserved 1048576K
}
Event: 3.363 GC heap before
{Heap before GC invocations=9 (full 0):
 garbage-first heap   total 69632K, used 54834K [0x0000000601400000, 0x0000000800000000)
  region size 4096K, 13 young (53248K), 2 survivors (8192K)
 Metaspace       used 39703K, committed 40000K, reserved 1089536K
  class space    used 4972K, committed 5120K, reserved 1048576K
}
Event: 3.369 GC heap after
{Heap after GC invocations=10 (full 0):
 garbage-first heap   total 69632K, used 16329K [0x0000000601400000, 0x0000000800000000)
  region size 4096K, 2 young (8192K), 2 survivors (8192K)
 Metaspace       used 39703K, committed 40000K, reserved 1089536K
  class space    used 4972K, committed 5120K, reserved 1048576K
}
Event: 3.753 GC heap before
{Heap before GC invocations=10 (full 0):
 garbage-first heap   total 69632K, used 45001K [0x0000000601400000, 0x0000000800000000)
  region size 4096K, 10 young (40960K), 2 survivors (8192K)
 Metaspace       used 41744K, committed 42112K, reserved 1089536K
  class space    used 5205K, committed 5376K, reserved 1048576K
}
Event: 3.758 GC heap after
{Heap after GC invocations=11 (full 0):
 garbage-first heap   total 69632K, used 17644K [0x0000000601400000, 0x0000000800000000)
  region size 4096K, 1 young (4096K), 1 survivors (4096K)
 Metaspace       used 41744K, committed 42112K, reserved 1089536K
  class space    used 5205K, committed 5376K, reserved 1048576K
}
Event: 4.135 GC heap before
{Heap before GC invocations=11 (full 0):
 garbage-first heap   total 69632K, used 50412K [0x0000000601400000, 0x0000000800000000)
  region size 4096K, 9 young (36864K), 1 survivors (4096K)
 Metaspace       used 43860K, committed 44224K, reserved 1089536K
  class space    used 5497K, committed 5696K, reserved 1048576K
}
Event: 4.139 GC heap after
{Heap after GC invocations=12 (full 0):
 garbage-first heap   total 69632K, used 18790K [0x0000000601400000, 0x0000000800000000)
  region size 4096K, 2 young (8192K), 2 survivors (8192K)
 Metaspace       used 43860K, committed 44224K, reserved 1089536K
  class space    used 5497K, committed 5696K, reserved 1048576K
}
Event: 4.410 GC heap before
{Heap before GC invocations=12 (full 0):
 garbage-first heap   total 69632K, used 47462K [0x0000000601400000, 0x0000000800000000)
  region size 4096K, 9 young (36864K), 2 survivors (8192K)
 Metaspace       used 45774K, committed 46208K, reserved 1089536K
  class space    used 5717K, committed 5952K, reserved 1048576K
}
Event: 4.415 GC heap after
{Heap after GC invocations=13 (full 0):
 garbage-first heap   total 299008K, used 21290K [0x0000000601400000, 0x0000000800000000)
  region size 4096K, 2 young (8192K), 2 survivors (8192K)
 Metaspace       used 45774K, committed 46208K, reserved 1089536K
  class space    used 5717K, committed 5952K, reserved 1048576K
}
Event: 55.940 GC heap before
{Heap before GC invocations=13 (full 0):
 garbage-first heap   total 299008K, used 185130K [0x0000000601400000, 0x0000000800000000)
  region size 4096K, 43 young (176128K), 2 survivors (8192K)
 Metaspace       used 57009K, committed 57664K, reserved 1105920K
  class space    used 7153K, committed 7488K, reserved 1048576K
}
Event: 55.948 GC heap after
{Heap after GC invocations=14 (full 0):
 garbage-first heap   total 299008K, used 31231K [0x0000000601400000, 0x0000000800000000)
  region size 4096K, 4 young (16384K), 4 survivors (16384K)
 Metaspace       used 57009K, committed 57664K, reserved 1105920K
  class space    used 7153K, committed 7488K, reserved 1048576K
}
Event: 139.351 GC heap before
{Heap before GC invocations=14 (full 0):
 garbage-first heap   total 299008K, used 63999K [0x0000000601400000, 0x0000000800000000)
  region size 4096K, 13 young (53248K), 4 survivors (16384K)
 Metaspace       used 59949K, committed 60608K, reserved 1105920K
  class space    used 7481K, committed 7808K, reserved 1048576K
}
Event: 139.359 GC heap after
{Heap after GC invocations=15 (full 0):
 garbage-first heap   total 299008K, used 33210K [0x0000000601400000, 0x0000000800000000)
  region size 4096K, 4 young (16384K), 4 survivors (16384K)
 Metaspace       used 59949K, committed 60608K, reserved 1105920K
  class space    used 7481K, committed 7808K, reserved 1048576K
}

Deoptimization events (20 events):
Event: 65.827 Thread 0x0000023edd4ac710 DEOPT PACKING pc=0x0000023ebf6c265c sp=0x00000067a73fc280
Event: 65.827 Thread 0x0000023edd4ac710 DEOPT UNPACKING pc=0x0000023ebf3c2b43 sp=0x00000067a73fb770 mode 1
Event: 65.827 Thread 0x0000023edd4ac710 DEOPT PACKING pc=0x0000023ebf8376e4 sp=0x00000067a73fb7c0
Event: 65.827 Thread 0x0000023edd4ac710 DEOPT UNPACKING pc=0x0000023ebf3c2b43 sp=0x00000067a73fac58 mode 1
Event: 65.827 Thread 0x0000023edd4ac710 DEOPT PACKING pc=0x0000023ebf830e7c sp=0x00000067a73fb890
Event: 65.827 Thread 0x0000023edd4ac710 DEOPT UNPACKING pc=0x0000023ebf3c2b43 sp=0x00000067a73fad48 mode 1
Event: 65.827 Thread 0x0000023edd4ac710 DEOPT PACKING pc=0x0000023ebf6c265c sp=0x00000067a73fc280
Event: 65.827 Thread 0x0000023edd4ac710 DEOPT UNPACKING pc=0x0000023ebf3c2b43 sp=0x00000067a73fb770 mode 1
Event: 167.119 Thread 0x0000023edd4ac710 DEOPT PACKING pc=0x0000023ebfae2234 sp=0x00000067a73fbf20
Event: 167.119 Thread 0x0000023edd4ac710 DEOPT UNPACKING pc=0x0000023ebf3c2b43 sp=0x00000067a73fb458 mode 1
Event: 167.119 Thread 0x0000023edd4ac710 DEOPT PACKING pc=0x0000023ebfae316c sp=0x00000067a73fc010
Event: 167.119 Thread 0x0000023edd4ac710 DEOPT UNPACKING pc=0x0000023ebf3c2b43 sp=0x00000067a73fb5a8 mode 1
Event: 167.120 Thread 0x0000023edd4ac710 DEOPT PACKING pc=0x0000023ebfadc54c sp=0x00000067a73fc160
Event: 167.120 Thread 0x0000023edd4ac710 DEOPT UNPACKING pc=0x0000023ebf3c2b43 sp=0x00000067a73fb730 mode 1
Event: 167.120 Thread 0x0000023edd4ac710 DEOPT PACKING pc=0x0000023ebfb093b4 sp=0x00000067a73fd480
Event: 167.120 Thread 0x0000023edd4ac710 DEOPT UNPACKING pc=0x0000023ebf3c2b43 sp=0x00000067a73fc9a8 mode 0
Event: 167.120 Thread 0x0000023edd4ac710 DEOPT PACKING pc=0x0000023ebfaee404 sp=0x00000067a73fd560
Event: 167.120 Thread 0x0000023edd4ac710 DEOPT UNPACKING pc=0x0000023ebf3c2b43 sp=0x00000067a73fca00 mode 0
Event: 167.120 Thread 0x0000023edd4ac710 DEOPT PACKING pc=0x0000023ebfaf668c sp=0x00000067a73fd5b0
Event: 167.120 Thread 0x0000023edd4ac710 DEOPT UNPACKING pc=0x0000023ebf3c2b43 sp=0x00000067a73fcaa0 mode 0

Classes unloaded (0 events):
No events

Classes redefined (1 events):
Event: 538.061 Thread 0x0000023ed90421e0 redefined class name=com.gcu.data.FormBasedAuthenticationDataService, count=1

Internal exceptions (20 events):
Event: 55.802 Thread 0x0000023edd4ac710 Exception <a 'java/lang/ClassNotFoundException'{0x0000000609ebe088}: org/thymeleaf/engine/ElementModelStructureHandlerCustomizer> (0x0000000609ebe088) 
thrown [e:\jenkins\tmp\workspace\build\src\src\hotspot\share\classfile\systemDictionary.cpp, line 256]
Event: 55.806 Thread 0x0000023edd4ac710 Exception <a 'java/lang/ClassNotFoundException'{0x0000000609fabae0}: java/util/Collections$UnmodifiableRandomAccessListBeanInfo> (0x0000000609fabae0) 
thrown [e:\jenkins\tmp\workspace\build\src\src\hotspot\share\classfile\systemDictionary.cpp, line 256]
Event: 55.807 Thread 0x0000023edd4ac710 Exception <a 'java/lang/ClassNotFoundException'{0x0000000609fb0e78}: java/util/Collections$UnmodifiableListBeanInfo> (0x0000000609fb0e78) 
thrown [e:\jenkins\tmp\workspace\build\src\src\hotspot\share\classfile\systemDictionary.cpp, line 256]
Event: 55.809 Thread 0x0000023edd4ac710 Exception <a 'java/lang/ClassNotFoundException'{0x0000000609fb61f8}: java/util/Collections$UnmodifiableListCustomizer> (0x0000000609fb61f8) 
thrown [e:\jenkins\tmp\workspace\build\src\src\hotspot\share\classfile\systemDictionary.cpp, line 256]
Event: 55.811 Thread 0x0000023edd4ac710 Exception <a 'java/lang/ClassNotFoundException'{0x0000000609fd5210}: java/util/Collections$UnmodifiableRandomAccessListCustomizer> (0x0000000609fd5210) 
thrown [e:\jenkins\tmp\workspace\build\src\src\hotspot\share\classfile\systemDictionary.cpp, line 256]
Event: 55.954 Thread 0x0000023edd4ac710 Exception <a 'java/lang/ClassNotFoundException'{0x000000062101ea50}: org/thymeleaf/model/AttributeValueQuotesBeanInfo> (0x000000062101ea50) 
thrown [e:\jenkins\tmp\workspace\build\src\src\hotspot\share\classfile\systemDictionary.cpp, line 256]
Event: 55.956 Thread 0x0000023edd4ac710 Exception <a 'java/lang/ClassNotFoundException'{0x0000000621026a70}: org/thymeleaf/model/AttributeValueQuotesCustomizer> (0x0000000621026a70) 
thrown [e:\jenkins\tmp\workspace\build\src\src\hotspot\share\classfile\systemDictionary.cpp, line 256]
Event: 55.960 Thread 0x0000023edd4ac710 Exception <a 'java/lang/ClassNotFoundException'{0x000000062104c7c8}: org/thymeleaf/engine/ElementTagStructureHandlerBeanInfo> (0x000000062104c7c8) 
thrown [e:\jenkins\tmp\workspace\build\src\src\hotspot\share\classfile\systemDictionary.cpp, line 256]
Event: 55.961 Thread 0x0000023edd4ac710 Exception <a 'java/lang/ClassNotFoundException'{0x0000000621054a00}: org/thymeleaf/engine/ElementTagStructureHandlerCustomizer> (0x0000000621054a00) 
thrown [e:\jenkins\tmp\workspace\build\src\src\hotspot\share\classfile\systemDictionary.cpp, line 256]
Event: 56.034 Thread 0x0000023edd4ab3d0 Exception <a 'java/lang/NoSuchMethodError'{0x0000000621396488}: 'java.lang.Object java.lang.invoke.DirectMethodHandle$Holder.invokeStatic(java.lang.Object, int, int)'> (0x0000000621396488) 
thrown [e:\jenkins\tmp\workspace\build\src\src\hotspot\share\interpreter\linkResolver.cpp, line 766]
Event: 56.034 Thread 0x0000023edd4ad580 Exception <a 'java/lang/NoSuchMethodError'{0x00000006213cf048}: 'java.lang.Object java.lang.invoke.DirectMethodHandle$Holder.invokeStatic(java.lang.Object, int, int)'> (0x00000006213cf048) 
thrown [e:\jenkins\tmp\workspace\build\src\src\hotspot\share\interpreter\linkResolver.cpp, line 766]
Event: 57.191 Thread 0x0000023edd4aa560 Exception <a 'java/io/IOException'{0x000000061280b840}> (0x000000061280b840) 
thrown [e:\jenkins\tmp\workspace\build\src\src\hotspot\share\prims\jni.cpp, line 516]
Event: 58.899 Thread 0x0000023edd4aaa30 Exception <a 'java/lang/ClassNotFoundException'{0x00000006129951e0}: nz/net/ultraq/thymeleaf/layoutdialect/models/extensions/ChildModelIteratorBeanInfo> (0x00000006129951e0) 
thrown [e:\jenkins\tmp\workspace\build\src\src\hotspot\share\classfile\systemDictionary.cpp, line 256]
Event: 58.900 Thread 0x0000023edd4aaa30 Exception <a 'java/lang/ClassNotFoundException'{0x000000061299de70}: nz/net/ultraq/thymeleaf/layoutdialect/models/extensions/ChildModelIteratorCustomizer> (0x000000061299de70) 
thrown [e:\jenkins\tmp\workspace\build\src\src\hotspot\share\classfile\systemDictionary.cpp, line 256]
Event: 58.915 Thread 0x0000023edd4aaa30 Exception <a 'java/lang/ClassNotFoundException'{0x0000000612ad9360}: java/lang/ObjectCustomizer> (0x0000000612ad9360) 
thrown [e:\jenkins\tmp\workspace\build\src\src\hotspot\share\classfile\systemDictionary.cpp, line 256]
Event: 58.917 Thread 0x0000023edd4aaa30 Exception <a 'java/lang/ClassNotFoundException'{0x0000000612ae5c70}: com/gcu/model/AuthenticationModelCustomizer> (0x0000000612ae5c70) 
thrown [e:\jenkins\tmp\workspace\build\src\src\hotspot\share\classfile\systemDictionary.cpp, line 256]
Event: 139.081 Thread 0x0000023edd4ac710 Exception <a 'java/lang/ClassNotFoundException'{0x00000006114578a8}: com/sun/rowset/RowSetResourceBundle> (0x00000006114578a8) 
thrown [e:\jenkins\tmp\workspace\build\src\src\hotspot\share\prims\jni.cpp, line 535]
Event: 139.111 Thread 0x0000023edd4ac710 Exception <a 'java/lang/ClassNotFoundException'{0x000000061146ed18}: com/sun/rowset/RowSetResourceBundle_en> (0x000000061146ed18) 
thrown [e:\jenkins\tmp\workspace\build\src\src\hotspot\share\prims\jni.cpp, line 535]
Event: 139.114 Thread 0x0000023edd4ac710 Exception <a 'java/lang/ClassNotFoundException'{0x000000061146fd60}: com/sun/rowset/RowSetResourceBundle_en_US> (0x000000061146fd60) 
thrown [e:\jenkins\tmp\workspace\build\src\src\hotspot\share\prims\jni.cpp, line 535]
Event: 167.695 Thread 0x0000023edd4ada50 Exception <a 'java/io/IOException'{0x0000000608481438}> (0x0000000608481438) 
thrown [e:\jenkins\tmp\workspace\build\src\src\hotspot\share\prims\jni.cpp, line 516]

VM Operations (20 events):
Event: 257.652 Executing VM operation: get/set locals
Event: 257.652 Executing VM operation: get/set locals done
Event: 258.121 Executing VM operation: get/set locals
Event: 258.121 Executing VM operation: get/set locals done
Event: 258.182 Executing VM operation: get/set locals
Event: 258.182 Executing VM operation: get/set locals done
Event: 264.242 Executing VM operation: Cleanup
Event: 264.242 Executing VM operation: Cleanup done
Event: 278.447 Executing VM operation: get/set locals
Event: 278.448 Executing VM operation: get/set locals done
Event: 278.481 Executing VM operation: get/set locals
Event: 278.481 Executing VM operation: get/set locals done
Event: 279.301 Executing VM operation: get/set locals
Event: 279.301 Executing VM operation: get/set locals done
Event: 538.046 Executing VM operation: ChangeSingleStep
Event: 538.046 Executing VM operation: ChangeSingleStep done
Event: 538.046 Executing VM operation: ChangeSingleStep
Event: 538.046 Executing VM operation: ChangeSingleStep done
Event: 538.054 Executing VM operation: RedefineClasses
Event: 538.076 Executing VM operation: RedefineClasses done

Events (20 events):
Event: 65.809 loading class java/util/stream/Streams$2 done
Event: 91.563 Thread 0x0000023edac2a930 Thread exited: 0x0000023edac2a930
Event: 139.062 loading class java/io/StreamCorruptedException
Event: 139.062 loading class java/io/StreamCorruptedException done
Event: 139.062 loading class java/io/OptionalDataException
Event: 139.062 loading class java/io/OptionalDataException done
Event: 139.062 loading class java/io/StringBufferInputStream
Event: 139.062 loading class java/io/StringBufferInputStream done
Event: 139.193 loading class javax/naming/NotContextException
Event: 139.193 loading class javax/naming/NotContextException done
Event: 139.318 loading class java/util/concurrent/atomic/AtomicReferenceFieldUpdater
Event: 139.318 loading class java/util/concurrent/atomic/AtomicReferenceFieldUpdater done
Event: 139.318 loading class java/util/concurrent/atomic/AtomicReferenceFieldUpdater$AtomicReferenceFieldUpdaterImpl
Event: 139.318 loading class java/util/concurrent/atomic/AtomicReferenceFieldUpdater$AtomicReferenceFieldUpdaterImpl done
Event: 139.318 loading class java/util/concurrent/atomic/AtomicReferenceFieldUpdater$AtomicReferenceFieldUpdaterImpl$1
Event: 139.318 loading class java/util/concurrent/atomic/AtomicReferenceFieldUpdater$AtomicReferenceFieldUpdaterImpl$1 done
Event: 167.136 loading class java/lang/invoke/MethodHandleImpl$CountingWrapper$1
Event: 167.136 loading class java/lang/invoke/MethodHandleImpl$CountingWrapper$1 done
Event: 167.139 Thread 0x0000023ed9b33810 Thread added: 0x0000023ed9b33810
Event: 167.688 Thread 0x0000023ed9b33810 Thread exited: 0x0000023ed9b33810


Dynamic libraries:
0x00007ff7c92c0000 - 0x00007ff7c92ce000 	C:\Users\donald\Downloads\sts-4.13.1.RELEASE\plugins\org.eclipse.justj.openjdk.hotspot.jre.full.win32.x86_64_17.0.1.v20211116-1657\jre\bin\javaw.exe
0x00007ffea93d0000 - 0x00007ffea95c5000 	C:\WINDOWS\SYSTEM32\ntdll.dll
0x00007ffea8490000 - 0x00007ffea854e000 	C:\WINDOWS\System32\KERNEL32.DLL
0x00007ffea6b60000 - 0x00007ffea6e28000 	C:\WINDOWS\System32\KERNELBASE.dll
0x00007ffea6fe0000 - 0x00007ffea70e0000 	C:\WINDOWS\System32\ucrtbase.dll
0x00007ffea3010000 - 0x00007ffea3029000 	C:\Users\donald\Downloads\sts-4.13.1.RELEASE\plugins\org.eclipse.justj.openjdk.hotspot.jre.full.win32.x86_64_17.0.1.v20211116-1657\jre\bin\VCRUNTIME140.dll
0x00007ffe9c660000 - 0x00007ffe9c678000 	C:\Users\donald\Downloads\sts-4.13.1.RELEASE\plugins\org.eclipse.justj.openjdk.hotspot.jre.full.win32.x86_64_17.0.1.v20211116-1657\jre\bin\jli.dll
0x00007ffea9060000 - 0x00007ffea9200000 	C:\WINDOWS\System32\USER32.dll
0x00007ffea7370000 - 0x00007ffea7392000 	C:\WINDOWS\System32\win32u.dll
0x00007ffea8ac0000 - 0x00007ffea8aeb000 	C:\WINDOWS\System32\GDI32.dll
0x00007ffea6ed0000 - 0x00007ffea6fdb000 	C:\WINDOWS\System32\gdi32full.dll
0x00007ffe8d360000 - 0x00007ffe8d5fa000 	C:\WINDOWS\WinSxS\amd64_microsoft.windows.common-controls_6595b64144ccf1df_6.0.19041.1110_none_60b5254171f9507e\COMCTL32.dll
0x00007ffea6e30000 - 0x00007ffea6ecd000 	C:\WINDOWS\System32\msvcp_win.dll
0x00007ffea7830000 - 0x00007ffea78ce000 	C:\WINDOWS\System32\msvcrt.dll
0x00007ffea9010000 - 0x00007ffea9040000 	C:\WINDOWS\System32\IMM32.DLL
0x00007ffe9c650000 - 0x00007ffe9c65c000 	C:\Users\donald\Downloads\sts-4.13.1.RELEASE\plugins\org.eclipse.justj.openjdk.hotspot.jre.full.win32.x86_64_17.0.1.v20211116-1657\jre\bin\vcruntime140_1.dll
0x00007ffe77d90000 - 0x00007ffe77e21000 	C:\Users\donald\Downloads\sts-4.13.1.RELEASE\plugins\org.eclipse.justj.openjdk.hotspot.jre.full.win32.x86_64_17.0.1.v20211116-1657\jre\bin\msvcp140.dll
0x00007ffe420d0000 - 0x00007ffe42d16000 	C:\Users\donald\Downloads\sts-4.13.1.RELEASE\plugins\org.eclipse.justj.openjdk.hotspot.jre.full.win32.x86_64_17.0.1.v20211116-1657\jre\bin\server\jvm.dll
0x00007ffea83e0000 - 0x00007ffea848e000 	C:\WINDOWS\System32\ADVAPI32.dll
0x00007ffea7430000 - 0x00007ffea74cc000 	C:\WINDOWS\System32\sechost.dll
0x00007ffea8da0000 - 0x00007ffea8ec5000 	C:\WINDOWS\System32\RPCRT4.dll
0x00007ffea7b50000 - 0x00007ffea7b58000 	C:\WINDOWS\System32\PSAPI.DLL
0x00007ffe9c7d0000 - 0x00007ffe9c7f7000 	C:\WINDOWS\SYSTEM32\WINMM.dll
0x00007ffe8f570000 - 0x00007ffe8f579000 	C:\WINDOWS\SYSTEM32\WSOCK32.dll
0x00007ffea1a30000 - 0x00007ffea1a3a000 	C:\WINDOWS\SYSTEM32\VERSION.dll
0x00007ffea8fa0000 - 0x00007ffea900b000 	C:\WINDOWS\System32\WS2_32.dll
0x00007ffea48b0000 - 0x00007ffea48c2000 	C:\WINDOWS\SYSTEM32\kernel.appcore.dll
0x00007ffe9ca60000 - 0x00007ffe9ca6a000 	C:\Users\donald\Downloads\sts-4.13.1.RELEASE\plugins\org.eclipse.justj.openjdk.hotspot.jre.full.win32.x86_64_17.0.1.v20211116-1657\jre\bin\jimage.dll
0x00007ffe8ed10000 - 0x00007ffe8eef4000 	C:\WINDOWS\SYSTEM32\DBGHELP.DLL
0x00007ffe8ecd0000 - 0x00007ffe8ecfc000 	C:\WINDOWS\SYSTEM32\dbgcore.DLL
0x00007ffea73a0000 - 0x00007ffea7422000 	C:\WINDOWS\System32\bcryptPrimitives.dll
0x00007ffe9c680000 - 0x00007ffe9c6bb000 	C:\Users\donald\Downloads\sts-4.13.1.RELEASE\plugins\org.eclipse.justj.openjdk.hotspot.jre.full.win32.x86_64_17.0.1.v20211116-1657\jre\bin\jdwp.dll
0x00007ffe95e40000 - 0x00007ffe95e4e000 	C:\Users\donald\Downloads\sts-4.13.1.RELEASE\plugins\org.eclipse.justj.openjdk.hotspot.jre.full.win32.x86_64_17.0.1.v20211116-1657\jre\bin\instrument.dll
0x00007ffe98920000 - 0x00007ffe98945000 	C:\Users\donald\Downloads\sts-4.13.1.RELEASE\plugins\org.eclipse.justj.openjdk.hotspot.jre.full.win32.x86_64_17.0.1.v20211116-1657\jre\bin\java.dll
0x00007ffe9c630000 - 0x00007ffe9c648000 	C:\Users\donald\Downloads\sts-4.13.1.RELEASE\plugins\org.eclipse.justj.openjdk.hotspot.jre.full.win32.x86_64_17.0.1.v20211116-1657\jre\bin\zip.dll
0x00007ffea7c10000 - 0x00007ffea8354000 	C:\WINDOWS\System32\SHELL32.dll
0x00007ffea4ab0000 - 0x00007ffea5244000 	C:\WINDOWS\SYSTEM32\windows.storage.dll
0x00007ffea74d0000 - 0x00007ffea7824000 	C:\WINDOWS\System32\combase.dll
0x00007ffea6470000 - 0x00007ffea649c000 	C:\WINDOWS\SYSTEM32\Wldp.dll
0x00007ffea8cf0000 - 0x00007ffea8d9d000 	C:\WINDOWS\System32\SHCORE.dll
0x00007ffea8560000 - 0x00007ffea85b5000 	C:\WINDOWS\System32\shlwapi.dll
0x00007ffea6a30000 - 0x00007ffea6a4f000 	C:\WINDOWS\SYSTEM32\profapi.dll
0x00007ffe93dc0000 - 0x00007ffe93dcc000 	C:\Users\donald\Downloads\sts-4.13.1.RELEASE\plugins\org.eclipse.justj.openjdk.hotspot.jre.full.win32.x86_64_17.0.1.v20211116-1657\jre\bin\dt_socket.dll
0x00007ffea5f10000 - 0x00007ffea5f4b000 	C:\WINDOWS\SYSTEM32\IPHLPAPI.DLL
0x00007ffea6250000 - 0x00007ffea62ba000 	C:\WINDOWS\system32\mswsock.dll
0x00007ffea5f50000 - 0x00007ffea601a000 	C:\WINDOWS\SYSTEM32\DNSAPI.dll
0x00007ffea7ae0000 - 0x00007ffea7ae8000 	C:\WINDOWS\System32\NSI.dll
0x00007ffe9da30000 - 0x00007ffe9da3a000 	C:\Windows\System32\rasadhlp.dll
0x00007ffe9da40000 - 0x00007ffe9dabf000 	C:\WINDOWS\System32\fwpuclnt.dll
0x00007ffea7340000 - 0x00007ffea7367000 	C:\WINDOWS\System32\bcrypt.dll
0x00007ffe98900000 - 0x00007ffe98919000 	C:\Users\donald\Downloads\sts-4.13.1.RELEASE\plugins\org.eclipse.justj.openjdk.hotspot.jre.full.win32.x86_64_17.0.1.v20211116-1657\jre\bin\net.dll
0x00007ffea5b00000 - 0x00007ffea5c09000 	C:\WINDOWS\SYSTEM32\WINHTTP.dll
0x00007ffe96fe0000 - 0x00007ffe96ff5000 	C:\Users\donald\Downloads\sts-4.13.1.RELEASE\plugins\org.eclipse.justj.openjdk.hotspot.jre.full.win32.x86_64_17.0.1.v20211116-1657\jre\bin\nio.dll
0x00007ffe988f0000 - 0x00007ffe988f9000 	C:\Users\donald\Downloads\sts-4.13.1.RELEASE\plugins\org.eclipse.justj.openjdk.hotspot.jre.full.win32.x86_64_17.0.1.v20211116-1657\jre\bin\management.dll
0x00007ffe96ef0000 - 0x00007ffe96efb000 	C:\Users\donald\Downloads\sts-4.13.1.RELEASE\plugins\org.eclipse.justj.openjdk.hotspot.jre.full.win32.x86_64_17.0.1.v20211116-1657\jre\bin\management_ext.dll
0x00007ffe90ac0000 - 0x00007ffe90ad7000 	C:\WINDOWS\system32\napinsp.dll
0x00007ffe909f0000 - 0x00007ffe90a0b000 	C:\WINDOWS\system32\pnrpnsp.dll
0x00007ffe8f6b0000 - 0x00007ffe8f6c5000 	C:\WINDOWS\system32\wshbth.dll
0x00007ffea3dd0000 - 0x00007ffea3ded000 	C:\WINDOWS\system32\NLAapi.dll
0x00007ffe8f690000 - 0x00007ffe8f6a2000 	C:\WINDOWS\System32\winrnr.dll
0x00007ffea64b0000 - 0x00007ffea64c8000 	C:\WINDOWS\SYSTEM32\CRYPTSP.dll
0x00007ffea5a70000 - 0x00007ffea5aa4000 	C:\WINDOWS\system32\rsaenh.dll
0x00007ffea69b0000 - 0x00007ffea69de000 	C:\WINDOWS\SYSTEM32\USERENV.dll
0x00007ffea63e0000 - 0x00007ffea63ec000 	C:\WINDOWS\SYSTEM32\CRYPTBASE.dll
0x00007ffea0a90000 - 0x00007ffea0aa7000 	C:\WINDOWS\SYSTEM32\dhcpcsvc6.DLL
0x00007ffea0a70000 - 0x00007ffea0a8d000 	C:\WINDOWS\SYSTEM32\dhcpcsvc.DLL
0x00007ffe9c5d0000 - 0x00007ffe9c5e0000 	C:\Users\donald\Downloads\sts-4.13.1.RELEASE\plugins\org.eclipse.justj.openjdk.hotspot.jre.full.win32.x86_64_17.0.1.v20211116-1657\jre\bin\verify.dll
0x00007ffe95e50000 - 0x00007ffe95e5e000 	C:\Users\donald\Downloads\sts-4.13.1.RELEASE\plugins\org.eclipse.justj.openjdk.hotspot.jre.full.win32.x86_64_17.0.1.v20211116-1657\jre\bin\sunmscapi.dll
0x00007ffea70e0000 - 0x00007ffea7236000 	C:\WINDOWS\System32\CRYPT32.dll
0x00007ffea65c0000 - 0x00007ffea65e7000 	C:\WINDOWS\SYSTEM32\ncrypt.dll
0x00007ffea6580000 - 0x00007ffea65bb000 	C:\WINDOWS\SYSTEM32\NTASN1.dll
0x00007ffe935a0000 - 0x00007ffe935a7000 	C:\WINDOWS\system32\wshunix.dll

dbghelp: loaded successfully - version: 4.0.5 - missing functions: none
symbol engine: initialized successfully - sym options: 0x614 - pdb path: .;C:\Users\donald\Downloads\sts-4.13.1.RELEASE\plugins\org.eclipse.justj.openjdk.hotspot.jre.full.win32.x86_64_17.0.1.v20211116-1657\jre\bin;C:\WINDOWS\SYSTEM32;C:\WINDOWS\WinSxS\amd64_microsoft.windows.common-controls_6595b64144ccf1df_6.0.19041.1110_none_60b5254171f9507e;C:\Users\donald\Downloads\sts-4.13.1.RELEASE\plugins\org.eclipse.justj.openjdk.hotspot.jre.full.win32.x86_64_17.0.1.v20211116-1657\jre\bin\server

VM Arguments:
jvm_args: -XX:+ShowCodeDetailsInExceptionMessages -agentlib:jdwp=transport=dt_socket,suspend=y,address=localhost:61375 -Dcom.sun.management.jmxremote -Dcom.sun.management.jmxremote.port=61372 -Dcom.sun.management.jmxremote.authenticate=false -Dcom.sun.management.jmxremote.ssl=false -Djava.rmi.server.hostname=localhost -Dspring.jmx.enabled=true -Dspring.application.admin.enabled=true -XX:TieredStopAtLevel=1 -Dspring.boot.project.name=CST339 -javaagent:C:\Users\donald\Downloads\sts-4.13.1.RELEASE\configuration\org.eclipse.osgi\262\0\.cp\lib\javaagent-shaded.jar -Dfile.encoding=UTF-8 
java_command: com.gcu.ClcProjectApplication --spring.output.ansi.enabled=always
java_class_path (initial): C:\Users\donald\Documents\workspaceCST-339\CST339\target\classes;C:\Users\donald\.m2\repository\org\springframework\boot\spring-boot-starter-thymeleaf\2.6.4\spring-boot-starter-thymeleaf-2.6.4.jar;C:\Users\donald\.m2\repository\org\springframework\boot\spring-boot-starter\2.6.4\spring-boot-starter-2.6.4.jar;C:\Users\donald\.m2\repository\org\springframework\boot\spring-boot-starter-logging\2.6.4\spring-boot-starter-logging-2.6.4.jar;C:\Users\donald\.m2\repository\ch\qos\logback\logback-classic\1.2.10\logback-classic-1.2.10.jar;C:\Users\donald\.m2\repository\ch\qos\logback\logback-core\1.2.10\logback-core-1.2.10.jar;C:\Users\donald\.m2\repository\org\apache\logging\log4j\log4j-to-slf4j\2.17.1\log4j-to-slf4j-2.17.1.jar;C:\Users\donald\.m2\repository\org\apache\logging\log4j\log4j-api\2.17.1\log4j-api-2.17.1.jar;C:\Users\donald\.m2\repository\org\slf4j\jul-to-slf4j\1.7.36\jul-to-slf4j-1.7.36.jar;C:\Users\donald\.m2\repository\jakarta\annotation\jakarta.annotation-api\1.3.5\jakarta.annotation-api-1.3.5.jar;C:\Users\donald\.m2\repository\org\yaml\snakeyaml\1.29\snakeyaml-1.29.jar;C:\Users\donald\.m2\repository\org\thymeleaf\thymeleaf-spring5\3.0.15.RELEASE\thymeleaf-spring5-3.0.15.RELEASE.jar;C:\Users\donald\.m2\repository\org\slf4j\slf4j-api\1.7.36\slf4j-api-1.7.36.jar;C:\Users\donald\.m2\repository\org\thymeleaf\extras\thymeleaf-extras-java8time\3.0.4.RELEASE\thymeleaf-extras-java8time-3.0.4.RELEASE.jar;C:\Users\donald\.m2\repository\org\springframework\boot\spring-boot-starter-web\2.6.4\spring-boot-starter-web-2.6.4.jar;C:\Users\donald\.m2\repository\org\springframework\boot\spring-boot-starter-json\2.6.4\spring-boot-starter-json-2.6.4.jar;C:\Users\donald\.m2\repository\com\fasterxml\jackson\core\jackson-databind\2.13.1\jackson-databind-2.13.1.jar;C:\Users\donald\.m2\repository\com\fasterxml\jackson\core\jackson-annotations\2.13.1\jackson-annotations-2.13.1.jar;C:\Users\donald\.m2\repository\com\fasterxml\jackson\core\jackson-core\2.13.1\j
Launcher Type: SUN_STANDARD

[Global flags]
     intx CICompilerCount                          = 4                                         {product} {ergonomic}
     uint ConcGCThreads                            = 2                                         {product} {ergonomic}
     uint G1ConcRefinementThreads                  = 8                                         {product} {ergonomic}
   size_t G1HeapRegionSize                         = 4194304                                   {product} {ergonomic}
    uintx GCDrainStackTargetSize                   = 64                                        {product} {ergonomic}
   size_t InitialHeapSize                          = 536870912                                 {product} {ergonomic}
     bool ManagementServer                         = true                                      {product} {command line}
   size_t MarkStackSize                            = 4194304                                   {product} {ergonomic}
   size_t MaxHeapSize                              = 8568963072                                {product} {ergonomic}
   size_t MaxNewSize                               = 5138022400                                {product} {ergonomic}
   size_t MinHeapDeltaBytes                        = 4194304                                   {product} {ergonomic}
   size_t MinHeapSize                              = 8388608                                   {product} {ergonomic}
    uintx NonProfiledCodeHeapSize                  = 0                                      {pd product} {ergonomic}
     bool ProfileInterpreter                       = false                                  {pd product} {command line}
    uintx ProfiledCodeHeapSize                     = 0                                      {pd product} {ergonomic}
     bool ShowCodeDetailsInExceptionMessages       = true                                   {manageable} {command line}
   size_t SoftMaxHeapSize                          = 8568963072                             {manageable} {ergonomic}
     intx TieredStopAtLevel                        = 1                                         {product} {command line}
     bool UseCompressedClassPointers               = true                           {product lp64_product} {ergonomic}
     bool UseCompressedOops                        = true                           {product lp64_product} {ergonomic}
     bool UseG1GC                                  = true                                      {product} {ergonomic}
     bool UseLargePagesIndividualAllocation        = false                                  {pd product} {ergonomic}

Logging:
Log output configuration:
 #0: stdout all=warning uptime,level,tags
 #1: stderr all=off uptime,level,tags

Environment Variables:
JAVA_HOME=C:\Program Files\Java\jdk1.8.0_321
PATH=C:\Users\donald\Downloads\sts-4.13.1.RELEASE\plugins\org.eclipse.justj.openjdk.hotspot.jre.full.win32.x86_64_17.0.1.v20211116-1657\jre\bin;C:/Users/donald/Downloads/sts-4.13.1.RELEASE//plugins/org.eclipse.justj.openjdk.hotspot.jre.full.win32.x86_64_17.0.1.v20211116-1657/jre/bin/server;C:/Users/donald/Downloads/sts-4.13.1.RELEASE//plugins/org.eclipse.justj.openjdk.hotspot.jre.full.win32.x86_64_17.0.1.v20211116-1657/jre/bin;C:\Program Files (x86)\Common Files\Oracle\Java\javapath;C:\WINDOWS\system32;C:\WINDOWS;C:\WINDOWS\System32\Wbem;C:\WINDOWS\System32\WindowsPowerShell\v1.0\;C:\WINDOWS\System32\OpenSSH\;C:\Program Files\Azure Data Studio\bin;C:\Program Files (x86)\Microsoft SQL Server\150\DTS\Binn\;C:\Program Files\Microsoft SQL Server\Client SDK\ODBC\170\Tools\Binn\;C:\Program Files (x86)\Microsoft SQL Server\150\Tools\Binn\;C:\Program Files\Microsoft SQL Server\150\Tools\Binn\;C:\Program Files\Microsoft SQL Server\150\DTS\Binn\;C:\Program Files\Microsoft SQL Server\Client SDK\ODBC\110\Tools\Binn\;C:\Program Files (x86)\Microsoft SQL Server\110\DTS\Binn\;C:\Program Files (x86)\Microsoft SQL Server\120\DTS\Binn\;C:\Program Files (x86)\Microsoft SQL Server\130\DTS\Binn\;C:\Program Files (x86)\Microsoft SQL Server\140\DTS\Binn\;C:\Program Files\dotnet\;C:\Program Files\Microsoft SQL Server\130\Tools\Binn\;C:\ProgramData\chocolatey\bin;C:\Program Files\Docker\Docker\resources\bin;C:\ProgramData\DockerDesktop\version-bin;C:\Program Files\Amazon\AWSCLIV2\;C:\_admin\apache-maven-3.8.4-bin\apache-maven-3.8.4\bin;C:\Users\donald\AppData\Local\Microsoft\WindowsApps;C:\Users\donald\AppData\Local\Programs\Microsoft VS Code\bin;C:\Users\donald\.dotnet\tools;C:\MAMP\bin\php\php7.2.18;C:\Users\donald\AppData\Local\ComposerSetup\bin;C:\Users\donald\AppData\Roaming\Composer\vendor\bin;C:\Program Files\heroku\bin;;C:\Users\donald\Downloads\sts-4.13.1.RELEASE;
USERNAME=donald
OS=Windows_NT
PROCESSOR_IDENTIFIER=Intel64 Family 6 Model 158 Stepping 9, GenuineIntel



---------------  S Y S T E M  ---------------

OS:
 Windows 10 , 64 bit Build 19041 (10.0.19041.1566)
OS uptime: 3 days 1:47 hours
Hyper-V role detected

CPU: total 8 (initial active 8) (4 cores per cpu, 2 threads per core) family 6 model 158 stepping 9 microcode 0xb4, cx8, cmov, fxsr, ht, mmx, 3dnowpref, sse, sse2, sse3, ssse3, sse4.1, sse4.2, popcnt, lzcnt, tsc, tscinvbit, avx, avx2, aes, erms, clmul, bmi1, bmi2, adx, fma, vzeroupper, clflush, clflushopt, hv

Memory: 4k page, system-wide physical 32686M (19988M free)
TotalPageFile size 37550M (AvailPageFile size 18209M)
current process WorkingSet (physical memory assigned to process): 235M, peak: 365M
current process commit charge ("private bytes"): 310M, peak: 633M

vm_info: OpenJDK 64-Bit Server VM (17.0.1+12) for windows-amd64 JRE (17.0.1+12), built on Oct 20 2021 07:42:55 by "" with MS VC++ 16.7 (VS2019)

END.
