#
# A fatal error has been detected by the Java Runtime Environment:
#
#  EXCEPTION_ACCESS_VIOLATION (0xc0000005) at pc=0x00007ffe4286bc8a, pid=25672, tid=25836
#
# JRE version: OpenJDK Runtime Environment Temurin-17.0.1+12 (17.0.1+12) (build 17.0.1+12)
# Java VM: OpenJDK 64-Bit Server VM Temurin-17.0.1+12 (17.0.1+12, mixed mode, emulated-client, tiered, compressed oops, compressed class ptrs, g1 gc, windows-amd64)
# Problematic frame:
# V  [jvm.dll+0x79bc8a]
#
# No core dump will be written. Minidumps are not enabled by default on client versions of Windows
#
# If you would like to submit a bug report, please visit:
#   https://github.com/adoptium/adoptium-support/issues
#

---------------  S U M M A R Y ------------

Command Line: -XX:+ShowCodeDetailsInExceptionMessages -agentlib:jdwp=transport=dt_socket,suspend=y,address=localhost:57410 -Dcom.sun.management.jmxremote -Dcom.sun.management.jmxremote.port=57409 -Dcom.sun.management.jmxremote.authenticate=false -Dcom.sun.management.jmxremote.ssl=false -Djava.rmi.server.hostname=localhost -Dspring.jmx.enabled=true -Dspring.application.admin.enabled=true -XX:TieredStopAtLevel=1 -Dspring.boot.project.name=CST339 -javaagent:C:\Users\donald\Downloads\sts-4.13.1.RELEASE\configuration\org.eclipse.osgi\262\0\.cp\lib\javaagent-shaded.jar -Dfile.encoding=UTF-8 com.gcu.ClcProjectApplication --spring.output.ansi.enabled=always

Host: Intel(R) Core(TM) i7-8809G CPU @ 3.10GHz, 8 cores, 31G,  Windows 10 , 64 bit Build 19041 (10.0.19041.1566)
Time: Sun Apr  3 01:01:48 2022 US Mountain Standard Time elapsed time: 49.276634 seconds (0d 0h 0m 49s)

---------------  T H R E A D  ---------------

Current thread (0x000002203e69df40):  JavaThread "JDWP Transport Listener: dt_socket" daemon [_thread_in_vm, id=25836, stack(0x0000007f0ce00000,0x0000007f0cf00000)]

Stack: [0x0000007f0ce00000,0x0000007f0cf00000],  sp=0x0000007f0ceff440,  free space=1021k
Native frames: (J=compiled Java code, j=interpreted, Vv=VM code, C=native code)
V  [jvm.dll+0x79bc8a]
V  [jvm.dll+0x507e6c]
V  [jvm.dll+0x4cf4d4]
C  [jdwp.dll+0x22dff]


siginfo: EXCEPTION_ACCESS_VIOLATION (0xc0000005), reading address 0x00000000009a009d


Register to memory mapping:

RIP=0x00007ffe4286bc8a jvm.dll
RAX=0x0000000000000098 is an unknown value
RBX=0x000002203e487655 points into unknown readable memory: 3b 00 64
RCX=0x00000000009a0099 is an unknown value
RDX=0x0000022042bc4b50 points into unknown readable memory: 0x7563672f6d6f634c | 4c 63 6f 6d 2f 67 63 75
RSP=0x0000007f0ceff440 is pointing into the stack for thread: 0x000002203e69df40
RBP=0x000002203e6937d0 points into unknown readable memory: 0x0000000000000002 | 02 00 00 00 00 00 00 00
RSI=0x0 is NULL
RDI=0xffffffffffffffff is an unknown value
R8 =0x00000000000001f0 is an unknown value
R9 =0x0000000000000040 is an unknown value
R10=0x00000000000001c0 is an unknown value
R11=0x0000007f0ceff460 is pointing into the stack for thread: 0x000002203e69df40
R12=0x0000007f0ceff598 is pointing into the stack for thread: 0x000002203e69df40
R13=0x0 is NULL
R14=0x0000000800411428 is a pointer to class: 
com.gcu.data.PostDataAccessService {0x0000000800411430}
 - instance size:     3
 - klass size:        81
 - access:            public synchronized 
 - state:             fully_initialized
 - name:              'com/gcu/data/PostDataAccessService'
 - super:             'java/lang/Object'
 - sub:               
 - arrays:            NULL
 - methods:           Array<T>(0x000002204368e0a0)
 - method ordering:   Array<T>(0x000002204368ea28)
 - default_methods:   Array<T>(0x0000000000000000)
 - local interfaces:  Array<T>(0x00000220419c2588)
 - trans. interfaces: Array<T>(0x00000220419c2588)
 - constants:         constant pool [196] {0x000002204368f7e8} for 'com/gcu/data/PostDataAccessService' cache=0x00000220439a8000
 - class loader data:  loader data: 0x000002203fdb1220 for instance a 'org/springframework/boot/devtools/restart/classloader/RestartClassLoader'{0x0000000601c021d0}
 - source file:       'PostDataAccessService.java'
 - source debug extension:       SMAP
PostDataAccessService.java
Java
*S jdt
*F
1 PostDataAccessService.java
2 file:/C:/Users/donald/Documents/workspaceCST-339/CST339/target/classes/
*L
*E

 - class annotations:       Array<T>(0x000002204368e9f0)
 - class type annotations:  Array<T>(0x0000000000000000)
 - field annotations:       Array<T>(0x000002204368e058)
 - field type annotations:  Array<T>(0x0000000000000000)
 - generic signature: '
[error occurred during error reporting (printing register info), id 0xc0000005, EXCEPTION_ACCESS_VIOLATION (0xc0000005) at pc=0x00007ffe4286c896]

Registers:
RAX=0x0000000000000098, RBX=0x000002203e487655, RCX=0x00000000009a0099, RDX=0x0000022042bc4b50
RSP=0x0000007f0ceff440, RBP=0x000002203e6937d0, RSI=0x0000000000000000, RDI=0xffffffffffffffff
R8 =0x00000000000001f0, R9 =0x0000000000000040, R10=0x00000000000001c0, R11=0x0000007f0ceff460
R12=0x0000007f0ceff598, R13=0x0000000000000000, R14=0x0000000800411428, R15=0x0000007f0ceff5e8
RIP=0x00007ffe4286bc8a, EFLAGS=0x0000000000010202

Top of Stack: (sp=0x0000007f0ceff440)
0x0000007f0ceff440:   0000000000000022 0000000800411428
0x0000007f0ceff450:   000002203e69df40 0000000000000000
0x0000007f0ceff460:   ffffffffffffffff 00007ffe425d7e6c
0x0000007f0ceff470:   000002203e487655 000002203e487630
0x0000007f0ceff480:   000002203e6937d0 0000022040474230
0x0000007f0ceff490:   000002203e4875f0 00000000000003d8
0x0000007f0ceff4a0:   000002203e487600 000002203e4879d8
0x0000007f0ceff4b0:   0000000000000002 0000007f0ceff598
0x0000007f0ceff4c0:   0000000000000000 0000000000000000
0x0000007f0ceff4d0:   0000000602401020 00007ffe4259f4d4
0x0000007f0ceff4e0:   000002203e69df40 0000007f0ceff5e8
0x0000007f0ceff4f0:   000002201f64a980 0000007f0ceff5e8
0x0000007f0ceff500:   000002203e69df40 0000000000000000
0x0000007f0ceff510:   0000022000000000 0000000000000000
0x0000007f0ceff520:   000000000000000d 00007ffe77032dff
0x0000007f0ceff530:   0000007f0ceff5e0 00007ffe77041aa0 

Instructions: (pc=0x00007ffe4286bc8a)
0x00007ffe4286bb8a:   48 83 c4 20 5f e9 3c a2 90 ff cc cc cc cc cc cc
0x00007ffe4286bb9a:   cc cc cc cc cc cc 48 89 5c 24 08 57 48 83 ec 20
0x00007ffe4286bbaa:   83 fa 02 8d 42 06 b9 08 00 00 00 49 8b d8 0f 4e
0x00007ffe4286bbba:   c1 48 63 c8 48 83 c1 07 83 e1 f8 48 63 f9 49 8b
0x00007ffe4286bbca:   48 18 48 8b c7 48 f7 d0 48 3b c1 73 16 4c 8d 05
0x00007ffe4286bbda:   5a 55 17 00 48 8b d7 48 8b cb e8 47 05 91 ff 48
0x00007ffe4286bbea:   8b 4b 18 48 8d 04 39 48 3b 43 20 76 18 45 33 c0
0x00007ffe4286bbfa:   48 8b d7 48 8b cb 48 8b 5c 24 30 48 83 c4 20 5f
0x00007ffe4286bc0a:   e9 a1 01 91 ff 48 89 43 18 48 8b c1 48 8b 5c 24
0x00007ffe4286bc1a:   30 48 83 c4 20 5f c3 cc cc cc cc cc cc cc cc cc
0x00007ffe4286bc2a:   cc cc cc cc cc cc 4c 8b d2 4c 8b d9 45 85 c0 7e
0x00007ffe4286bc3a:   3c 44 0f b7 49 04 41 8d 40 ff 41 3b c1 44 0f 4c
0x00007ffe4286bc4a:   c8 4d 63 c1 45 85 c9 7e 1f 48 8b c2 4c 2b da 49
0x00007ffe4286bc5a:   8b d0 0f 1f 40 00 41 0f b6 4c 03 06 88 08 48 8d
0x00007ffe4286bc6a:   40 01 48 83 ea 01 75 ee 43 c6 04 10 00 49 8b c2
0x00007ffe4286bc7a:   c3 cc cc cc cc cc 48 89 5c 24 08 57 48 83 ec 20
0x00007ffe4286bc8a:   0f b7 59 04 48 8b f9 33 d2 48 8d 4b 01 e8 24 e8
0x00007ffe4286bc9a:   f2 ff 0f b7 57 04 4c 8b c0 3b da 0f 42 d3 44 8b
0x00007ffe4286bcaa:   ca 85 d2 74 39 48 2b f8 0f 1f 40 00 66 66 0f 1f
0x00007ffe4286bcba:   84 00 00 00 00 00 0f b6 4c 07 06 88 08 48 ff c0
0x00007ffe4286bcca:   48 8b c8 49 2b c8 49 3b c9 7c eb 42 c6 04 02 00
0x00007ffe4286bcda:   49 8b c0 48 8b 5c 24 30 48 83 c4 20 5f c3 48 8b
0x00007ffe4286bcea:   5c 24 30 c6 04 02 00 48 83 c4 20 5f c3 cc cc cc
0x00007ffe4286bcfa:   cc cc cc cc cc cc 4c 8b d1 45 85 c0 7e 6c 44 0f
0x00007ffe4286bd0a:   b7 49 04 41 8d 40 ff 41 3b c1 44 0f 4c c8 4d 63
0x00007ffe4286bd1a:   d9 45 85 c9 7e 22 48 8b ca 4c 2b d2 4d 8b c3 0f
0x00007ffe4286bd2a:   1f 80 00 00 00 00 41 0f b6 44 0a 06 88 01 48 8d
0x00007ffe4286bd3a:   49 01 49 83 e8 01 75 ee 41 c6 04 13 00 48 c7 c0
0x00007ffe4286bd4a:   ff ff ff ff 66 90 48 ff c0 80 3c 02 00 75 f7 48
0x00007ffe4286bd5a:   63 c8 85 c0 48 8b c2 7e 14 80 38 2f 75 03 c6 00
0x00007ffe4286bd6a:   2e 48 ff c0 48 83 e9 01 75 ef 48 8b c2 c3 cc cc
0x00007ffe4286bd7a:   cc cc cc cc cc cc 48 83 ec 28 e8 f7 fe ff ff 4c 


Stack slot to memory mapping:
stack at sp + 0 slots: 0x0000000000000022 is an unknown value
stack at sp + 1 slots: 0x0000000800411428 is a pointer to class: 
com.gcu.data.PostDataAccessService {0x0000000800411430}
 - instance size:     3
 - klass size:        81
 - access:            public synchronized 
 - state:             fully_initialized
 - name:              'com/gcu/data/PostDataAccessService'
 - super:             'java/lang/Object'
 - sub:               
 - arrays:            NULL
 - methods:           Array<T>(0x000002204368e0a0)
 - method ordering:   Array<T>(0x000002204368ea28)
 - default_methods:   Array<T>(0x0000000000000000)
 - local interfaces:  Array<T>(0x00000220419c2588)
 - trans. interfaces: Array<T>(0x00000220419c2588)
 - constants:         constant pool [196] {0x000002204368f7e8} for 'com/gcu/data/PostDataAccessService' cache=0x00000220439a8000
 - class loader data:  loader data: 0x000002203fdb1220 for instance a 'org/springframework/boot/devtools/restart/classloader/RestartClassLoader'{0x0000000601c021d0}
 - source file:       'PostDataAccessService.java'
 - source debug extension:       SMAP
PostDataAccessService.java
Java
*S jdt
*F
1 PostDataAccessService.java
2 file:/C:/Users/donald/Documents/workspaceCST-339/CST339/target/classes/
*L
*E

 - class annotations:       Array<T>(0x000002204368e9f0)
 - class type annotations:  Array<T>(0x0000000000000000)
 - field annotations:       Array<T>(0x000002204368e058)
 - field type annotations:  Array<T>(0x0000000000000000)
 - generic signature: '
[error occurred during error reporting (inspecting top of stack), id 0xc0000005, EXCEPTION_ACCESS_VIOLATION (0xc0000005) at pc=0x00007ffe4286c896]


---------------  P R O C E S S  ---------------

Threads class SMR info:
_java_thread_list=0x0000022042acef80, length=40, elements={
0x000002203e45f030, 0x000002203e461670, 0x000002203e4823a0, 0x000002203e484f40,
0x000002203e486420, 0x000002203e4868f0, 0x000002203e48cb20, 0x000002203e48f7f0,
0x000002203e5d3890, 0x000002203e69df40, 0x000002203e69fdf0, 0x000002203e6a02e0,
0x000002203ed75bf0, 0x000002203f017020, 0x000002203f019530, 0x000002203f01dd20,
0x000002203fdfbb90, 0x000002203fdf4600, 0x000002203fdf4ad0, 0x000002203fe23490,
0x000002203fe22fc0, 0x0000022040a50330, 0x0000022040a4d7e0, 0x0000022040a4eb20,
0x0000022040a50800, 0x0000022040a4e650, 0x0000022040a4f4c0, 0x0000022040a4f990,
0x0000022040a4fe60, 0x0000022040a511a0, 0x0000022040a4e180, 0x0000022042c13e30,
0x0000022042c15640, 0x0000022042c10e10, 0x0000022042c16980, 0x0000022042c15fe0,
0x0000022042c16e50, 0x0000022042c164b0, 0x0000022042c15170, 0x0000022042c0fad0
}

Java Threads: ( => current thread )
  0x000002203e45f030 JavaThread "Reference Handler" daemon [_thread_blocked, id=1836, stack(0x0000007f0c300000,0x0000007f0c400000)]
  0x000002203e461670 JavaThread "Finalizer" daemon [_thread_blocked, id=24956, stack(0x0000007f0c400000,0x0000007f0c500000)]
  0x000002203e4823a0 JavaThread "Signal Dispatcher" daemon [_thread_blocked, id=22460, stack(0x0000007f0c500000,0x0000007f0c600000)]
  0x000002203e484f40 JavaThread "Attach Listener" daemon [_thread_blocked, id=28840, stack(0x0000007f0c600000,0x0000007f0c700000)]
  0x000002203e486420 JavaThread "Service Thread" daemon [_thread_blocked, id=26552, stack(0x0000007f0c700000,0x0000007f0c800000)]
  0x000002203e4868f0 JavaThread "Monitor Deflation Thread" daemon [_thread_blocked, id=9152, stack(0x0000007f0c800000,0x0000007f0c900000)]
  0x000002203e48cb20 JavaThread "C1 CompilerThread0" daemon [_thread_blocked, id=20976, stack(0x0000007f0c900000,0x0000007f0ca00000)]
  0x000002203e48f7f0 JavaThread "Sweeper thread" daemon [_thread_blocked, id=28148, stack(0x0000007f0ca00000,0x0000007f0cb00000)]
  0x000002203e5d3890 JavaThread "Common-Cleaner" daemon [_thread_blocked, id=9964, stack(0x0000007f0cb00000,0x0000007f0cc00000)]
=>0x000002203e69df40 JavaThread "JDWP Transport Listener: dt_socket" daemon [_thread_in_vm, id=25836, stack(0x0000007f0ce00000,0x0000007f0cf00000)]
  0x000002203e69fdf0 JavaThread "JDWP Event Helper Thread" daemon [_thread_blocked, id=13084, stack(0x0000007f0cf00000,0x0000007f0d000000)]
  0x000002203e6a02e0 JavaThread "JDWP Command Reader" daemon [_thread_in_native, id=24312, stack(0x0000007f0d000000,0x0000007f0d100000)]
  0x000002203ed75bf0 JavaThread "Notification Thread" daemon [_thread_blocked, id=21620, stack(0x0000007f0d100000,0x0000007f0d200000)]
  0x000002203f017020 JavaThread "RMI TCP Accept-0" daemon [_thread_in_native, id=21960, stack(0x0000007f0d200000,0x0000007f0d300000)]
  0x000002203f019530 JavaThread "RMI TCP Accept-57409" daemon [_thread_in_native, id=22276, stack(0x0000007f0d300000,0x0000007f0d400000)]
  0x000002203f01dd20 JavaThread "RMI TCP Accept-0" daemon [_thread_in_native, id=13424, stack(0x0000007f0d400000,0x0000007f0d500000)]
  0x000002203fdfbb90 JavaThread "RMI TCP Connection(idle)" daemon [_thread_blocked, id=12468, stack(0x0000007f0e000000,0x0000007f0e100000)]
  0x000002203fdf4600 JavaThread "RMI Scheduler(0)" daemon [_thread_blocked, id=3436, stack(0x0000007f0e200000,0x0000007f0e300000)]
  0x000002203fdf4ad0 JavaThread "RMI TCP Connection(3)-127.0.0.1" daemon [_thread_in_native, id=14508, stack(0x0000007f0e300000,0x0000007f0e400000)]
  0x000002203fe23490 JavaThread "JMX server connection timeout 28" daemon [_thread_blocked, id=23636, stack(0x0000007f0e400000,0x0000007f0e500000)]
  0x000002203fe22fc0 JavaThread "Catalina-utility-1" [_thread_blocked, id=5204, stack(0x0000007f0e500000,0x0000007f0e600000)]
  0x0000022040a50330 JavaThread "Catalina-utility-2" [_thread_blocked, id=27556, stack(0x0000007f0e700000,0x0000007f0e800000)]
  0x0000022040a4d7e0 JavaThread "container-0" [_thread_blocked, id=23432, stack(0x0000007f0e800000,0x0000007f0e900000)]
  0x0000022040a4eb20 JavaThread "mysql-cj-abandoned-connection-cleanup" daemon [_thread_blocked, id=25356, stack(0x0000007f0e900000,0x0000007f0ea00000)]
  0x0000022040a50800 JavaThread "HikariPool-1 housekeeper" daemon [_thread_blocked, id=29312, stack(0x0000007f0eb00000,0x0000007f0ec00000)]
  0x0000022040a4e650 JavaThread "File Watcher" daemon [_thread_blocked, id=28844, stack(0x0000007f0ed00000,0x0000007f0ee00000)]
  0x0000022040a4f4c0 JavaThread "Live Reload Server" daemon [_thread_in_native, id=23224, stack(0x0000007f0ef00000,0x0000007f0f000000)]
  0x0000022040a4f990 JavaThread "http-nio-8080-exec-1" daemon [_thread_blocked, id=13204, stack(0x0000007f0ee00000,0x0000007f0ef00000)]
  0x0000022040a4fe60 JavaThread "http-nio-8080-exec-2" daemon [_thread_blocked, id=28028, stack(0x0000007f0f000000,0x0000007f0f100000)]
  0x0000022040a511a0 JavaThread "http-nio-8080-exec-3" daemon [_thread_blocked, id=4844, stack(0x0000007f0f100000,0x0000007f0f200000)]
  0x0000022040a4e180 JavaThread "http-nio-8080-exec-4" daemon [_thread_blocked, id=29004, stack(0x0000007f0f200000,0x0000007f0f300000)]
  0x0000022042c13e30 JavaThread "http-nio-8080-exec-5" daemon [_thread_blocked, id=11184, stack(0x0000007f0f300000,0x0000007f0f400000)]
  0x0000022042c15640 JavaThread "http-nio-8080-exec-6" daemon [_thread_blocked, id=29384, stack(0x0000007f0f400000,0x0000007f0f500000)]
  0x0000022042c10e10 JavaThread "http-nio-8080-exec-7" daemon [_thread_blocked, id=11684, stack(0x0000007f0f500000,0x0000007f0f600000)]
  0x0000022042c16980 JavaThread "http-nio-8080-exec-8" daemon [_thread_blocked, id=16588, stack(0x0000007f0f600000,0x0000007f0f700000)]
  0x0000022042c15fe0 JavaThread "http-nio-8080-exec-9" daemon [_thread_blocked, id=25892, stack(0x0000007f0f700000,0x0000007f0f800000)]
  0x0000022042c16e50 JavaThread "http-nio-8080-exec-10" daemon [_thread_blocked, id=8452, stack(0x0000007f0f800000,0x0000007f0f900000)]
  0x0000022042c164b0 JavaThread "http-nio-8080-Poller" daemon [_thread_in_native, id=25316, stack(0x0000007f0f900000,0x0000007f0fa00000)]
  0x0000022042c15170 JavaThread "http-nio-8080-Acceptor" daemon [_thread_in_native, id=10868, stack(0x0000007f0fa00000,0x0000007f0fb00000)]
  0x0000022042c0fad0 JavaThread "DestroyJavaVM" [_thread_blocked, id=11380, stack(0x0000007f0bc00000,0x0000007f0bd00000)]

Other Threads:
  0x000002203d87ed00 VMThread "VM Thread" [stack: 0x0000007f0c200000,0x0000007f0c300000] [id=27920]
  0x000002201f6edcf0 WatcherThread [stack: 0x0000007f0d500000,0x0000007f0d600000] [id=29108]
  0x000002201f6d4760 GCTaskThread "GC Thread#0" [stack: 0x0000007f0bd00000,0x0000007f0be00000] [id=28208]
  0x000002203f20ca90 GCTaskThread "GC Thread#1" [stack: 0x0000007f0d600000,0x0000007f0d700000] [id=12148]
  0x000002203f20a060 GCTaskThread "GC Thread#2" [stack: 0x0000007f0d700000,0x0000007f0d800000] [id=18880]
  0x000002203f33e280 GCTaskThread "GC Thread#3" [stack: 0x0000007f0d800000,0x0000007f0d900000] [id=9076]
  0x000002203f33e530 GCTaskThread "GC Thread#4" [stack: 0x0000007f0d900000,0x0000007f0da00000] [id=29552]
  0x000002203f33e7e0 GCTaskThread "GC Thread#5" [stack: 0x0000007f0da00000,0x0000007f0db00000] [id=2744]
  0x000002203f33eca0 GCTaskThread "GC Thread#6" [stack: 0x0000007f0db00000,0x0000007f0dc00000] [id=16784]
  0x000002203fc216b0 GCTaskThread "GC Thread#7" [stack: 0x0000007f0dc00000,0x0000007f0dd00000] [id=19040]
  0x000002201f6e5d10 ConcurrentGCThread "G1 Main Marker" [stack: 0x0000007f0be00000,0x0000007f0bf00000] [id=28592]
  0x000002201f6e6630 ConcurrentGCThread "G1 Conc#0" [stack: 0x0000007f0bf00000,0x0000007f0c000000] [id=7936]
  0x0000022040008dd0 ConcurrentGCThread "G1 Conc#1" [stack: 0x0000007f0e600000,0x0000007f0e700000] [id=28444]
  0x000002201f72e780 ConcurrentGCThread "G1 Refine#0" [stack: 0x0000007f0c000000,0x0000007f0c100000] [id=29464]
  0x000002203fc2f460 ConcurrentGCThread "G1 Refine#1" [stack: 0x0000007f0dd00000,0x0000007f0de00000] [id=18840]
  0x000002201f72ecc0 ConcurrentGCThread "G1 Service" [stack: 0x0000007f0c100000,0x0000007f0c200000] [id=9428]

Threads with active compile tasks:

VM state: not at safepoint (normal execution)

VM Mutex/Monitor currently owned by a thread: None

Heap address: 0x0000000601400000, size: 8172 MB, Compressed Oops mode: Zero based, Oop shift amount: 3

CDS archive(s) not mapped
Compressed class space mapped at: 0x0000000800000000-0x0000000840000000, reserved size: 1073741824
Narrow klass base: 0x0000000800000000, Narrow klass shift: 0, Narrow klass range: 0x40000000

GC Precious Log:
 CPUs: 8 total, 8 available
 Memory: 32686M
 Large Page Support: Disabled
 NUMA Support: Disabled
 Compressed Oops: Enabled (Zero based)
 Heap Region Size: 4M
 Heap Min Capacity: 8M
 Heap Initial Capacity: 512M
 Heap Max Capacity: 8172M
 Pre-touch: Disabled
 Parallel Workers: 8
 Concurrent Workers: 2
 Concurrent Refinement Workers: 8
 Periodic GC: Disabled

Heap:
 garbage-first heap   total 299008K, used 84432K [0x0000000601400000, 0x0000000800000000)
  region size 4096K, 18 young (73728K), 2 survivors (8192K)
 Metaspace       used 52746K, committed 53184K, reserved 1097728K
  class space    used 6532K, committed 6720K, reserved 1048576K

Heap Regions: E=young(eden), S=young(survivor), O=old, HS=humongous(starts), HC=humongous(continues), CS=collection set, F=free, OA=open archive, CA=closed archive, TAMS=top-at-mark-start (previous, next)
|   0|0x0000000601400000, 0x0000000601800000, 0x0000000601800000|100%| O|  |TAMS 0x0000000601800000, 0x0000000601400000| Untracked 
|   1|0x0000000601800000, 0x00000006018be400, 0x0000000601c00000| 18%| O|  |TAMS 0x0000000601800000, 0x0000000601800000| Untracked 
|   2|0x0000000601c00000, 0x0000000601faa200, 0x0000000602000000| 91%| O|  |TAMS 0x0000000601faa200, 0x0000000601c00000| Untracked 
|   3|0x0000000602000000, 0x0000000602000000, 0x0000000602400000|  0%| F|  |TAMS 0x0000000602000000, 0x0000000602000000| Untracked 
|   4|0x0000000602400000, 0x0000000602800000, 0x0000000602800000|100%| O|  |TAMS 0x0000000602400000, 0x0000000602400000| Untracked 
|   5|0x0000000602800000, 0x0000000602c00000, 0x0000000602c00000|100%| O|  |TAMS 0x0000000602800000, 0x0000000602800000| Untracked 
|   6|0x0000000602c00000, 0x0000000602e0bcb0, 0x0000000603000000| 51%| S|CS|TAMS 0x0000000602c00000, 0x0000000602c00000| Complete 
|   7|0x0000000603000000, 0x0000000603400000, 0x0000000603400000|100%| S|CS|TAMS 0x0000000603000000, 0x0000000603000000| Complete 
|   8|0x0000000603400000, 0x0000000603400000, 0x0000000603800000|  0%| F|  |TAMS 0x0000000603400000, 0x0000000603400000| Untracked 
|   9|0x0000000603800000, 0x0000000603800000, 0x0000000603c00000|  0%| F|  |TAMS 0x0000000603800000, 0x0000000603800000| Untracked 
|  10|0x0000000603c00000, 0x0000000603c00000, 0x0000000604000000|  0%| F|  |TAMS 0x0000000603c00000, 0x0000000603c00000| Untracked 
|  11|0x0000000604000000, 0x0000000604000000, 0x0000000604400000|  0%| F|  |TAMS 0x0000000604000000, 0x0000000604000000| Untracked 
|  12|0x0000000604400000, 0x0000000604400000, 0x0000000604800000|  0%| F|  |TAMS 0x0000000604400000, 0x0000000604400000| Untracked 
|  13|0x0000000604800000, 0x0000000604800000, 0x0000000604c00000|  0%| F|  |TAMS 0x0000000604800000, 0x0000000604800000| Untracked 
|  14|0x0000000604c00000, 0x0000000604c00000, 0x0000000605000000|  0%| F|  |TAMS 0x0000000604c00000, 0x0000000604c00000| Untracked 
|  15|0x0000000605000000, 0x0000000605000000, 0x0000000605400000|  0%| F|  |TAMS 0x0000000605000000, 0x0000000605000000| Untracked 
|  16|0x0000000605400000, 0x0000000605400000, 0x0000000605800000|  0%| F|  |TAMS 0x0000000605400000, 0x0000000605400000| Untracked 
|  17|0x0000000605800000, 0x0000000605800000, 0x0000000605c00000|  0%| F|  |TAMS 0x0000000605800000, 0x0000000605800000| Untracked 
|  18|0x0000000605c00000, 0x0000000605c00000, 0x0000000606000000|  0%| F|  |TAMS 0x0000000605c00000, 0x0000000605c00000| Untracked 
|  19|0x0000000606000000, 0x0000000606000000, 0x0000000606400000|  0%| F|  |TAMS 0x0000000606000000, 0x0000000606000000| Untracked 
|  20|0x0000000606400000, 0x0000000606400000, 0x0000000606800000|  0%| F|  |TAMS 0x0000000606400000, 0x0000000606400000| Untracked 
|  21|0x0000000606800000, 0x0000000606800000, 0x0000000606c00000|  0%| F|  |TAMS 0x0000000606800000, 0x0000000606800000| Untracked 
|  22|0x0000000606c00000, 0x0000000606c00000, 0x0000000607000000|  0%| F|  |TAMS 0x0000000606c00000, 0x0000000606c00000| Untracked 
|  23|0x0000000607000000, 0x0000000607000000, 0x0000000607400000|  0%| F|  |TAMS 0x0000000607000000, 0x0000000607000000| Untracked 
|  24|0x0000000607400000, 0x0000000607400000, 0x0000000607800000|  0%| F|  |TAMS 0x0000000607400000, 0x0000000607400000| Untracked 
|  25|0x0000000607800000, 0x0000000607800000, 0x0000000607c00000|  0%| F|  |TAMS 0x0000000607800000, 0x0000000607800000| Untracked 
|  26|0x0000000607c00000, 0x0000000607c00000, 0x0000000608000000|  0%| F|  |TAMS 0x0000000607c00000, 0x0000000607c00000| Untracked 
|  27|0x0000000608000000, 0x0000000608000000, 0x0000000608400000|  0%| F|  |TAMS 0x0000000608000000, 0x0000000608000000| Untracked 
|  28|0x0000000608400000, 0x0000000608400000, 0x0000000608800000|  0%| F|  |TAMS 0x0000000608400000, 0x0000000608400000| Untracked 
|  29|0x0000000608800000, 0x0000000608800000, 0x0000000608c00000|  0%| F|  |TAMS 0x0000000608800000, 0x0000000608800000| Untracked 
|  30|0x0000000608c00000, 0x0000000608c00000, 0x0000000609000000|  0%| F|  |TAMS 0x0000000608c00000, 0x0000000608c00000| Untracked 
|  31|0x0000000609000000, 0x0000000609000000, 0x0000000609400000|  0%| F|  |TAMS 0x0000000609000000, 0x0000000609000000| Untracked 
|  32|0x0000000609400000, 0x0000000609400000, 0x0000000609800000|  0%| F|  |TAMS 0x0000000609400000, 0x0000000609400000| Untracked 
|  33|0x0000000609800000, 0x0000000609800000, 0x0000000609c00000|  0%| F|  |TAMS 0x0000000609800000, 0x0000000609800000| Untracked 
|  34|0x0000000609c00000, 0x0000000609c00000, 0x000000060a000000|  0%| F|  |TAMS 0x0000000609c00000, 0x0000000609c00000| Untracked 
|  35|0x000000060a000000, 0x000000060a000000, 0x000000060a400000|  0%| F|  |TAMS 0x000000060a000000, 0x000000060a000000| Untracked 
|  36|0x000000060a400000, 0x000000060a400000, 0x000000060a800000|  0%| F|  |TAMS 0x000000060a400000, 0x000000060a400000| Untracked 
|  37|0x000000060a800000, 0x000000060a800000, 0x000000060ac00000|  0%| F|  |TAMS 0x000000060a800000, 0x000000060a800000| Untracked 
|  38|0x000000060ac00000, 0x000000060ac00000, 0x000000060b000000|  0%| F|  |TAMS 0x000000060ac00000, 0x000000060ac00000| Untracked 
|  39|0x000000060b000000, 0x000000060b000000, 0x000000060b400000|  0%| F|  |TAMS 0x000000060b000000, 0x000000060b000000| Untracked 
|  40|0x000000060b400000, 0x000000060b400000, 0x000000060b800000|  0%| F|  |TAMS 0x000000060b400000, 0x000000060b400000| Untracked 
|  41|0x000000060b800000, 0x000000060b800000, 0x000000060bc00000|  0%| F|  |TAMS 0x000000060b800000, 0x000000060b800000| Untracked 
|  42|0x000000060bc00000, 0x000000060bc00000, 0x000000060c000000|  0%| F|  |TAMS 0x000000060bc00000, 0x000000060bc00000| Untracked 
|  43|0x000000060c000000, 0x000000060c000000, 0x000000060c400000|  0%| F|  |TAMS 0x000000060c000000, 0x000000060c000000| Untracked 
|  44|0x000000060c400000, 0x000000060c400000, 0x000000060c800000|  0%| F|  |TAMS 0x000000060c400000, 0x000000060c400000| Untracked 
|  45|0x000000060c800000, 0x000000060c800000, 0x000000060cc00000|  0%| F|  |TAMS 0x000000060c800000, 0x000000060c800000| Untracked 
|  46|0x000000060cc00000, 0x000000060cc00000, 0x000000060d000000|  0%| F|  |TAMS 0x000000060cc00000, 0x000000060cc00000| Untracked 
|  47|0x000000060d000000, 0x000000060d000000, 0x000000060d400000|  0%| F|  |TAMS 0x000000060d000000, 0x000000060d000000| Untracked 
|  48|0x000000060d400000, 0x000000060d400000, 0x000000060d800000|  0%| F|  |TAMS 0x000000060d400000, 0x000000060d400000| Untracked 
|  49|0x000000060d800000, 0x000000060d800000, 0x000000060dc00000|  0%| F|  |TAMS 0x000000060d800000, 0x000000060d800000| Untracked 
|  50|0x000000060dc00000, 0x000000060dc00000, 0x000000060e000000|  0%| F|  |TAMS 0x000000060dc00000, 0x000000060dc00000| Untracked 
|  51|0x000000060e000000, 0x000000060e000000, 0x000000060e400000|  0%| F|  |TAMS 0x000000060e000000, 0x000000060e000000| Untracked 
|  52|0x000000060e400000, 0x000000060e400000, 0x000000060e800000|  0%| F|  |TAMS 0x000000060e400000, 0x000000060e400000| Untracked 
|  53|0x000000060e800000, 0x000000060e800000, 0x000000060ec00000|  0%| F|  |TAMS 0x000000060e800000, 0x000000060e800000| Untracked 
|  54|0x000000060ec00000, 0x000000060ec00000, 0x000000060f000000|  0%| F|  |TAMS 0x000000060ec00000, 0x000000060ec00000| Untracked 
|  55|0x000000060f000000, 0x000000060f000000, 0x000000060f400000|  0%| F|  |TAMS 0x000000060f000000, 0x000000060f000000| Untracked 
|  56|0x000000060f400000, 0x000000060f400000, 0x000000060f800000|  0%| F|  |TAMS 0x000000060f400000, 0x000000060f400000| Untracked 
|  57|0x000000060f800000, 0x000000060f81a3f8, 0x000000060fc00000|  2%| E|  |TAMS 0x000000060f800000, 0x000000060f800000| Complete 
|  58|0x000000060fc00000, 0x0000000610000000, 0x0000000610000000|100%| E|CS|TAMS 0x000000060fc00000, 0x000000060fc00000| Complete 
|  59|0x0000000610000000, 0x0000000610400000, 0x0000000610400000|100%| E|CS|TAMS 0x0000000610000000, 0x0000000610000000| Complete 
|  60|0x0000000610400000, 0x0000000610800000, 0x0000000610800000|100%| E|CS|TAMS 0x0000000610400000, 0x0000000610400000| Complete 
|  61|0x0000000610800000, 0x0000000610c00000, 0x0000000610c00000|100%| E|CS|TAMS 0x0000000610800000, 0x0000000610800000| Complete 
|  62|0x0000000610c00000, 0x0000000611000000, 0x0000000611000000|100%| E|CS|TAMS 0x0000000610c00000, 0x0000000610c00000| Complete 
|  63|0x0000000611000000, 0x0000000611400000, 0x0000000611400000|100%| E|CS|TAMS 0x0000000611000000, 0x0000000611000000| Complete 
|  64|0x0000000611400000, 0x0000000611800000, 0x0000000611800000|100%| E|CS|TAMS 0x0000000611400000, 0x0000000611400000| Complete 
|  65|0x0000000611800000, 0x0000000611c00000, 0x0000000611c00000|100%| E|CS|TAMS 0x0000000611800000, 0x0000000611800000| Complete 
|  66|0x0000000611c00000, 0x0000000612000000, 0x0000000612000000|100%| E|CS|TAMS 0x0000000611c00000, 0x0000000611c00000| Complete 
|  67|0x0000000612000000, 0x0000000612400000, 0x0000000612400000|100%| E|CS|TAMS 0x0000000612000000, 0x0000000612000000| Complete 
|  68|0x0000000612400000, 0x0000000612800000, 0x0000000612800000|100%| E|CS|TAMS 0x0000000612400000, 0x0000000612400000| Complete 
|  69|0x0000000612800000, 0x0000000612c00000, 0x0000000612c00000|100%| E|CS|TAMS 0x0000000612800000, 0x0000000612800000| Complete 
|  70|0x0000000612c00000, 0x0000000613000000, 0x0000000613000000|100%| E|CS|TAMS 0x0000000612c00000, 0x0000000612c00000| Complete 
|  71|0x0000000613000000, 0x0000000613400000, 0x0000000613400000|100%| E|CS|TAMS 0x0000000613000000, 0x0000000613000000| Complete 
| 127|0x0000000621000000, 0x0000000621400000, 0x0000000621400000|100%| E|CS|TAMS 0x0000000621000000, 0x0000000621000000| Complete 

Card table byte_map: [0x0000022028e10000,0x0000022029e10000] _byte_map_base: 0x0000022025e06000

Marking Bits (Prev, Next): (CMBitMap*) 0x000002201f6d4c80, (CMBitMap*) 0x000002201f6d4cc0
 Prev Bits: [0x000002202ae10000, 0x0000022032dc0000)
 Next Bits: [0x0000022032dc0000, 0x000002203ad70000)

Polling page: 0x000002201f730000

Metaspace:

Usage:
  Non-class:     45.13 MB used.
      Class:      6.38 MB used.
       Both:     51.51 MB used.

Virtual space:
  Non-class space:       48.00 MB reserved,      45.38 MB ( 95%) committed,  6 nodes.
      Class space:        1.00 GB reserved,       6.56 MB ( <1%) committed,  1 nodes.
             Both:        1.05 GB reserved,      51.94 MB (  5%) committed. 

Chunk freelists:
   Non-Class:  2.33 MB
       Class:  1.41 MB
        Both:  3.73 MB

MaxMetaspaceSize: unlimited
CompressedClassSpaceSize: 1.00 GB
Initial GC threshold: 21.00 MB
Current GC threshold: 59.06 MB
CDS: off
MetaspaceReclaimPolicy: balanced
 - commit_granule_bytes: 65536.
 - commit_granule_words: 8192.
 - virtual_space_node_default_size: 1048576.
 - enlarge_chunks_in_place: 1.
 - new_chunks_are_fully_committed: 0.
 - uncommit_free_chunks: 1.
 - use_allocation_guard: 0.
 - handle_deallocations: 1.


Internal statistics:

num_allocs_failed_limit: 6.
num_arena_births: 496.
num_arena_deaths: 0.
num_vsnodes_births: 7.
num_vsnodes_deaths: 0.
num_space_committed: 831.
num_space_uncommitted: 0.
num_chunks_returned_to_freelist: 6.
num_chunks_taken_from_freelist: 2071.
num_chunk_merges: 6.
num_chunk_splits: 1391.
num_chunks_enlarged: 1028.
num_purges: 0.
num_inconsistent_stats: 0.

CodeCache: size=49152Kb used=10017Kb max_used=11574Kb free=39134Kb
 bounds [0x0000022024520000, 0x0000022025070000, 0x0000022027520000]
 total_blobs=5551 nmethods=4901 adapters=577
 compilation: enabled
              stopped_count=0, restarted_count=0
 full_count=0

Compilation events (20 events):
Event: 27.146 Thread 0x000002203e48cb20 4892       1       java.util.concurrent.TimeUnit::toNanos (45 bytes)
Event: 27.147 Thread 0x000002203e48cb20 nmethod 4892 0x0000022024999d90 code [0x0000022024999f40, 0x000002202499a0d8]
Event: 32.137 Thread 0x000002203e48cb20 4893       1       java.lang.Thread::isInterrupted (5 bytes)
Event: 32.137 Thread 0x000002203e48cb20 nmethod 4893 0x0000022024999a90 code [0x0000022024999c20, 0x0000022024999cf8]
Event: 32.152 Thread 0x000002203e48cb20 4894       1       java.util.concurrent.ThreadPoolExecutor::runStateAtLeast (11 bytes)
Event: 32.152 Thread 0x000002203e48cb20 nmethod 4894 0x0000022024999790 code [0x0000022024999920, 0x00000220249999d8]
Event: 34.155 Thread 0x000002203e48cb20 4895       1       java.util.concurrent.ScheduledThreadPoolExecutor$DelayedWorkQueue::setIndex (16 bytes)
Event: 34.155 Thread 0x000002203e48cb20 nmethod 4895 0x0000022024999410 code [0x00000220249995a0, 0x00000220249996d8]
Event: 36.949 Thread 0x000002203e48cb20 4896       1       java.util.AbstractCollection::containsAll (38 bytes)
Event: 36.950 Thread 0x000002203e48cb20 nmethod 4896 0x0000022024998f10 code [0x00000220249990e0, 0x00000220249992b8]
Event: 37.152 Thread 0x000002203e48cb20 4897       1       jdk.internal.misc.Unsafe::putReferenceOpaque (9 bytes)
Event: 37.152 Thread 0x000002203e48cb20 nmethod 4897 0x0000022024998c10 code [0x0000022024998da0, 0x0000022024998eb8]
Event: 43.093 Thread 0x000002203e48cb20 4898       1       java.util.Collections$UnmodifiableCollection::size (10 bytes)
Event: 43.094 Thread 0x000002203e48cb20 nmethod 4898 0x0000022024998910 code [0x0000022024998aa0, 0x0000022024998b88]
Event: 43.154 Thread 0x000002203e48cb20 4899       1       java.util.concurrent.locks.AbstractQueuedSynchronizer$ConditionObject::canReacquire (28 bytes)
Event: 43.154 Thread 0x000002203e48cb20 nmethod 4899 0x0000022024998510 code [0x00000220249986a0, 0x00000220249987f8]
Event: 44.146 Thread 0x000002203e48cb20 4900       1       java.util.concurrent.locks.ReentrantLock$Sync::isHeldExclusively (16 bytes)
Event: 44.146 Thread 0x000002203e48cb20 nmethod 4900 0x0000022024998210 code [0x00000220249983a0, 0x0000022024998498]
Event: 49.259 Thread 0x000002203e48cb20 4901       1       java.io.ObjectInputStream$PeekInputStream::read (115 bytes)
Event: 49.259 Thread 0x000002203e48cb20 nmethod 4901 0x0000022024997c90 code [0x0000022024997e60, 0x00000220249980f8]

GC Heap History (20 events):
Event: 1.569 GC heap before
{Heap before GC invocations=4 (full 0):
 garbage-first heap   total 69632K, used 49141K [0x0000000601400000, 0x0000000800000000)
  region size 4096K, 12 young (49152K), 1 survivors (4096K)
 Metaspace       used 24894K, committed 25216K, reserved 1073152K
  class space    used 2935K, committed 3072K, reserved 1048576K
}
Event: 1.572 GC heap after
{Heap after GC invocations=5 (full 0):
 garbage-first heap   total 69632K, used 9391K [0x0000000601400000, 0x0000000800000000)
  region size 4096K, 1 young (4096K), 1 survivors (4096K)
 Metaspace       used 24894K, committed 25216K, reserved 1073152K
  class space    used 2935K, committed 3072K, reserved 1048576K
}
Event: 1.592 GC heap before
{Heap before GC invocations=5 (full 0):
 garbage-first heap   total 69632K, used 13487K [0x0000000601400000, 0x0000000800000000)
  region size 4096K, 2 young (8192K), 1 survivors (4096K)
 Metaspace       used 25143K, committed 25408K, reserved 1073152K
  class space    used 2998K, committed 3136K, reserved 1048576K
}
Event: 1.595 GC heap after
{Heap after GC invocations=6 (full 0):
 garbage-first heap   total 69632K, used 10658K [0x0000000601400000, 0x0000000800000000)
  region size 4096K, 1 young (4096K), 1 survivors (4096K)
 Metaspace       used 25143K, committed 25408K, reserved 1073152K
  class space    used 2998K, committed 3136K, reserved 1048576K
}
Event: 1.736 GC heap before
{Heap before GC invocations=6 (full 0):
 garbage-first heap   total 69632K, used 43426K [0x0000000601400000, 0x0000000800000000)
  region size 4096K, 10 young (40960K), 1 survivors (4096K)
 Metaspace       used 28651K, committed 28928K, reserved 1081344K
  class space    used 3412K, committed 3520K, reserved 1048576K
}
Event: 1.738 GC heap after
{Heap after GC invocations=7 (full 0):
 garbage-first heap   total 69632K, used 11127K [0x0000000601400000, 0x0000000800000000)
  region size 4096K, 1 young (4096K), 1 survivors (4096K)
 Metaspace       used 28651K, committed 28928K, reserved 1081344K
  class space    used 3412K, committed 3520K, reserved 1048576K
}
Event: 1.856 GC heap before
{Heap before GC invocations=7 (full 0):
 garbage-first heap   total 69632K, used 43895K [0x0000000601400000, 0x0000000800000000)
  region size 4096K, 10 young (40960K), 1 survivors (4096K)
 Metaspace       used 31964K, committed 32320K, reserved 1081344K
  class space    used 3803K, committed 3968K, reserved 1048576K
}
Event: 1.859 GC heap after
{Heap after GC invocations=8 (full 0):
 garbage-first heap   total 299008K, used 11578K [0x0000000601400000, 0x0000000800000000)
  region size 4096K, 1 young (4096K), 1 survivors (4096K)
 Metaspace       used 31964K, committed 32320K, reserved 1081344K
  class space    used 3803K, committed 3968K, reserved 1048576K
}
Event: 2.502 GC heap before
{Heap before GC invocations=8 (full 0):
 garbage-first heap   total 299008K, used 81210K [0x0000000601400000, 0x0000000800000000)
  region size 4096K, 19 young (77824K), 1 survivors (4096K)
 Metaspace       used 35874K, committed 36160K, reserved 1081344K
  class space    used 4390K, committed 4544K, reserved 1048576K
}
Event: 2.506 GC heap after
{Heap after GC invocations=9 (full 0):
 garbage-first heap   total 299008K, used 13723K [0x0000000601400000, 0x0000000800000000)
  region size 4096K, 2 young (8192K), 2 survivors (8192K)
 Metaspace       used 35874K, committed 36160K, reserved 1081344K
  class space    used 4390K, committed 4544K, reserved 1048576K
}
Event: 2.899 GC heap before
{Heap before GC invocations=10 (full 0):
 garbage-first heap   total 69632K, used 54683K [0x0000000601400000, 0x0000000800000000)
  region size 4096K, 13 young (53248K), 2 survivors (8192K)
 Metaspace       used 39618K, committed 39936K, reserved 1089536K
  class space    used 4968K, committed 5120K, reserved 1048576K
}
Event: 2.904 GC heap after
{Heap after GC invocations=11 (full 0):
 garbage-first heap   total 69632K, used 16040K [0x0000000601400000, 0x0000000800000000)
  region size 4096K, 2 young (8192K), 2 survivors (8192K)
 Metaspace       used 39618K, committed 39936K, reserved 1089536K
  class space    used 4968K, committed 5120K, reserved 1048576K
}
Event: 3.152 GC heap before
{Heap before GC invocations=11 (full 0):
 garbage-first heap   total 69632K, used 48808K [0x0000000601400000, 0x0000000800000000)
  region size 4096K, 10 young (40960K), 2 survivors (8192K)
 Metaspace       used 41713K, committed 42048K, reserved 1089536K
  class space    used 5198K, committed 5376K, reserved 1048576K
}
Event: 3.156 GC heap after
{Heap after GC invocations=12 (full 0):
 garbage-first heap   total 69632K, used 17276K [0x0000000601400000, 0x0000000800000000)
  region size 4096K, 1 young (4096K), 1 survivors (4096K)
 Metaspace       used 41713K, committed 42048K, reserved 1089536K
  class space    used 5198K, committed 5376K, reserved 1048576K
}
Event: 3.435 GC heap before
{Heap before GC invocations=12 (full 0):
 garbage-first heap   total 69632K, used 50044K [0x0000000601400000, 0x0000000800000000)
  region size 4096K, 9 young (36864K), 1 survivors (4096K)
 Metaspace       used 43797K, committed 44160K, reserved 1089536K
  class space    used 5495K, committed 5696K, reserved 1048576K
}
Event: 3.437 GC heap after
{Heap after GC invocations=13 (full 0):
 garbage-first heap   total 69632K, used 18865K [0x0000000601400000, 0x0000000800000000)
  region size 4096K, 2 young (8192K), 2 survivors (8192K)
 Metaspace       used 43797K, committed 44160K, reserved 1089536K
  class space    used 5495K, committed 5696K, reserved 1048576K
}
Event: 3.687 GC heap before
{Heap before GC invocations=13 (full 0):
 garbage-first heap   total 69632K, used 43441K [0x0000000601400000, 0x0000000800000000)
  region size 4096K, 9 young (36864K), 2 survivors (8192K)
 Metaspace       used 45799K, committed 46208K, reserved 1089536K
  class space    used 5725K, committed 5952K, reserved 1048576K
}
Event: 3.691 GC heap after
{Heap after GC invocations=14 (full 0):
 garbage-first heap   total 69632K, used 21187K [0x0000000601400000, 0x0000000800000000)
  region size 4096K, 2 young (8192K), 2 survivors (8192K)
 Metaspace       used 45799K, committed 46208K, reserved 1089536K
  class space    used 5725K, committed 5952K, reserved 1048576K
}
Event: 3.849 GC heap before
{Heap before GC invocations=14 (full 0):
 garbage-first heap   total 69632K, used 49859K [0x0000000601400000, 0x0000000800000000)
  region size 4096K, 9 young (36864K), 2 survivors (8192K)
 Metaspace       used 47485K, committed 47808K, reserved 1097728K
  class space    used 5918K, committed 6080K, reserved 1048576K
}
Event: 3.854 GC heap after
{Heap after GC invocations=15 (full 0):
 garbage-first heap   total 299008K, used 22992K [0x0000000601400000, 0x0000000800000000)
  region size 4096K, 2 young (8192K), 2 survivors (8192K)
 Metaspace       used 47485K, committed 47808K, reserved 1097728K
  class space    used 5918K, committed 6080K, reserved 1048576K
}

Deoptimization events (20 events):
Event: 8.017 Thread 0x0000022040a4f990 DEOPT PACKING pc=0x0000022024c8e94c sp=0x0000007f0eefc160
Event: 8.017 Thread 0x0000022040a4f990 DEOPT UNPACKING pc=0x0000022024572b43 sp=0x0000007f0eefb730 mode 1
Event: 8.071 Thread 0x0000022040a4f990 DEOPT PACKING pc=0x00000220248f7bdc sp=0x0000007f0eefc060
Event: 8.071 Thread 0x0000022040a4f990 DEOPT UNPACKING pc=0x0000022024572b43 sp=0x0000007f0eefb550 mode 1
Event: 8.073 Thread 0x0000022040a4f990 DEOPT PACKING pc=0x00000220248f7bdc sp=0x0000007f0eefc130
Event: 8.073 Thread 0x0000022040a4f990 DEOPT UNPACKING pc=0x0000022024572b43 sp=0x0000007f0eefb620 mode 1
Event: 8.073 Thread 0x0000022040a4f990 DEOPT PACKING pc=0x00000220248f7bdc sp=0x0000007f0eefc1f0
Event: 8.073 Thread 0x0000022040a4f990 DEOPT UNPACKING pc=0x0000022024572b43 sp=0x0000007f0eefb6e0 mode 1
Event: 8.080 Thread 0x0000022040a4f990 DEOPT PACKING pc=0x0000022024c941b4 sp=0x0000007f0eefaa40
Event: 8.080 Thread 0x0000022040a4f990 DEOPT UNPACKING pc=0x0000022024572b43 sp=0x0000007f0eef9f78 mode 1
Event: 8.080 Thread 0x0000022040a4f990 DEOPT PACKING pc=0x0000022024c950ec sp=0x0000007f0eefab30
Event: 8.080 Thread 0x0000022040a4f990 DEOPT UNPACKING pc=0x0000022024572b43 sp=0x0000007f0eefa0c8 mode 1
Event: 8.080 Thread 0x0000022040a4f990 DEOPT PACKING pc=0x0000022024c8e94c sp=0x0000007f0eefac80
Event: 8.080 Thread 0x0000022040a4f990 DEOPT UNPACKING pc=0x0000022024572b43 sp=0x0000007f0eefa250 mode 1
Event: 8.099 Thread 0x0000022040a4f990 DEOPT PACKING pc=0x0000022024c941b4 sp=0x0000007f0eefbaf0
Event: 8.099 Thread 0x0000022040a4f990 DEOPT UNPACKING pc=0x0000022024572b43 sp=0x0000007f0eefb028 mode 1
Event: 8.099 Thread 0x0000022040a4f990 DEOPT PACKING pc=0x0000022024c950ec sp=0x0000007f0eefbbe0
Event: 8.099 Thread 0x0000022040a4f990 DEOPT UNPACKING pc=0x0000022024572b43 sp=0x0000007f0eefb178 mode 1
Event: 8.099 Thread 0x0000022040a4f990 DEOPT PACKING pc=0x0000022024c8e94c sp=0x0000007f0eefbd30
Event: 8.099 Thread 0x0000022040a4f990 DEOPT UNPACKING pc=0x0000022024572b43 sp=0x0000007f0eefb300 mode 1

Classes unloaded (0 events):
No events

Classes redefined (1 events):
Event: 49.045 Thread 0x000002203d87ed00 redefined class name=com.gcu.data.PostDataAccessService, count=1

Internal exceptions (20 events):
Event: 3.714 Thread 0x000002203fe1d990 Exception <a 'java/lang/ClassNotFoundException'{0x000000060e92d018}: nz/net/ultraq/thymeleaf/layoutdialect/decorators/strategies/AppendingStrategyCustomizer> (0x000000060e92d018) 
thrown [e:\jenkins\tmp\workspace\build\src\src\hotspot\share\classfile\systemDictionary.cpp, line 256]
Event: 3.720 Thread 0x000002203fe1d990 Exception <a 'java/lang/ClassNotFoundException'{0x000000060e9b9e00}: nz/net/ultraq/thymeleaf/layoutdialect/LayoutDialectBeanInfo> (0x000000060e9b9e00) 
thrown [e:\jenkins\tmp\workspace\build\src\src\hotspot\share\classfile\systemDictionary.cpp, line 256]
Event: 3.721 Thread 0x000002203fe1d990 Exception <a 'java/lang/ClassNotFoundException'{0x000000060e9bfd08}: org/thymeleaf/dialect/AbstractProcessorDialectBeanInfo> (0x000000060e9bfd08) 
thrown [e:\jenkins\tmp\workspace\build\src\src\hotspot\share\classfile\systemDictionary.cpp, line 256]
Event: 3.722 Thread 0x000002203fe1d990 Exception <a 'java/lang/ClassNotFoundException'{0x000000060e9c5958}: org/thymeleaf/dialect/AbstractDialectBeanInfo> (0x000000060e9c5958) 
thrown [e:\jenkins\tmp\workspace\build\src\src\hotspot\share\classfile\systemDictionary.cpp, line 256]
Event: 3.722 Thread 0x000002203fe1d990 Exception <a 'java/lang/ClassNotFoundException'{0x000000060e9cb668}: org/thymeleaf/dialect/AbstractDialectCustomizer> (0x000000060e9cb668) 
thrown [e:\jenkins\tmp\workspace\build\src\src\hotspot\share\classfile\systemDictionary.cpp, line 256]
Event: 3.724 Thread 0x000002203fe1d990 Exception <a 'java/lang/ClassNotFoundException'{0x000000060e9d3a70}: org/thymeleaf/dialect/AbstractProcessorDialectCustomizer> (0x000000060e9d3a70) 
thrown [e:\jenkins\tmp\workspace\build\src\src\hotspot\share\classfile\systemDictionary.cpp, line 256]
Event: 3.725 Thread 0x000002203fe1d990 Exception <a 'java/lang/ClassNotFoundException'{0x000000060e9dd050}: nz/net/ultraq/thymeleaf/layoutdialect/LayoutDialectCustomizer> (0x000000060e9dd050) 
thrown [e:\jenkins\tmp\workspace\build\src\src\hotspot\share\classfile\systemDictionary.cpp, line 256]
Event: 3.949 Thread 0x000002203fe1d990 Exception <a 'java/lang/NoSuchMethodError'{0x0000000612fe1830}: 'java.lang.Object java.lang.invoke.DirectMethodHandle$Holder.invokeStaticInit(java.lang.Object, java.lang.Object, java.lang.Object, java.lang.Object)'> (0x0000000612fe1830) 
thrown [e:\jenkins\tmp\workspace\build\src\src\hotspot\share\interpreter\linkResolver.cpp, line 766]
Event: 3.968 Thread 0x000002203fe1d990 Exception <a 'java/lang/IncompatibleClassChangeError'{0x00000006129e7ef8}: Found class java.lang.Object, but interface was expected> (0x00000006129e7ef8) 
thrown [e:\jenkins\tmp\workspace\build\src\src\hotspot\share\interpreter\linkResolver.cpp, line 833]
Event: 3.985 Thread 0x000002203fe1d990 Exception <a 'java/lang/IncompatibleClassChangeError'{0x000000061241e7d0}: Found class java.lang.Object, but interface was expected> (0x000000061241e7d0) 
thrown [e:\jenkins\tmp\workspace\build\src\src\hotspot\share\interpreter\linkResolver.cpp, line 833]
Event: 4.095 Thread 0x000002203fe1d990 Exception <a 'java/lang/NoSuchMethodError'{0x00000006123cb840}: 'java.lang.Object java.lang.invoke.DirectMethodHandle$Holder.newInvokeSpecial(java.lang.Object, java.lang.Object, int, java.lang.Object, java.lang.Object)'> (0x00000006123cb840) 
thrown [e:\jenkins\tmp\workspace\build\src\src\hotspot\share\interpreter\linkResolver.cpp, line 766]
Event: 4.096 Thread 0x000002203fe1d990 Exception <a 'java/lang/NoSuchMethodError'{0x00000006123d7090}: 'java.lang.Object java.lang.invoke.DirectMethodHandle$Holder.invokeSpecial(java.lang.Object, java.lang.Object, int, java.lang.Object, int, java.lang.Object)'> (0x00000006123d7090) 
thrown [e:\jenkins\tmp\workspace\build\src\src\hotspot\share\interpreter\linkResolver.cpp, line 766]
Event: 4.096 Thread 0x000002203fe1d990 Exception <a 'java/lang/NoSuchMethodError'{0x00000006123df138}: 'java.lang.Object java.lang.invoke.DirectMethodHandle$Holder.newInvokeSpecial(java.lang.Object, java.lang.Object, int, java.lang.Object, int)'> (0x00000006123df138) 
thrown [e:\jenkins\tmp\workspace\build\src\src\hotspot\share\interpreter\linkResolver.cpp, line 766]
Event: 4.097 Thread 0x000002203fe1d990 Exception <a 'java/lang/NoSuchMethodError'{0x00000006123e3238}: 'java.lang.Object java.lang.invoke.DirectMethodHandle$Holder.invokeSpecial(java.lang.Object, java.lang.Object, java.lang.Object, int, java.lang.Object, int)'> (0x00000006123e3238) 
thrown [e:\jenkins\tmp\workspace\build\src\src\hotspot\share\interpreter\linkResolver.cpp, line 766]
Event: 4.098 Thread 0x000002203fe1d990 Exception <a 'java/lang/NoSuchMethodError'{0x00000006123f29c8}: 'void java.lang.invoke.DirectMethodHandle$Holder.invokeVirtual(java.lang.Object, java.lang.Object)'> (0x00000006123f29c8) 
thrown [e:\jenkins\tmp\workspace\build\src\src\hotspot\share\interpreter\linkResolver.cpp, line 766]
Event: 8.007 Thread 0x0000022040a4f990 Exception <a 'java/lang/NoSuchMethodError'{0x00000006104bae80}: 'void java.lang.invoke.DirectMethodHandle$Holder.invokeSpecial(java.lang.Object, java.lang.Object, java.lang.Object, java.lang.Object, java.lang.Object, java.lang.Object, java.lang.Object)'> (0x00000006104bae80) 
thrown [e:\jenkins\tmp\workspace\build\src\src\hotspot\share\interpreter\linkResolver.cpp, line 766]
Event: 8.071 Thread 0x0000022040a4f990 Exception <a 'java/lang/ClassNotFoundException'{0x0000000610187400}: com/sun/rowset/RowSetResourceBundle> (0x0000000610187400) 
thrown [e:\jenkins\tmp\workspace\build\src\src\hotspot\share\prims\jni.cpp, line 535]
Event: 8.073 Thread 0x0000022040a4f990 Exception <a 'java/lang/ClassNotFoundException'{0x000000061019e870}: com/sun/rowset/RowSetResourceBundle_en> (0x000000061019e870) 
thrown [e:\jenkins\tmp\workspace\build\src\src\hotspot\share\prims\jni.cpp, line 535]
Event: 8.073 Thread 0x0000022040a4f990 Exception <a 'java/lang/ClassNotFoundException'{0x000000061019f8b8}: com/sun/rowset/RowSetResourceBundle_en_US> (0x000000061019f8b8) 
thrown [e:\jenkins\tmp\workspace\build\src\src\hotspot\share\prims\jni.cpp, line 535]
Event: 15.869 Thread 0x0000022040a4f990 Exception <a 'java/lang/ClassCastException'{0x000000061035a458}: class java.time.LocalDateTime cannot be cast to class java.sql.Timestamp (java.time.LocalDateTime is in module java.base of loader 'bootstrap'; java.sql.Timestamp is in module java.sql of loader 'platform')> (0x000000061035a458) 
thrown [e:\jenkins\tmp\workspace\build\src\src\hotspot\share\interpreter\interpreterRuntime.cpp, line 444]

VM Operations (20 events):
Event: 49.024 Executing VM operation: RedefineClasses
Event: 49.054 Executing VM operation: RedefineClasses done
Event: 49.069 Executing VM operation: ChangeBreakpoints
Event: 49.070 Executing VM operation: ChangeBreakpoints done
Event: 49.079 Executing VM operation: ChangeBreakpoints
Event: 49.079 Executing VM operation: ChangeBreakpoints done
Event: 49.081 Executing VM operation: ChangeSingleStep
Event: 49.081 Executing VM operation: ChangeSingleStep done
Event: 49.081 Executing VM operation: get/set locals
Event: 49.081 Executing VM operation: get/set locals done
Event: 49.082 Executing VM operation: ChangeSingleStep
Event: 49.082 Executing VM operation: ChangeSingleStep done
Event: 49.083 Executing VM operation: GetObjectMonitorUsage
Event: 49.083 Executing VM operation: GetObjectMonitorUsage done
Event: 49.084 Executing VM operation: GetObjectMonitorUsage
Event: 49.084 Executing VM operation: GetObjectMonitorUsage done
Event: 49.088 Executing VM operation: GetObjectMonitorUsage
Event: 49.088 Executing VM operation: GetObjectMonitorUsage done
Event: 49.089 Executing VM operation: GetObjectMonitorUsage
Event: 49.089 Executing VM operation: GetObjectMonitorUsage done

Events (20 events):
Event: 7.992 loading class java/lang/InheritableThreadLocal done
Event: 8.068 loading class java/io/StreamCorruptedException
Event: 8.068 loading class java/io/StreamCorruptedException done
Event: 8.068 loading class java/io/OptionalDataException
Event: 8.068 loading class java/io/OptionalDataException done
Event: 8.069 loading class java/io/StringBufferInputStream
Event: 8.069 loading class java/io/StringBufferInputStream done
Event: 8.076 loading class javax/naming/NotContextException
Event: 8.076 loading class javax/naming/NotContextException done
Event: 8.085 loading class java/util/concurrent/atomic/AtomicReferenceFieldUpdater
Event: 8.085 loading class java/util/concurrent/atomic/AtomicReferenceFieldUpdater done
Event: 8.085 loading class java/util/concurrent/atomic/AtomicReferenceFieldUpdater$AtomicReferenceFieldUpdaterImpl
Event: 8.085 loading class java/util/concurrent/atomic/AtomicReferenceFieldUpdater$AtomicReferenceFieldUpdaterImpl done
Event: 8.085 loading class java/util/concurrent/atomic/AtomicReferenceFieldUpdater$AtomicReferenceFieldUpdaterImpl$1
Event: 8.086 loading class java/util/concurrent/atomic/AtomicReferenceFieldUpdater$AtomicReferenceFieldUpdaterImpl$1 done
Event: 8.093 loading class sun/nio/cs/ISO_8859_13$Holder
Event: 8.094 loading class sun/nio/cs/ISO_8859_13$Holder done
Event: 9.087 Thread 0x0000022040a50cd0 Thread exited: 0x0000022040a50cd0
Event: 16.982 loading class java/lang/Throwable$WrappedPrintStream
Event: 16.983 loading class java/lang/Throwable$WrappedPrintStream done


Dynamic libraries:
0x00007ff7c92c0000 - 0x00007ff7c92ce000 	C:\Users\donald\Downloads\sts-4.13.1.RELEASE\plugins\org.eclipse.justj.openjdk.hotspot.jre.full.win32.x86_64_17.0.1.v20211116-1657\jre\bin\javaw.exe
0x00007ffea93d0000 - 0x00007ffea95c5000 	C:\WINDOWS\SYSTEM32\ntdll.dll
0x00007ffea8490000 - 0x00007ffea854e000 	C:\WINDOWS\System32\KERNEL32.DLL
0x00007ffea6b60000 - 0x00007ffea6e28000 	C:\WINDOWS\System32\KERNELBASE.dll
0x00007ffea6fe0000 - 0x00007ffea70e0000 	C:\WINDOWS\System32\ucrtbase.dll
0x00007ffe9ca20000 - 0x00007ffe9ca39000 	C:\Users\donald\Downloads\sts-4.13.1.RELEASE\plugins\org.eclipse.justj.openjdk.hotspot.jre.full.win32.x86_64_17.0.1.v20211116-1657\jre\bin\VCRUNTIME140.dll
0x00007ffe9ca40000 - 0x00007ffe9ca58000 	C:\Users\donald\Downloads\sts-4.13.1.RELEASE\plugins\org.eclipse.justj.openjdk.hotspot.jre.full.win32.x86_64_17.0.1.v20211116-1657\jre\bin\jli.dll
0x00007ffea9060000 - 0x00007ffea9200000 	C:\WINDOWS\System32\USER32.dll
0x00007ffea7370000 - 0x00007ffea7392000 	C:\WINDOWS\System32\win32u.dll
0x00007ffea8ac0000 - 0x00007ffea8aeb000 	C:\WINDOWS\System32\GDI32.dll
0x00007ffea6ed0000 - 0x00007ffea6fdb000 	C:\WINDOWS\System32\gdi32full.dll
0x00007ffea6e30000 - 0x00007ffea6ecd000 	C:\WINDOWS\System32\msvcp_win.dll
0x00007ffe8d360000 - 0x00007ffe8d5fa000 	C:\WINDOWS\WinSxS\amd64_microsoft.windows.common-controls_6595b64144ccf1df_6.0.19041.1110_none_60b5254171f9507e\COMCTL32.dll
0x00007ffea7830000 - 0x00007ffea78ce000 	C:\WINDOWS\System32\msvcrt.dll
0x00007ffea9010000 - 0x00007ffea9040000 	C:\WINDOWS\System32\IMM32.DLL
0x00007ffea3010000 - 0x00007ffea301c000 	C:\Users\donald\Downloads\sts-4.13.1.RELEASE\plugins\org.eclipse.justj.openjdk.hotspot.jre.full.win32.x86_64_17.0.1.v20211116-1657\jre\bin\vcruntime140_1.dll
0x00007ffe77d90000 - 0x00007ffe77e21000 	C:\Users\donald\Downloads\sts-4.13.1.RELEASE\plugins\org.eclipse.justj.openjdk.hotspot.jre.full.win32.x86_64_17.0.1.v20211116-1657\jre\bin\msvcp140.dll
0x00007ffe420d0000 - 0x00007ffe42d16000 	C:\Users\donald\Downloads\sts-4.13.1.RELEASE\plugins\org.eclipse.justj.openjdk.hotspot.jre.full.win32.x86_64_17.0.1.v20211116-1657\jre\bin\server\jvm.dll
0x00007ffea83e0000 - 0x00007ffea848e000 	C:\WINDOWS\System32\ADVAPI32.dll
0x00007ffea7430000 - 0x00007ffea74cc000 	C:\WINDOWS\System32\sechost.dll
0x00007ffea8da0000 - 0x00007ffea8ec5000 	C:\WINDOWS\System32\RPCRT4.dll
0x00007ffea7b50000 - 0x00007ffea7b58000 	C:\WINDOWS\System32\PSAPI.DLL
0x00007ffe8f570000 - 0x00007ffe8f579000 	C:\WINDOWS\SYSTEM32\WSOCK32.dll
0x00007ffe9c7d0000 - 0x00007ffe9c7f7000 	C:\WINDOWS\SYSTEM32\WINMM.dll
0x00007ffea1a30000 - 0x00007ffea1a3a000 	C:\WINDOWS\SYSTEM32\VERSION.dll
0x00007ffea8fa0000 - 0x00007ffea900b000 	C:\WINDOWS\System32\WS2_32.dll
0x00007ffea48b0000 - 0x00007ffea48c2000 	C:\WINDOWS\SYSTEM32\kernel.appcore.dll
0x00007ffe9ca60000 - 0x00007ffe9ca6a000 	C:\Users\donald\Downloads\sts-4.13.1.RELEASE\plugins\org.eclipse.justj.openjdk.hotspot.jre.full.win32.x86_64_17.0.1.v20211116-1657\jre\bin\jimage.dll
0x00007ffe8ed10000 - 0x00007ffe8eef4000 	C:\WINDOWS\SYSTEM32\DBGHELP.DLL
0x00007ffe8ecd0000 - 0x00007ffe8ecfc000 	C:\WINDOWS\SYSTEM32\dbgcore.DLL
0x00007ffea73a0000 - 0x00007ffea7422000 	C:\WINDOWS\System32\bcryptPrimitives.dll
0x00007ffe77010000 - 0x00007ffe7704b000 	C:\Users\donald\Downloads\sts-4.13.1.RELEASE\plugins\org.eclipse.justj.openjdk.hotspot.jre.full.win32.x86_64_17.0.1.v20211116-1657\jre\bin\jdwp.dll
0x00007ffea3080000 - 0x00007ffea308e000 	C:\Users\donald\Downloads\sts-4.13.1.RELEASE\plugins\org.eclipse.justj.openjdk.hotspot.jre.full.win32.x86_64_17.0.1.v20211116-1657\jre\bin\instrument.dll
0x00007ffe98920000 - 0x00007ffe98945000 	C:\Users\donald\Downloads\sts-4.13.1.RELEASE\plugins\org.eclipse.justj.openjdk.hotspot.jre.full.win32.x86_64_17.0.1.v20211116-1657\jre\bin\java.dll
0x00007ffe9c630000 - 0x00007ffe9c648000 	C:\Users\donald\Downloads\sts-4.13.1.RELEASE\plugins\org.eclipse.justj.openjdk.hotspot.jre.full.win32.x86_64_17.0.1.v20211116-1657\jre\bin\zip.dll
0x00007ffea7c10000 - 0x00007ffea8354000 	C:\WINDOWS\System32\SHELL32.dll
0x00007ffea4ab0000 - 0x00007ffea5244000 	C:\WINDOWS\SYSTEM32\windows.storage.dll
0x00007ffea74d0000 - 0x00007ffea7824000 	C:\WINDOWS\System32\combase.dll
0x00007ffea6470000 - 0x00007ffea649c000 	C:\WINDOWS\SYSTEM32\Wldp.dll
0x00007ffea8cf0000 - 0x00007ffea8d9d000 	C:\WINDOWS\System32\SHCORE.dll
0x00007ffea8560000 - 0x00007ffea85b5000 	C:\WINDOWS\System32\shlwapi.dll
0x00007ffea6a30000 - 0x00007ffea6a4f000 	C:\WINDOWS\SYSTEM32\profapi.dll
0x00007ffe9c700000 - 0x00007ffe9c70c000 	C:\Users\donald\Downloads\sts-4.13.1.RELEASE\plugins\org.eclipse.justj.openjdk.hotspot.jre.full.win32.x86_64_17.0.1.v20211116-1657\jre\bin\dt_socket.dll
0x00007ffea5f10000 - 0x00007ffea5f4b000 	C:\WINDOWS\SYSTEM32\IPHLPAPI.DLL
0x00007ffea6250000 - 0x00007ffea62ba000 	C:\WINDOWS\system32\mswsock.dll
0x00007ffea5f50000 - 0x00007ffea601a000 	C:\WINDOWS\SYSTEM32\DNSAPI.dll
0x00007ffea7ae0000 - 0x00007ffea7ae8000 	C:\WINDOWS\System32\NSI.dll
0x00007ffe9da30000 - 0x00007ffe9da3a000 	C:\Windows\System32\rasadhlp.dll
0x00007ffe9da40000 - 0x00007ffe9dabf000 	C:\WINDOWS\System32\fwpuclnt.dll
0x00007ffea7340000 - 0x00007ffea7367000 	C:\WINDOWS\System32\bcrypt.dll
0x00007ffe98900000 - 0x00007ffe98919000 	C:\Users\donald\Downloads\sts-4.13.1.RELEASE\plugins\org.eclipse.justj.openjdk.hotspot.jre.full.win32.x86_64_17.0.1.v20211116-1657\jre\bin\net.dll
0x00007ffea5b00000 - 0x00007ffea5c09000 	C:\WINDOWS\SYSTEM32\WINHTTP.dll
0x00007ffe96fe0000 - 0x00007ffe96ff5000 	C:\Users\donald\Downloads\sts-4.13.1.RELEASE\plugins\org.eclipse.justj.openjdk.hotspot.jre.full.win32.x86_64_17.0.1.v20211116-1657\jre\bin\nio.dll
0x00007ffe9c6f0000 - 0x00007ffe9c6f9000 	C:\Users\donald\Downloads\sts-4.13.1.RELEASE\plugins\org.eclipse.justj.openjdk.hotspot.jre.full.win32.x86_64_17.0.1.v20211116-1657\jre\bin\management.dll
0x00007ffe9c650000 - 0x00007ffe9c65b000 	C:\Users\donald\Downloads\sts-4.13.1.RELEASE\plugins\org.eclipse.justj.openjdk.hotspot.jre.full.win32.x86_64_17.0.1.v20211116-1657\jre\bin\management_ext.dll
0x00007ffe90ac0000 - 0x00007ffe90ad7000 	C:\WINDOWS\system32\napinsp.dll
0x00007ffe909f0000 - 0x00007ffe90a0b000 	C:\WINDOWS\system32\pnrpnsp.dll
0x00007ffe8f6b0000 - 0x00007ffe8f6c5000 	C:\WINDOWS\system32\wshbth.dll
0x00007ffea3dd0000 - 0x00007ffea3ded000 	C:\WINDOWS\system32\NLAapi.dll
0x00007ffe8f690000 - 0x00007ffe8f6a2000 	C:\WINDOWS\System32\winrnr.dll
0x00007ffea64b0000 - 0x00007ffea64c8000 	C:\WINDOWS\SYSTEM32\CRYPTSP.dll
0x00007ffea5a70000 - 0x00007ffea5aa4000 	C:\WINDOWS\system32\rsaenh.dll
0x00007ffea69b0000 - 0x00007ffea69de000 	C:\WINDOWS\SYSTEM32\USERENV.dll
0x00007ffea63e0000 - 0x00007ffea63ec000 	C:\WINDOWS\SYSTEM32\CRYPTBASE.dll
0x00007ffea0a90000 - 0x00007ffea0aa7000 	C:\WINDOWS\SYSTEM32\dhcpcsvc6.DLL
0x00007ffea0a70000 - 0x00007ffea0a8d000 	C:\WINDOWS\SYSTEM32\dhcpcsvc.DLL
0x00007ffea3020000 - 0x00007ffea3030000 	C:\Users\donald\Downloads\sts-4.13.1.RELEASE\plugins\org.eclipse.justj.openjdk.hotspot.jre.full.win32.x86_64_17.0.1.v20211116-1657\jre\bin\verify.dll
0x00007ffe96ef0000 - 0x00007ffe96efe000 	C:\Users\donald\Downloads\sts-4.13.1.RELEASE\plugins\org.eclipse.justj.openjdk.hotspot.jre.full.win32.x86_64_17.0.1.v20211116-1657\jre\bin\sunmscapi.dll
0x00007ffea70e0000 - 0x00007ffea7236000 	C:\WINDOWS\System32\CRYPT32.dll
0x00007ffea65c0000 - 0x00007ffea65e7000 	C:\WINDOWS\SYSTEM32\ncrypt.dll
0x00007ffea6580000 - 0x00007ffea65bb000 	C:\WINDOWS\SYSTEM32\NTASN1.dll
0x00007ffe9c5d0000 - 0x00007ffe9c5d7000 	C:\WINDOWS\system32\wshunix.dll

dbghelp: loaded successfully - version: 4.0.5 - missing functions: none
symbol engine: initialized successfully - sym options: 0x614 - pdb path: .;C:\Users\donald\Downloads\sts-4.13.1.RELEASE\plugins\org.eclipse.justj.openjdk.hotspot.jre.full.win32.x86_64_17.0.1.v20211116-1657\jre\bin;C:\WINDOWS\SYSTEM32;C:\WINDOWS\WinSxS\amd64_microsoft.windows.common-controls_6595b64144ccf1df_6.0.19041.1110_none_60b5254171f9507e;C:\Users\donald\Downloads\sts-4.13.1.RELEASE\plugins\org.eclipse.justj.openjdk.hotspot.jre.full.win32.x86_64_17.0.1.v20211116-1657\jre\bin\server

VM Arguments:
jvm_args: -XX:+ShowCodeDetailsInExceptionMessages -agentlib:jdwp=transport=dt_socket,suspend=y,address=localhost:57410 -Dcom.sun.management.jmxremote -Dcom.sun.management.jmxremote.port=57409 -Dcom.sun.management.jmxremote.authenticate=false -Dcom.sun.management.jmxremote.ssl=false -Djava.rmi.server.hostname=localhost -Dspring.jmx.enabled=true -Dspring.application.admin.enabled=true -XX:TieredStopAtLevel=1 -Dspring.boot.project.name=CST339 -javaagent:C:\Users\donald\Downloads\sts-4.13.1.RELEASE\configuration\org.eclipse.osgi\262\0\.cp\lib\javaagent-shaded.jar -Dfile.encoding=UTF-8 
java_command: com.gcu.ClcProjectApplication --spring.output.ansi.enabled=always
java_class_path (initial): C:\Users\donald\Documents\workspaceCST-339\CST339\target\classes;C:\Users\donald\.m2\repository\org\springframework\boot\spring-boot-starter-thymeleaf\2.6.4\spring-boot-starter-thymeleaf-2.6.4.jar;C:\Users\donald\.m2\repository\org\springframework\boot\spring-boot-starter\2.6.4\spring-boot-starter-2.6.4.jar;C:\Users\donald\.m2\repository\org\springframework\boot\spring-boot-starter-logging\2.6.4\spring-boot-starter-logging-2.6.4.jar;C:\Users\donald\.m2\repository\ch\qos\logback\logback-classic\1.2.10\logback-classic-1.2.10.jar;C:\Users\donald\.m2\repository\ch\qos\logback\logback-core\1.2.10\logback-core-1.2.10.jar;C:\Users\donald\.m2\repository\org\apache\logging\log4j\log4j-to-slf4j\2.17.1\log4j-to-slf4j-2.17.1.jar;C:\Users\donald\.m2\repository\org\apache\logging\log4j\log4j-api\2.17.1\log4j-api-2.17.1.jar;C:\Users\donald\.m2\repository\org\slf4j\jul-to-slf4j\1.7.36\jul-to-slf4j-1.7.36.jar;C:\Users\donald\.m2\repository\jakarta\annotation\jakarta.annotation-api\1.3.5\jakarta.annotation-api-1.3.5.jar;C:\Users\donald\.m2\repository\org\yaml\snakeyaml\1.29\snakeyaml-1.29.jar;C:\Users\donald\.m2\repository\org\thymeleaf\thymeleaf-spring5\3.0.15.RELEASE\thymeleaf-spring5-3.0.15.RELEASE.jar;C:\Users\donald\.m2\repository\org\slf4j\slf4j-api\1.7.36\slf4j-api-1.7.36.jar;C:\Users\donald\.m2\repository\org\thymeleaf\extras\thymeleaf-extras-java8time\3.0.4.RELEASE\thymeleaf-extras-java8time-3.0.4.RELEASE.jar;C:\Users\donald\.m2\repository\org\springframework\boot\spring-boot-starter-web\2.6.4\spring-boot-starter-web-2.6.4.jar;C:\Users\donald\.m2\repository\org\springframework\boot\spring-boot-starter-json\2.6.4\spring-boot-starter-json-2.6.4.jar;C:\Users\donald\.m2\repository\com\fasterxml\jackson\core\jackson-databind\2.13.1\jackson-databind-2.13.1.jar;C:\Users\donald\.m2\repository\com\fasterxml\jackson\core\jackson-annotations\2.13.1\jackson-annotations-2.13.1.jar;C:\Users\donald\.m2\repository\com\fasterxml\jackson\core\jackson-core\2.13.1\j
Launcher Type: SUN_STANDARD

[Global flags]
     intx CICompilerCount                          = 4                                         {product} {ergonomic}
     uint ConcGCThreads                            = 2                                         {product} {ergonomic}
     uint G1ConcRefinementThreads                  = 8                                         {product} {ergonomic}
   size_t G1HeapRegionSize                         = 4194304                                   {product} {ergonomic}
    uintx GCDrainStackTargetSize                   = 64                                        {product} {ergonomic}
   size_t InitialHeapSize                          = 536870912                                 {product} {ergonomic}
     bool ManagementServer                         = true                                      {product} {command line}
   size_t MarkStackSize                            = 4194304                                   {product} {ergonomic}
   size_t MaxHeapSize                              = 8568963072                                {product} {ergonomic}
   size_t MaxNewSize                               = 5138022400                                {product} {ergonomic}
   size_t MinHeapDeltaBytes                        = 4194304                                   {product} {ergonomic}
   size_t MinHeapSize                              = 8388608                                   {product} {ergonomic}
    uintx NonProfiledCodeHeapSize                  = 0                                      {pd product} {ergonomic}
     bool ProfileInterpreter                       = false                                  {pd product} {command line}
    uintx ProfiledCodeHeapSize                     = 0                                      {pd product} {ergonomic}
     bool ShowCodeDetailsInExceptionMessages       = true                                   {manageable} {command line}
   size_t SoftMaxHeapSize                          = 8568963072                             {manageable} {ergonomic}
     intx TieredStopAtLevel                        = 1                                         {product} {command line}
     bool UseCompressedClassPointers               = true                           {product lp64_product} {ergonomic}
     bool UseCompressedOops                        = true                           {product lp64_product} {ergonomic}
     bool UseG1GC                                  = true                                      {product} {ergonomic}
     bool UseLargePagesIndividualAllocation        = false                                  {pd product} {ergonomic}

Logging:
Log output configuration:
 #0: stdout all=warning uptime,level,tags
 #1: stderr all=off uptime,level,tags

Environment Variables:
JAVA_HOME=C:\Program Files\Java\jdk1.8.0_321
PATH=C:\Users\donald\Downloads\sts-4.13.1.RELEASE\plugins\org.eclipse.justj.openjdk.hotspot.jre.full.win32.x86_64_17.0.1.v20211116-1657\jre\bin;C:/Users/donald/Downloads/sts-4.13.1.RELEASE//plugins/org.eclipse.justj.openjdk.hotspot.jre.full.win32.x86_64_17.0.1.v20211116-1657/jre/bin/server;C:/Users/donald/Downloads/sts-4.13.1.RELEASE//plugins/org.eclipse.justj.openjdk.hotspot.jre.full.win32.x86_64_17.0.1.v20211116-1657/jre/bin;C:\Program Files (x86)\Common Files\Oracle\Java\javapath;C:\WINDOWS\system32;C:\WINDOWS;C:\WINDOWS\System32\Wbem;C:\WINDOWS\System32\WindowsPowerShell\v1.0\;C:\WINDOWS\System32\OpenSSH\;C:\Program Files\Azure Data Studio\bin;C:\Program Files (x86)\Microsoft SQL Server\150\DTS\Binn\;C:\Program Files\Microsoft SQL Server\Client SDK\ODBC\170\Tools\Binn\;C:\Program Files (x86)\Microsoft SQL Server\150\Tools\Binn\;C:\Program Files\Microsoft SQL Server\150\Tools\Binn\;C:\Program Files\Microsoft SQL Server\150\DTS\Binn\;C:\Program Files\Microsoft SQL Server\Client SDK\ODBC\110\Tools\Binn\;C:\Program Files (x86)\Microsoft SQL Server\110\DTS\Binn\;C:\Program Files (x86)\Microsoft SQL Server\120\DTS\Binn\;C:\Program Files (x86)\Microsoft SQL Server\130\DTS\Binn\;C:\Program Files (x86)\Microsoft SQL Server\140\DTS\Binn\;C:\Program Files\dotnet\;C:\Program Files\Microsoft SQL Server\130\Tools\Binn\;C:\ProgramData\chocolatey\bin;C:\Program Files\Docker\Docker\resources\bin;C:\ProgramData\DockerDesktop\version-bin;C:\Program Files\Amazon\AWSCLIV2\;C:\_admin\apache-maven-3.8.4-bin\apache-maven-3.8.4\bin;C:\Users\donald\AppData\Local\Microsoft\WindowsApps;C:\Users\donald\AppData\Local\Programs\Microsoft VS Code\bin;C:\Users\donald\.dotnet\tools;C:\MAMP\bin\php\php7.2.18;C:\Users\donald\AppData\Local\ComposerSetup\bin;C:\Users\donald\AppData\Roaming\Composer\vendor\bin;C:\Program Files\heroku\bin;;C:\Users\donald\Downloads\sts-4.13.1.RELEASE;
USERNAME=donald
OS=Windows_NT
PROCESSOR_IDENTIFIER=Intel64 Family 6 Model 158 Stepping 9, GenuineIntel



---------------  S Y S T E M  ---------------

OS:
 Windows 10 , 64 bit Build 19041 (10.0.19041.1566)
OS uptime: 4 days 1:12 hours
Hyper-V role detected

CPU: total 8 (initial active 8) (4 cores per cpu, 2 threads per core) family 6 model 158 stepping 9 microcode 0xb4, cx8, cmov, fxsr, ht, mmx, 3dnowpref, sse, sse2, sse3, ssse3, sse4.1, sse4.2, popcnt, lzcnt, tsc, tscinvbit, avx, avx2, aes, erms, clmul, bmi1, bmi2, adx, fma, vzeroupper, clflush, clflushopt, hv

Memory: 4k page, system-wide physical 32686M (8764M free)
TotalPageFile size 40662M (AvailPageFile size 4460M)
current process WorkingSet (physical memory assigned to process): 237M, peak: 237M
current process commit charge ("private bytes"): 460M, peak: 633M

vm_info: OpenJDK 64-Bit Server VM (17.0.1+12) for windows-amd64 JRE (17.0.1+12), built on Oct 20 2021 07:42:55 by "" with MS VC++ 16.7 (VS2019)

END.
